2025-09-21T00:00:39.0110197+03:00  [INF] User profile is available. Using '"C:\Users\Lenovo\AppData\Local\ASP.NET\DataProtection-Keys"' as key repository and Windows DPAPI to encrypt keys at rest. (7ac5e29c)
2025-09-21T00:00:39.8927986+03:00  [INF] Now listening on: "https://localhost:7287" (d826f4b8)
2025-09-21T00:00:39.8929808+03:00  [INF] Now listening on: "http://localhost:5151" (d826f4b8)
2025-09-21T00:00:39.9216854+03:00  [INF] Application started. Press Ctrl+C to shut down. (dcaefe54)
2025-09-21T00:00:39.9221254+03:00  [INF] Hosting environment: "Development" (bc5a1a4e)
2025-09-21T00:00:39.9222501+03:00  [INF] Content root path: "C:\Users\Lenovo\OneDrive\Masaüstü\Yazılım\C# Programlama\Traversal Rezervasyon\Traversal Rezervasyon" (cc26f24e)
2025-09-21T00:00:40.6089054+03:00 0HNFOH30OFCTL:00000001 [INF] Request starting "HTTP/2" "GET" "https"://"localhost:7287""""/Admin/Guide/Index""" - null null (d509f86a)
2025-09-21T00:00:40.9626926+03:00 0HNFOH30OFCTL:00000001 [INF] Executing endpoint '"Traversal_Rezervasyon.Areas.Admin.Controllers.GuideController.Index (Traversal Rezervasyon)"' (500cc934)
2025-09-21T00:00:40.9765025+03:00 0HNFOH30OFCTL:00000001 [INF] Route matched with "{area = \"Admin\", action = \"Index\", controller = \"Guide\"}". Executing controller action with signature "Microsoft.AspNetCore.Mvc.IActionResult Index()" on controller "Traversal_Rezervasyon.Areas.Admin.Controllers.GuideController" ("Traversal Rezervasyon"). (122b2fdf)
2025-09-21T00:00:40.9863486+03:00 0HNFOH30OFCTL:00000001 [INF] Index Sayfasına Yönlendirildi (ee529489)
2025-09-21T00:00:42.1819229+03:00 0HNFOH30OFCTL:00000001 [INF] Executing ViewResult, running view "Index". (c83d0e25)
2025-09-21T00:00:42.2552108+03:00 0HNFOH30OFCTL:00000001 [INF] Executed ViewResult - view "Index" executed in 75.2501ms. (f66409e9)
2025-09-21T00:00:42.2569278+03:00 0HNFOH30OFCTL:00000001 [INF] Executed action "Traversal_Rezervasyon.Areas.Admin.Controllers.GuideController.Index (Traversal Rezervasyon)" in 1279.9007ms (afa2e885)
2025-09-21T00:00:42.2572055+03:00 0HNFOH30OFCTL:00000001 [INF] Executed endpoint '"Traversal_Rezervasyon.Areas.Admin.Controllers.GuideController.Index (Traversal Rezervasyon)"' (99874f2b)
2025-09-21T00:00:42.2606460+03:00 0HNFOH30OFCTL:00000001 [INF] Request finished "HTTP/2" "GET" "https"://"localhost:7287""""/Admin/Guide/Index""" - 200 null "text/html; charset=utf-8" 1653.0303ms (74253ad3)
2025-09-21T00:00:42.4100097+03:00 0HNFOH30OFCTL:00000003 [INF] Request starting "HTTP/2" "GET" "https"://"localhost:7287""""/sneat-1.0.0/assets/vendor/fonts/boxicons.css""" - null null (d509f86a)
2025-09-21T00:00:42.4100095+03:00 0HNFOH30OFCTL:00000005 [INF] Request starting "HTTP/2" "GET" "https"://"localhost:7287""""/sneat-1.0.0/assets/vendor/css/core.css""" - null null (d509f86a)
2025-09-21T00:00:42.4100559+03:00 0HNFOH30OFCTL:00000007 [INF] Request starting "HTTP/2" "GET" "https"://"localhost:7287""""/sneat-1.0.0/assets/vendor/css/theme-default.css""" - null null (d509f86a)
2025-09-21T00:00:42.4106241+03:00 0HNFOH30OFCTL:00000009 [INF] Request starting "HTTP/2" "GET" "https"://"localhost:7287""""/sneat-1.0.0/assets/css/demo.css""" - null null (d509f86a)
2025-09-21T00:00:42.4111600+03:00 0HNFOH30OFCTL:0000000B [INF] Request starting "HTTP/2" "GET" "https"://"localhost:7287""""/sneat-1.0.0/assets/vendor/libs/perfect-scrollbar/perfect-scrollbar.css""" - null null (d509f86a)
2025-09-21T00:00:42.4119167+03:00 0HNFOH30OFCTL:0000000D [INF] Request starting "HTTP/2" "GET" "https"://"localhost:7287""""/sneat-1.0.0/assets/vendor/libs/apex-charts/apex-charts.css""" - null null (d509f86a)
2025-09-21T00:00:42.4123850+03:00 0HNFOH30OFCTL:0000000F [INF] Request starting "HTTP/2" "GET" "https"://"localhost:7287""""/sneat-1.0.0/assets/vendor/js/helpers.js""" - null null (d509f86a)
2025-09-21T00:00:42.4130174+03:00 0HNFOH30OFCTL:00000011 [INF] Request starting "HTTP/2" "GET" "https"://"localhost:7287""""/sneat-1.0.0/assets/js/config.js""" - null null (d509f86a)
2025-09-21T00:00:42.4135717+03:00 0HNFOH30OFCTL:00000013 [INF] Request starting "HTTP/2" "GET" "https"://"localhost:7287""""/sneat-1.0.0/assets/img/avatars/1.png""" - null null (d509f86a)
2025-09-21T00:00:42.4141289+03:00 0HNFOH30OFCTL:00000015 [INF] Request starting "HTTP/2" "GET" "https"://"localhost:7287""""/sneat-1.0.0/assets/vendor/libs/jquery/jquery.js""" - null null (d509f86a)
2025-09-21T00:00:42.4274846+03:00 0HNFOH30OFCTL:00000015 [INF] Executing endpoint '"Microsoft.AspNetCore.Routing.RouteEndpoint"' (500cc934)
2025-09-21T00:00:42.4274846+03:00 0HNFOH30OFCTL:00000011 [INF] Executing endpoint '"Microsoft.AspNetCore.Routing.RouteEndpoint"' (500cc934)
2025-09-21T00:00:42.4274861+03:00 0HNFOH30OFCTL:00000009 [INF] Executing endpoint '"Microsoft.AspNetCore.Routing.RouteEndpoint"' (500cc934)
2025-09-21T00:00:42.4274846+03:00 0HNFOH30OFCTL:00000007 [INF] Executing endpoint '"Microsoft.AspNetCore.Routing.RouteEndpoint"' (500cc934)
2025-09-21T00:00:42.4274846+03:00 0HNFOH30OFCTL:00000005 [INF] Executing endpoint '"Microsoft.AspNetCore.Routing.RouteEndpoint"' (500cc934)
2025-09-21T00:00:42.4274851+03:00 0HNFOH30OFCTL:00000003 [INF] Executing endpoint '"Microsoft.AspNetCore.Routing.RouteEndpoint"' (500cc934)
2025-09-21T00:00:42.4274847+03:00 0HNFOH30OFCTL:0000000D [INF] Executing endpoint '"Microsoft.AspNetCore.Routing.RouteEndpoint"' (500cc934)
2025-09-21T00:00:42.4274846+03:00 0HNFOH30OFCTL:00000013 [INF] Executing endpoint '"Microsoft.AspNetCore.Routing.RouteEndpoint"' (500cc934)
2025-09-21T00:00:42.4274843+03:00 0HNFOH30OFCTL:0000000B [INF] Executing endpoint '"Microsoft.AspNetCore.Routing.RouteEndpoint"' (500cc934)
2025-09-21T00:00:42.4276170+03:00 0HNFOH30OFCTL:0000000F [INF] Executing endpoint '"Microsoft.AspNetCore.Routing.RouteEndpoint"' (500cc934)
2025-09-21T00:00:42.4327499+03:00 0HNFOH30OFCTL:0000000D [INF] The file "sneat-1.0.0/assets/vendor/libs/apex-charts/apex-charts.css" was not modified (f1f8d725)
2025-09-21T00:00:42.4327498+03:00 0HNFOH30OFCTL:00000007 [INF] The file "sneat-1.0.0/assets/vendor/css/theme-default.css" was not modified (f1f8d725)
2025-09-21T00:00:42.4327534+03:00 0HNFOH30OFCTL:00000003 [INF] The file "sneat-1.0.0/assets/vendor/fonts/boxicons.css" was not modified (f1f8d725)
2025-09-21T00:00:42.4327528+03:00 0HNFOH30OFCTL:00000011 [INF] The file "sneat-1.0.0/assets/js/config.js" was not modified (f1f8d725)
2025-09-21T00:00:42.4327523+03:00 0HNFOH30OFCTL:00000015 [INF] The file "sneat-1.0.0/assets/vendor/libs/jquery/jquery.js" was not modified (f1f8d725)
2025-09-21T00:00:42.4327533+03:00 0HNFOH30OFCTL:0000000F [INF] The file "sneat-1.0.0/assets/vendor/js/helpers.js" was not modified (f1f8d725)
2025-09-21T00:00:42.4328026+03:00 0HNFOH30OFCTL:00000009 [INF] The file "sneat-1.0.0/assets/css/demo.css" was not modified (f1f8d725)
2025-09-21T00:00:42.4327550+03:00 0HNFOH30OFCTL:00000005 [INF] The file "sneat-1.0.0/assets/vendor/css/core.css" was not modified (f1f8d725)
2025-09-21T00:00:42.4327498+03:00 0HNFOH30OFCTL:0000000B [INF] The file "sneat-1.0.0/assets/vendor/libs/perfect-scrollbar/perfect-scrollbar.css" was not modified (f1f8d725)
2025-09-21T00:00:42.4327555+03:00 0HNFOH30OFCTL:00000013 [INF] The file "sneat-1.0.0/assets/img/avatars/1.png" was not modified (f1f8d725)
2025-09-21T00:00:42.4337936+03:00 0HNFOH30OFCTL:00000003 [INF] Executed endpoint '"Microsoft.AspNetCore.Routing.RouteEndpoint"' (99874f2b)
2025-09-21T00:00:42.4337936+03:00 0HNFOH30OFCTL:00000005 [INF] Executed endpoint '"Microsoft.AspNetCore.Routing.RouteEndpoint"' (99874f2b)
2025-09-21T00:00:42.4337935+03:00 0HNFOH30OFCTL:00000015 [INF] Executed endpoint '"Microsoft.AspNetCore.Routing.RouteEndpoint"' (99874f2b)
2025-09-21T00:00:42.4337937+03:00 0HNFOH30OFCTL:0000000B [INF] Executed endpoint '"Microsoft.AspNetCore.Routing.RouteEndpoint"' (99874f2b)
2025-09-21T00:00:42.4337937+03:00 0HNFOH30OFCTL:00000007 [INF] Executed endpoint '"Microsoft.AspNetCore.Routing.RouteEndpoint"' (99874f2b)
2025-09-21T00:00:42.4337937+03:00 0HNFOH30OFCTL:0000000F [INF] Executed endpoint '"Microsoft.AspNetCore.Routing.RouteEndpoint"' (99874f2b)
2025-09-21T00:00:42.4337936+03:00 0HNFOH30OFCTL:00000013 [INF] Executed endpoint '"Microsoft.AspNetCore.Routing.RouteEndpoint"' (99874f2b)
2025-09-21T00:00:42.4337937+03:00 0HNFOH30OFCTL:0000000D [INF] Executed endpoint '"Microsoft.AspNetCore.Routing.RouteEndpoint"' (99874f2b)
2025-09-21T00:00:42.4341404+03:00 0HNFOH30OFCTL:00000009 [INF] Executed endpoint '"Microsoft.AspNetCore.Routing.RouteEndpoint"' (99874f2b)
2025-09-21T00:00:42.4337936+03:00 0HNFOH30OFCTL:00000011 [INF] Executed endpoint '"Microsoft.AspNetCore.Routing.RouteEndpoint"' (99874f2b)
2025-09-21T00:00:42.4343252+03:00 0HNFOH30OFCTL:0000000B [INF] Request finished "HTTP/2" "GET" "https"://"localhost:7287""""/sneat-1.0.0/assets/vendor/libs/perfect-scrollbar/perfect-scrollbar.css""" - 304 null "text/css" 23.1297ms (74253ad3)
2025-09-21T00:00:42.4343253+03:00 0HNFOH30OFCTL:0000000D [INF] Request finished "HTTP/2" "GET" "https"://"localhost:7287""""/sneat-1.0.0/assets/vendor/libs/apex-charts/apex-charts.css""" - 304 null "text/css" 22.3826ms (74253ad3)
2025-09-21T00:00:42.4343281+03:00 0HNFOH30OFCTL:00000007 [INF] Request finished "HTTP/2" "GET" "https"://"localhost:7287""""/sneat-1.0.0/assets/vendor/css/theme-default.css""" - 304 null "text/css" 24.3479ms (74253ad3)
2025-09-21T00:00:42.4343313+03:00 0HNFOH30OFCTL:0000000F [INF] Request finished "HTTP/2" "GET" "https"://"localhost:7287""""/sneat-1.0.0/assets/vendor/js/helpers.js""" - 304 null "text/javascript" 21.8859ms (74253ad3)
2025-09-21T00:00:42.4343330+03:00 0HNFOH30OFCTL:00000003 [INF] Request finished "HTTP/2" "GET" "https"://"localhost:7287""""/sneat-1.0.0/assets/vendor/fonts/boxicons.css""" - 304 null "text/css" 24.3344ms (74253ad3)
2025-09-21T00:00:42.4343483+03:00 0HNFOH30OFCTL:00000011 [INF] Request finished "HTTP/2" "GET" "https"://"localhost:7287""""/sneat-1.0.0/assets/js/config.js""" - 304 null "text/javascript" 21.3499ms (74253ad3)
2025-09-21T00:00:42.4343480+03:00 0HNFOH30OFCTL:00000009 [INF] Request finished "HTTP/2" "GET" "https"://"localhost:7287""""/sneat-1.0.0/assets/css/demo.css""" - 304 null "text/css" 23.6501ms (74253ad3)
2025-09-21T00:00:42.4344607+03:00 0HNFOH30OFCTL:00000005 [INF] Request finished "HTTP/2" "GET" "https"://"localhost:7287""""/sneat-1.0.0/assets/vendor/css/core.css""" - 304 null "text/css" 24.5514ms (74253ad3)
2025-09-21T00:00:42.4344668+03:00 0HNFOH30OFCTL:00000015 [INF] Request finished "HTTP/2" "GET" "https"://"localhost:7287""""/sneat-1.0.0/assets/vendor/libs/jquery/jquery.js""" - 304 null "text/javascript" 20.3374ms (74253ad3)
2025-09-21T00:00:42.4344669+03:00 0HNFOH30OFCTL:00000013 [INF] Request finished "HTTP/2" "GET" "https"://"localhost:7287""""/sneat-1.0.0/assets/img/avatars/1.png""" - 304 null "image/png" 20.932ms (74253ad3)
2025-09-21T00:00:42.4521514+03:00 0HNFOH30OFCTL:00000017 [INF] Request starting "HTTP/2" "GET" "https"://"localhost:7287""""/sneat-1.0.0/assets/vendor/libs/popper/popper.js""" - null null (d509f86a)
2025-09-21T00:00:42.4666830+03:00 0HNFOH30OFCTL:00000019 [INF] Request starting "HTTP/2" "GET" "https"://"localhost:7287""""/sneat-1.0.0/assets/vendor/js/bootstrap.js""" - null null (d509f86a)
2025-09-21T00:00:42.4768954+03:00 0HNFOH30OFCTL:0000001B [INF] Request starting "HTTP/2" "GET" "https"://"localhost:7287""""/sneat-1.0.0/assets/vendor/libs/perfect-scrollbar/perfect-scrollbar.js""" - null null (d509f86a)
2025-09-21T00:00:42.4790055+03:00 0HNFOH30OFCTL:00000021 [INF] Request starting "HTTP/2" "GET" "https"://"localhost:7287""""/sneat-1.0.0/assets/js/main.js""" - null null (d509f86a)
2025-09-21T00:00:42.4790055+03:00 0HNFOH30OFCTL:0000001D [INF] Request starting "HTTP/2" "GET" "https"://"localhost:7287""""/sneat-1.0.0/assets/vendor/js/menu.js""" - null null (d509f86a)
2025-09-21T00:00:42.4790054+03:00 0HNFOH30OFCTL:0000001F [INF] Request starting "HTTP/2" "GET" "https"://"localhost:7287""""/sneat-1.0.0/assets/vendor/libs/apex-charts/apexcharts.js""" - null null (d509f86a)
2025-09-21T00:00:42.4798361+03:00 0HNFOH30OFCTL:00000025 [INF] Request starting "HTTP/2" "GET" "https"://"localhost:7287""""/sneat-1.0.0/assets/js/dashboards-analytics.js""" - null null (d509f86a)
2025-09-21T00:00:42.4797991+03:00 0HNFOH30OFCTL:00000023 [INF] Request starting "HTTP/2" "GET" "https"://"localhost:7287""""/_framework/aspnetcore-browser-refresh.js""" - null null (d509f86a)
2025-09-21T00:00:42.4833454+03:00 0HNFOH30OFCTL:00000027 [INF] Request starting "HTTP/2" "GET" "https"://"localhost:7287""""/GuideProfileFoto/682aa140-0aa0-4da5-a380-586f0e2382ec.jpg""" - null null (d509f86a)
2025-09-21T00:00:42.4847344+03:00 0HNFOH30OFCTL:00000029 [INF] Request starting "HTTP/2" "GET" "https"://"localhost:7287""""/GuideProfileFoto/marie.jpg""" - null null (d509f86a)
2025-09-21T00:00:42.4852049+03:00 0HNFOH30OFCTL:0000002B [INF] Request starting "HTTP/2" "GET" "https"://"localhost:7287""""/GuideProfileFoto/team-3.jpg""" - null null (d509f86a)
2025-09-21T00:00:42.4853722+03:00 0HNFOH30OFCTL:0000002D [INF] Request starting "HTTP/2" "GET" "https"://"localhost:7287""""/GuideProfileFoto/ivana-square.jpg""" - null null (d509f86a)
2025-09-21T00:00:42.4870630+03:00 0HNFOH30OFCTL:0000002F [INF] Request starting "HTTP/2" "GET" "https"://"localhost:7287""""/GuideProfileFoto/fa23a58b-ee05-4efb-8985-9b82298ca66d.png""" - null null (d509f86a)
2025-09-21T00:00:42.4886009+03:00 0HNFOH30OFCTL:00000031 [INF] Request starting "HTTP/2" "GET" "https"://"localhost:7287""""/_vs/browserLink""" - null null (d509f86a)
2025-09-21T00:00:42.5018191+03:00 0HNFOH30OFCTL:00000023 [INF] Request finished "HTTP/2" "GET" "https"://"localhost:7287""""/_framework/aspnetcore-browser-refresh.js""" - 200 16527 "application/javascript; charset=utf-8" 21.9375ms (74253ad3)
2025-09-21T00:00:42.5065617+03:00 0HNFOH30OFCTL:00000029 [INF] Executing endpoint '"Microsoft.AspNetCore.Routing.RouteEndpoint"' (500cc934)
2025-09-21T00:00:42.5065617+03:00 0HNFOH30OFCTL:0000002F [INF] Executing endpoint '"Microsoft.AspNetCore.Routing.RouteEndpoint"' (500cc934)
2025-09-21T00:00:42.5065617+03:00 0HNFOH30OFCTL:0000002B [INF] Executing endpoint '"Microsoft.AspNetCore.Routing.RouteEndpoint"' (500cc934)
2025-09-21T00:00:42.5066351+03:00 0HNFOH30OFCTL:00000027 [INF] Executing endpoint '"Microsoft.AspNetCore.Routing.RouteEndpoint"' (500cc934)
2025-09-21T00:00:42.5068926+03:00 0HNFOH30OFCTL:0000002D [INF] Executing endpoint '"Microsoft.AspNetCore.Routing.RouteEndpoint"' (500cc934)
2025-09-21T00:00:42.5069747+03:00 0HNFOH30OFCTL:00000029 [INF] The file "GuideProfileFoto/marie.jpg" was not modified (f1f8d725)
2025-09-21T00:00:42.5069799+03:00 0HNFOH30OFCTL:0000002F [INF] The file "GuideProfileFoto/fa23a58b-ee05-4efb-8985-9b82298ca66d.png" was not modified (f1f8d725)
2025-09-21T00:00:42.5070532+03:00 0HNFOH30OFCTL:00000029 [INF] Executed endpoint '"Microsoft.AspNetCore.Routing.RouteEndpoint"' (99874f2b)
2025-09-21T00:00:42.5070533+03:00 0HNFOH30OFCTL:0000002F [INF] Executed endpoint '"Microsoft.AspNetCore.Routing.RouteEndpoint"' (99874f2b)
2025-09-21T00:00:42.5070402+03:00 0HNFOH30OFCTL:00000027 [INF] The file "GuideProfileFoto/682aa140-0aa0-4da5-a380-586f0e2382ec.jpg" was not modified (f1f8d725)
2025-09-21T00:00:42.5071014+03:00 0HNFOH30OFCTL:0000002D [INF] The file "GuideProfileFoto/ivana-square.jpg" was not modified (f1f8d725)
2025-09-21T00:00:42.5071448+03:00 0HNFOH30OFCTL:00000027 [INF] Executed endpoint '"Microsoft.AspNetCore.Routing.RouteEndpoint"' (99874f2b)
2025-09-21T00:00:42.5071589+03:00 0HNFOH30OFCTL:0000002D [INF] Executed endpoint '"Microsoft.AspNetCore.Routing.RouteEndpoint"' (99874f2b)
2025-09-21T00:00:42.5072204+03:00 0HNFOH30OFCTL:0000002F [INF] Request finished "HTTP/2" "GET" "https"://"localhost:7287""""/GuideProfileFoto/fa23a58b-ee05-4efb-8985-9b82298ca66d.png""" - 304 null "image/png" 20.1746ms (74253ad3)
2025-09-21T00:00:42.5072545+03:00 0HNFOH30OFCTL:0000002D [INF] Request finished "HTTP/2" "GET" "https"://"localhost:7287""""/GuideProfileFoto/ivana-square.jpg""" - 304 null "image/jpeg" 21.881ms (74253ad3)
2025-09-21T00:00:42.5072989+03:00 0HNFOH30OFCTL:00000027 [INF] Request finished "HTTP/2" "GET" "https"://"localhost:7287""""/GuideProfileFoto/682aa140-0aa0-4da5-a380-586f0e2382ec.jpg""" - 304 null "image/jpeg" 24.0015ms (74253ad3)
2025-09-21T00:00:42.5073568+03:00 0HNFOH30OFCTL:00000029 [INF] Request finished "HTTP/2" "GET" "https"://"localhost:7287""""/GuideProfileFoto/marie.jpg""" - 304 null "image/jpeg" 22.6652ms (74253ad3)
2025-09-21T00:00:42.5079462+03:00 0HNFOH30OFCTL:0000002B [INF] The file "GuideProfileFoto/team-3.jpg" was not modified (f1f8d725)
2025-09-21T00:00:42.5081620+03:00 0HNFOH30OFCTL:0000002B [INF] Executed endpoint '"Microsoft.AspNetCore.Routing.RouteEndpoint"' (99874f2b)
2025-09-21T00:00:42.5083487+03:00 0HNFOH30OFCTL:0000002B [INF] Request finished "HTTP/2" "GET" "https"://"localhost:7287""""/GuideProfileFoto/team-3.jpg""" - 304 null "image/jpeg" 23.1497ms (74253ad3)
2025-09-21T00:00:42.5279752+03:00 0HNFOH30OFCTL:00000031 [INF] Request finished "HTTP/2" "GET" "https"://"localhost:7287""""/_vs/browserLink""" - 200 null "text/javascript; charset=UTF-8" 39.3192ms (74253ad3)
2025-09-21T00:00:42.5414541+03:00 0HNFOH30OFCTL:00000017 [INF] Executing endpoint '"Microsoft.AspNetCore.Routing.RouteEndpoint"' (500cc934)
2025-09-21T00:00:42.5417865+03:00 0HNFOH30OFCTL:00000017 [INF] The file "sneat-1.0.0/assets/vendor/libs/popper/popper.js" was not modified (f1f8d725)
2025-09-21T00:00:42.5418833+03:00 0HNFOH30OFCTL:00000017 [INF] Executed endpoint '"Microsoft.AspNetCore.Routing.RouteEndpoint"' (99874f2b)
2025-09-21T00:00:42.5421022+03:00 0HNFOH30OFCTL:00000017 [INF] Request finished "HTTP/2" "GET" "https"://"localhost:7287""""/sneat-1.0.0/assets/vendor/libs/popper/popper.js""" - 304 null "text/javascript" 89.895ms (74253ad3)
2025-09-21T00:00:42.5430354+03:00 0HNFOH30OFCTL:00000019 [INF] Executing endpoint '"Microsoft.AspNetCore.Routing.RouteEndpoint"' (500cc934)
2025-09-21T00:00:42.5430356+03:00 0HNFOH30OFCTL:0000001D [INF] Executing endpoint '"Microsoft.AspNetCore.Routing.RouteEndpoint"' (500cc934)
2025-09-21T00:00:42.5433492+03:00 0HNFOH30OFCTL:00000019 [INF] The file "sneat-1.0.0/assets/vendor/js/bootstrap.js" was not modified (f1f8d725)
2025-09-21T00:00:42.5433507+03:00 0HNFOH30OFCTL:0000001D [INF] The file "sneat-1.0.0/assets/vendor/js/menu.js" was not modified (f1f8d725)
2025-09-21T00:00:42.5434289+03:00 0HNFOH30OFCTL:0000001D [INF] Executed endpoint '"Microsoft.AspNetCore.Routing.RouteEndpoint"' (99874f2b)
2025-09-21T00:00:42.5434289+03:00 0HNFOH30OFCTL:00000019 [INF] Executed endpoint '"Microsoft.AspNetCore.Routing.RouteEndpoint"' (99874f2b)
2025-09-21T00:00:42.5435815+03:00 0HNFOH30OFCTL:00000019 [INF] Request finished "HTTP/2" "GET" "https"://"localhost:7287""""/sneat-1.0.0/assets/vendor/js/bootstrap.js""" - 304 null "text/javascript" 76.9229ms (74253ad3)
2025-09-21T00:00:42.5435814+03:00 0HNFOH30OFCTL:0000001D [INF] Request finished "HTTP/2" "GET" "https"://"localhost:7287""""/sneat-1.0.0/assets/vendor/js/menu.js""" - 304 null "text/javascript" 64.5916ms (74253ad3)
2025-09-21T00:00:42.5439082+03:00 0HNFOH30OFCTL:0000001F [INF] Executing endpoint '"Microsoft.AspNetCore.Routing.RouteEndpoint"' (500cc934)
2025-09-21T00:00:42.5442225+03:00 0HNFOH30OFCTL:0000001F [INF] The file "sneat-1.0.0/assets/vendor/libs/apex-charts/apexcharts.js" was not modified (f1f8d725)
2025-09-21T00:00:42.5443558+03:00 0HNFOH30OFCTL:0000001F [INF] Executed endpoint '"Microsoft.AspNetCore.Routing.RouteEndpoint"' (99874f2b)
2025-09-21T00:00:42.5444049+03:00 0HNFOH30OFCTL:0000001B [INF] Executing endpoint '"Microsoft.AspNetCore.Routing.RouteEndpoint"' (500cc934)
2025-09-21T00:00:42.5446947+03:00 0HNFOH30OFCTL:0000001B [INF] The file "sneat-1.0.0/assets/vendor/libs/perfect-scrollbar/perfect-scrollbar.js" was not modified (f1f8d725)
2025-09-21T00:00:42.5451283+03:00 0HNFOH30OFCTL:0000001B [INF] Executed endpoint '"Microsoft.AspNetCore.Routing.RouteEndpoint"' (99874f2b)
2025-09-21T00:00:42.5453094+03:00 0HNFOH30OFCTL:0000001B [INF] Request finished "HTTP/2" "GET" "https"://"localhost:7287""""/sneat-1.0.0/assets/vendor/libs/perfect-scrollbar/perfect-scrollbar.js""" - 304 null "text/javascript" 68.4058ms (74253ad3)
2025-09-21T00:00:42.5457114+03:00 0HNFOH30OFCTL:0000001F [INF] Request finished "HTTP/2" "GET" "https"://"localhost:7287""""/sneat-1.0.0/assets/vendor/libs/apex-charts/apexcharts.js""" - 304 null "text/javascript" 66.4107ms (74253ad3)
2025-09-21T00:00:42.5752306+03:00 0HNFOH30OFCTL:00000025 [INF] Executing endpoint '"Microsoft.AspNetCore.Routing.RouteEndpoint"' (500cc934)
2025-09-21T00:00:42.5753531+03:00 0HNFOH30OFCTL:00000021 [INF] Executing endpoint '"Microsoft.AspNetCore.Routing.RouteEndpoint"' (500cc934)
2025-09-21T00:00:42.5755835+03:00 0HNFOH30OFCTL:00000025 [INF] The file "sneat-1.0.0/assets/js/dashboards-analytics.js" was not modified (f1f8d725)
2025-09-21T00:00:42.5756692+03:00 0HNFOH30OFCTL:00000025 [INF] Executed endpoint '"Microsoft.AspNetCore.Routing.RouteEndpoint"' (99874f2b)
2025-09-21T00:00:42.5756879+03:00 0HNFOH30OFCTL:00000021 [INF] The file "sneat-1.0.0/assets/js/main.js" was not modified (f1f8d725)
2025-09-21T00:00:42.5757725+03:00 0HNFOH30OFCTL:00000021 [INF] Executed endpoint '"Microsoft.AspNetCore.Routing.RouteEndpoint"' (99874f2b)
2025-09-21T00:00:42.5758240+03:00 0HNFOH30OFCTL:00000025 [INF] Request finished "HTTP/2" "GET" "https"://"localhost:7287""""/sneat-1.0.0/assets/js/dashboards-analytics.js""" - 304 null "text/javascript" 96.0559ms (74253ad3)
2025-09-21T00:00:42.5758926+03:00 0HNFOH30OFCTL:00000021 [INF] Request finished "HTTP/2" "GET" "https"://"localhost:7287""""/sneat-1.0.0/assets/js/main.js""" - 304 null "text/javascript" 96.9203ms (74253ad3)
2025-09-21T00:00:42.6661641+03:00 0HNFOH30OFCTL:00000033 [INF] Request starting "HTTP/2" "GET" "https"://"localhost:7287""""/sneat-1.0.0/assets/vendor/fonts/boxicons/boxicons.woff2""" - null null (d509f86a)
2025-09-21T00:00:42.6688202+03:00 0HNFOH30OFCTL:00000033 [INF] Executing endpoint '"Microsoft.AspNetCore.Routing.RouteEndpoint"' (500cc934)
2025-09-21T00:00:42.6691246+03:00 0HNFOH30OFCTL:00000033 [INF] The file "sneat-1.0.0/assets/vendor/fonts/boxicons/boxicons.woff2" was not modified (f1f8d725)
2025-09-21T00:00:42.6692037+03:00 0HNFOH30OFCTL:00000033 [INF] Executed endpoint '"Microsoft.AspNetCore.Routing.RouteEndpoint"' (99874f2b)
2025-09-21T00:00:42.6693652+03:00 0HNFOH30OFCTL:00000033 [INF] Request finished "HTTP/2" "GET" "https"://"localhost:7287""""/sneat-1.0.0/assets/vendor/fonts/boxicons/boxicons.woff2""" - 304 null "font/woff2" 3.2225ms (74253ad3)
2025-09-21T00:00:44.8288841+03:00 0HNFOH30OFCTL:00000035 [INF] Request starting "HTTP/2" "GET" "https"://"localhost:7287""""/Pdf/GuideList""" - null null (d509f86a)
2025-09-21T00:00:44.8398135+03:00 0HNFOH30OFCTL:00000035 [INF] Executing endpoint '"Traversal_Rezervasyon.Controllers.PdfController.GuideList (Traversal Rezervasyon)"' (500cc934)
2025-09-21T00:00:44.8418332+03:00 0HNFOH30OFCTL:00000035 [INF] Route matched with "{action = \"GuideList\", controller = \"Pdf\", area = \"\"}". Executing controller action with signature "Microsoft.AspNetCore.Mvc.IActionResult GuideList()" on controller "Traversal_Rezervasyon.Controllers.PdfController" ("Traversal Rezervasyon"). (122b2fdf)
2025-09-21T00:00:45.3026571+03:00 0HNFOH30OFCTL:00000035 [INF] Executed action "Traversal_Rezervasyon.Controllers.PdfController.GuideList (Traversal Rezervasyon)" in 460.692ms (afa2e885)
2025-09-21T00:00:45.3027884+03:00 0HNFOH30OFCTL:00000035 [INF] Executed endpoint '"Traversal_Rezervasyon.Controllers.PdfController.GuideList (Traversal Rezervasyon)"' (99874f2b)
2025-09-21T00:00:45.3184020+03:00 0HNFOH30OFCTL:00000035 [ERR] An unhandled exception has occurred while executing the request. (48a46595)
System.IO.FileNotFoundException: Could not find file: PdfDocumentation/fab28f01-e6a2-464f-a155-e218d8e3c107.pdf.
File name: 'PdfDocumentation/fab28f01-e6a2-464f-a155-e218d8e3c107.pdf'
   at Microsoft.AspNetCore.Mvc.Infrastructure.VirtualFileResultExecutor.ExecuteAsync(ActionContext context, VirtualFileResult result)
   at Microsoft.AspNetCore.Mvc.Infrastructure.ResourceInvoker.ResultNext[TFilter,TFilterAsync](State& next, Scope& scope, Object& state, Boolean& isCompleted)
   at Microsoft.AspNetCore.Mvc.Infrastructure.ResourceInvoker.InvokeNextResultFilterAsync[TFilter,TFilterAsync]()
--- End of stack trace from previous location ---
   at Microsoft.AspNetCore.Mvc.Infrastructure.ResourceInvoker.Rethrow(ResultExecutedContextSealed context)
   at Microsoft.AspNetCore.Mvc.Infrastructure.ResourceInvoker.ResultNext[TFilter,TFilterAsync](State& next, Scope& scope, Object& state, Boolean& isCompleted)
   at Microsoft.AspNetCore.Mvc.Infrastructure.ResourceInvoker.InvokeResultFilters()
--- End of stack trace from previous location ---
   at Microsoft.AspNetCore.Mvc.Infrastructure.ResourceInvoker.<InvokeNextResourceFilter>g__Awaited|25_0(ResourceInvoker invoker, Task lastTask, State next, Scope scope, Object state, Boolean isCompleted)
   at Microsoft.AspNetCore.Mvc.Infrastructure.ResourceInvoker.Rethrow(ResourceExecutedContextSealed context)
   at Microsoft.AspNetCore.Mvc.Infrastructure.ResourceInvoker.Next(State& next, Scope& scope, Object& state, Boolean& isCompleted)
   at Microsoft.AspNetCore.Mvc.Infrastructure.ResourceInvoker.InvokeFilterPipelineAsync()
--- End of stack trace from previous location ---
   at Microsoft.AspNetCore.Mvc.Infrastructure.ResourceInvoker.<InvokeAsync>g__Logged|17_1(ResourceInvoker invoker)
   at Microsoft.AspNetCore.Mvc.Infrastructure.ResourceInvoker.<InvokeAsync>g__Logged|17_1(ResourceInvoker invoker)
   at Microsoft.AspNetCore.Routing.EndpointMiddleware.<Invoke>g__AwaitRequestTask|7_0(Endpoint endpoint, Task requestTask, ILogger logger)
   at Microsoft.AspNetCore.Authorization.AuthorizationMiddleware.Invoke(HttpContext context)
   at Microsoft.AspNetCore.Authentication.AuthenticationMiddleware.Invoke(HttpContext context)
   at Microsoft.AspNetCore.Diagnostics.StatusCodePagesMiddleware.Invoke(HttpContext context)
   at Microsoft.AspNetCore.Diagnostics.DeveloperExceptionPageMiddlewareImpl.Invoke(HttpContext context)
2025-09-21T00:00:45.3424718+03:00 0HNFOH30OFCTL:00000035 [INF] Request finished "HTTP/2" "GET" "https"://"localhost:7287""""/Pdf/GuideList""" - 500 null "text/html; charset=utf-8" 513.5755ms (74253ad3)
2025-09-21T00:00:45.3934850+03:00 0HNFOH30OFCTL:00000037 [INF] Request starting "HTTP/2" "GET" "https"://"localhost:7287""""/_vs/browserLink""" - null null (d509f86a)
2025-09-21T00:00:45.3949809+03:00 0HNFOH30OFCTL:00000039 [INF] Request starting "HTTP/2" "GET" "https"://"localhost:7287""""/_framework/aspnetcore-browser-refresh.js""" - null null (d509f86a)
2025-09-21T00:00:45.3963466+03:00 0HNFOH30OFCTL:00000039 [INF] Request finished "HTTP/2" "GET" "https"://"localhost:7287""""/_framework/aspnetcore-browser-refresh.js""" - 200 16527 "application/javascript; charset=utf-8" 1.2253ms (74253ad3)
2025-09-21T00:00:45.4155768+03:00 0HNFOH30OFCTL:00000037 [INF] Request finished "HTTP/2" "GET" "https"://"localhost:7287""""/_vs/browserLink""" - 200 null "text/javascript; charset=UTF-8" 22.042ms (74253ad3)
2025-09-21T00:02:05.2766362+03:00  [INF] User profile is available. Using '"C:\Users\Lenovo\AppData\Local\ASP.NET\DataProtection-Keys"' as key repository and Windows DPAPI to encrypt keys at rest. (7ac5e29c)
2025-09-21T00:02:06.6187726+03:00  [INF] Now listening on: "https://localhost:7287" (d826f4b8)
2025-09-21T00:02:06.6189714+03:00  [INF] Now listening on: "http://localhost:5151" (d826f4b8)
2025-09-21T00:02:06.6529362+03:00  [INF] Application started. Press Ctrl+C to shut down. (dcaefe54)
2025-09-21T00:02:06.6532722+03:00  [INF] Hosting environment: "Development" (bc5a1a4e)
2025-09-21T00:02:06.6533348+03:00  [INF] Content root path: "C:\Users\Lenovo\OneDrive\Masaüstü\Yazılım\C# Programlama\Traversal Rezervasyon\Traversal Rezervasyon" (cc26f24e)
2025-09-21T00:02:07.2486937+03:00 0HNFOH3QIQOCV:00000001 [INF] Request starting "HTTP/2" "GET" "https"://"localhost:7287""""/Admin/Guide/Index""" - null null (d509f86a)
2025-09-21T00:02:07.6125616+03:00 0HNFOH3QIQOCV:00000001 [INF] Executing endpoint '"Traversal_Rezervasyon.Areas.Admin.Controllers.GuideController.Index (Traversal Rezervasyon)"' (500cc934)
2025-09-21T00:02:07.6259813+03:00 0HNFOH3QIQOCV:00000001 [INF] Route matched with "{area = \"Admin\", action = \"Index\", controller = \"Guide\"}". Executing controller action with signature "Microsoft.AspNetCore.Mvc.IActionResult Index()" on controller "Traversal_Rezervasyon.Areas.Admin.Controllers.GuideController" ("Traversal Rezervasyon"). (122b2fdf)
2025-09-21T00:02:07.6308252+03:00 0HNFOH3QIQOCV:00000001 [INF] Index Sayfasına Yönlendirildi (ee529489)
2025-09-21T00:02:08.8627500+03:00 0HNFOH3QIQOCV:00000001 [INF] Executing ViewResult, running view "Index". (c83d0e25)
2025-09-21T00:02:08.9397873+03:00 0HNFOH3QIQOCV:00000001 [INF] Executed ViewResult - view "Index" executed in 76.9605ms. (f66409e9)
2025-09-21T00:02:08.9414815+03:00 0HNFOH3QIQOCV:00000001 [INF] Executed action "Traversal_Rezervasyon.Areas.Admin.Controllers.GuideController.Index (Traversal Rezervasyon)" in 1315.0239ms (afa2e885)
2025-09-21T00:02:08.9417561+03:00 0HNFOH3QIQOCV:00000001 [INF] Executed endpoint '"Traversal_Rezervasyon.Areas.Admin.Controllers.GuideController.Index (Traversal Rezervasyon)"' (99874f2b)
2025-09-21T00:02:08.9452743+03:00 0HNFOH3QIQOCV:00000001 [INF] Request finished "HTTP/2" "GET" "https"://"localhost:7287""""/Admin/Guide/Index""" - 200 null "text/html; charset=utf-8" 1697.9155ms (74253ad3)
2025-09-21T00:02:09.0808606+03:00 0HNFOH3QIQOCV:00000007 [INF] Request starting "HTTP/2" "GET" "https"://"localhost:7287""""/sneat-1.0.0/assets/vendor/css/theme-default.css""" - null null (d509f86a)
2025-09-21T00:02:09.0809508+03:00 0HNFOH3QIQOCV:00000003 [INF] Request starting "HTTP/2" "GET" "https"://"localhost:7287""""/sneat-1.0.0/assets/vendor/fonts/boxicons.css""" - null null (d509f86a)
2025-09-21T00:02:09.0809957+03:00 0HNFOH3QIQOCV:00000009 [INF] Request starting "HTTP/2" "GET" "https"://"localhost:7287""""/sneat-1.0.0/assets/css/demo.css""" - null null (d509f86a)
2025-09-21T00:02:09.0816602+03:00 0HNFOH3QIQOCV:0000000F [INF] Request starting "HTTP/2" "GET" "https"://"localhost:7287""""/sneat-1.0.0/assets/vendor/js/helpers.js""" - null null (d509f86a)
2025-09-21T00:02:09.0816574+03:00 0HNFOH3QIQOCV:0000000D [INF] Request starting "HTTP/2" "GET" "https"://"localhost:7287""""/sneat-1.0.0/assets/vendor/libs/apex-charts/apex-charts.css""" - null null (d509f86a)
2025-09-21T00:02:09.0818119+03:00 0HNFOH3QIQOCV:0000000B [INF] Request starting "HTTP/2" "GET" "https"://"localhost:7287""""/sneat-1.0.0/assets/vendor/libs/perfect-scrollbar/perfect-scrollbar.css""" - null null (d509f86a)
2025-09-21T00:02:09.0825317+03:00 0HNFOH3QIQOCV:00000011 [INF] Request starting "HTTP/2" "GET" "https"://"localhost:7287""""/sneat-1.0.0/assets/js/config.js""" - null null (d509f86a)
2025-09-21T00:02:09.0828936+03:00 0HNFOH3QIQOCV:00000013 [INF] Request starting "HTTP/2" "GET" "https"://"localhost:7287""""/sneat-1.0.0/assets/img/avatars/1.png""" - null null (d509f86a)
2025-09-21T00:02:09.0834003+03:00 0HNFOH3QIQOCV:00000015 [INF] Request starting "HTTP/2" "GET" "https"://"localhost:7287""""/sneat-1.0.0/assets/vendor/libs/jquery/jquery.js""" - null null (d509f86a)
2025-09-21T00:02:09.0935599+03:00 0HNFOH3QIQOCV:00000005 [INF] Request starting "HTTP/2" "GET" "https"://"localhost:7287""""/sneat-1.0.0/assets/vendor/css/core.css""" - null null (d509f86a)
2025-09-21T00:02:09.0971303+03:00 0HNFOH3QIQOCV:00000015 [INF] Executing endpoint '"Microsoft.AspNetCore.Routing.RouteEndpoint"' (500cc934)
2025-09-21T00:02:09.0971438+03:00 0HNFOH3QIQOCV:00000007 [INF] Executing endpoint '"Microsoft.AspNetCore.Routing.RouteEndpoint"' (500cc934)
2025-09-21T00:02:09.0971425+03:00 0HNFOH3QIQOCV:0000000F [INF] Executing endpoint '"Microsoft.AspNetCore.Routing.RouteEndpoint"' (500cc934)
2025-09-21T00:02:09.0971439+03:00 0HNFOH3QIQOCV:00000013 [INF] Executing endpoint '"Microsoft.AspNetCore.Routing.RouteEndpoint"' (500cc934)
2025-09-21T00:02:09.0971299+03:00 0HNFOH3QIQOCV:0000000B [INF] Executing endpoint '"Microsoft.AspNetCore.Routing.RouteEndpoint"' (500cc934)
2025-09-21T00:02:09.0971805+03:00 0HNFOH3QIQOCV:00000003 [INF] Executing endpoint '"Microsoft.AspNetCore.Routing.RouteEndpoint"' (500cc934)
2025-09-21T00:02:09.0972823+03:00 0HNFOH3QIQOCV:00000009 [INF] Executing endpoint '"Microsoft.AspNetCore.Routing.RouteEndpoint"' (500cc934)
2025-09-21T00:02:09.0972828+03:00 0HNFOH3QIQOCV:0000000D [INF] Executing endpoint '"Microsoft.AspNetCore.Routing.RouteEndpoint"' (500cc934)
2025-09-21T00:02:09.0973577+03:00 0HNFOH3QIQOCV:00000011 [INF] Executing endpoint '"Microsoft.AspNetCore.Routing.RouteEndpoint"' (500cc934)
2025-09-21T00:02:09.1029683+03:00 0HNFOH3QIQOCV:00000015 [INF] The file "sneat-1.0.0/assets/vendor/libs/jquery/jquery.js" was not modified (f1f8d725)
2025-09-21T00:02:09.1029597+03:00 0HNFOH3QIQOCV:00000009 [INF] The file "sneat-1.0.0/assets/css/demo.css" was not modified (f1f8d725)
2025-09-21T00:02:09.1029562+03:00 0HNFOH3QIQOCV:0000000F [INF] The file "sneat-1.0.0/assets/vendor/js/helpers.js" was not modified (f1f8d725)
2025-09-21T00:02:09.1030241+03:00 0HNFOH3QIQOCV:0000000D [INF] The file "sneat-1.0.0/assets/vendor/libs/apex-charts/apex-charts.css" was not modified (f1f8d725)
2025-09-21T00:02:09.1029676+03:00 0HNFOH3QIQOCV:00000003 [INF] The file "sneat-1.0.0/assets/vendor/fonts/boxicons.css" was not modified (f1f8d725)
2025-09-21T00:02:09.1031198+03:00 0HNFOH3QIQOCV:00000011 [INF] The file "sneat-1.0.0/assets/js/config.js" was not modified (f1f8d725)
2025-09-21T00:02:09.1031172+03:00 0HNFOH3QIQOCV:00000013 [INF] The file "sneat-1.0.0/assets/img/avatars/1.png" was not modified (f1f8d725)
2025-09-21T00:02:09.1032300+03:00 0HNFOH3QIQOCV:0000000B [INF] The file "sneat-1.0.0/assets/vendor/libs/perfect-scrollbar/perfect-scrollbar.css" was not modified (f1f8d725)
2025-09-21T00:02:09.1032871+03:00 0HNFOH3QIQOCV:00000007 [INF] The file "sneat-1.0.0/assets/vendor/css/theme-default.css" was not modified (f1f8d725)
2025-09-21T00:02:09.1040014+03:00 0HNFOH3QIQOCV:0000000D [INF] Executed endpoint '"Microsoft.AspNetCore.Routing.RouteEndpoint"' (99874f2b)
2025-09-21T00:02:09.1040013+03:00 0HNFOH3QIQOCV:00000007 [INF] Executed endpoint '"Microsoft.AspNetCore.Routing.RouteEndpoint"' (99874f2b)
2025-09-21T00:02:09.1040751+03:00 0HNFOH3QIQOCV:0000000B [INF] Executed endpoint '"Microsoft.AspNetCore.Routing.RouteEndpoint"' (99874f2b)
2025-09-21T00:02:09.1040751+03:00 0HNFOH3QIQOCV:00000013 [INF] Executed endpoint '"Microsoft.AspNetCore.Routing.RouteEndpoint"' (99874f2b)
2025-09-21T00:02:09.1040751+03:00 0HNFOH3QIQOCV:00000015 [INF] Executed endpoint '"Microsoft.AspNetCore.Routing.RouteEndpoint"' (99874f2b)
2025-09-21T00:02:09.1041347+03:00 0HNFOH3QIQOCV:00000009 [INF] Executed endpoint '"Microsoft.AspNetCore.Routing.RouteEndpoint"' (99874f2b)
2025-09-21T00:02:09.1041529+03:00 0HNFOH3QIQOCV:00000003 [INF] Executed endpoint '"Microsoft.AspNetCore.Routing.RouteEndpoint"' (99874f2b)
2025-09-21T00:02:09.1043252+03:00 0HNFOH3QIQOCV:0000000F [INF] Executed endpoint '"Microsoft.AspNetCore.Routing.RouteEndpoint"' (99874f2b)
2025-09-21T00:02:09.1042909+03:00 0HNFOH3QIQOCV:00000011 [INF] Executed endpoint '"Microsoft.AspNetCore.Routing.RouteEndpoint"' (99874f2b)
2025-09-21T00:02:09.1046412+03:00 0HNFOH3QIQOCV:0000000F [INF] Request finished "HTTP/2" "GET" "https"://"localhost:7287""""/sneat-1.0.0/assets/vendor/js/helpers.js""" - 304 null "text/javascript" 22.9305ms (74253ad3)
2025-09-21T00:02:09.1046413+03:00 0HNFOH3QIQOCV:00000003 [INF] Request finished "HTTP/2" "GET" "https"://"localhost:7287""""/sneat-1.0.0/assets/vendor/fonts/boxicons.css""" - 304 null "text/css" 23.8108ms (74253ad3)
2025-09-21T00:02:09.1046418+03:00 0HNFOH3QIQOCV:0000000D [INF] Request finished "HTTP/2" "GET" "https"://"localhost:7287""""/sneat-1.0.0/assets/vendor/libs/apex-charts/apex-charts.css""" - 304 null "text/css" 22.943ms (74253ad3)
2025-09-21T00:02:09.1046434+03:00 0HNFOH3QIQOCV:0000000B [INF] Request finished "HTTP/2" "GET" "https"://"localhost:7287""""/sneat-1.0.0/assets/vendor/libs/perfect-scrollbar/perfect-scrollbar.css""" - 304 null "text/css" 22.7433ms (74253ad3)
2025-09-21T00:02:09.1046413+03:00 0HNFOH3QIQOCV:00000013 [INF] Request finished "HTTP/2" "GET" "https"://"localhost:7287""""/sneat-1.0.0/assets/img/avatars/1.png""" - 304 null "image/png" 21.6736ms (74253ad3)
2025-09-21T00:02:09.1046415+03:00 0HNFOH3QIQOCV:00000009 [INF] Request finished "HTTP/2" "GET" "https"://"localhost:7287""""/sneat-1.0.0/assets/css/demo.css""" - 304 null "text/css" 23.8104ms (74253ad3)
2025-09-21T00:02:09.1046434+03:00 0HNFOH3QIQOCV:00000015 [INF] Request finished "HTTP/2" "GET" "https"://"localhost:7287""""/sneat-1.0.0/assets/vendor/libs/jquery/jquery.js""" - 304 null "text/javascript" 21.1682ms (74253ad3)
2025-09-21T00:02:09.1047135+03:00 0HNFOH3QIQOCV:00000007 [INF] Request finished "HTTP/2" "GET" "https"://"localhost:7287""""/sneat-1.0.0/assets/vendor/css/theme-default.css""" - 304 null "text/css" 23.954ms (74253ad3)
2025-09-21T00:02:09.1047870+03:00 0HNFOH3QIQOCV:00000011 [INF] Request finished "HTTP/2" "GET" "https"://"localhost:7287""""/sneat-1.0.0/assets/js/config.js""" - 304 null "text/javascript" 22.2641ms (74253ad3)
2025-09-21T00:02:09.1204038+03:00 0HNFOH3QIQOCV:00000017 [INF] Request starting "HTTP/2" "GET" "https"://"localhost:7287""""/sneat-1.0.0/assets/vendor/libs/popper/popper.js""" - null null (d509f86a)
2025-09-21T00:02:09.1236481+03:00 0HNFOH3QIQOCV:00000019 [INF] Request starting "HTTP/2" "GET" "https"://"localhost:7287""""/sneat-1.0.0/assets/vendor/js/bootstrap.js""" - null null (d509f86a)
2025-09-21T00:02:09.1829158+03:00 0HNFOH3QIQOCV:00000017 [INF] Executing endpoint '"Microsoft.AspNetCore.Routing.RouteEndpoint"' (500cc934)
2025-09-21T00:02:09.1829438+03:00 0HNFOH3QIQOCV:00000019 [INF] Executing endpoint '"Microsoft.AspNetCore.Routing.RouteEndpoint"' (500cc934)
2025-09-21T00:02:09.1829438+03:00 0HNFOH3QIQOCV:00000005 [INF] Executing endpoint '"Microsoft.AspNetCore.Routing.RouteEndpoint"' (500cc934)
2025-09-21T00:02:09.1833463+03:00 0HNFOH3QIQOCV:00000017 [INF] The file "sneat-1.0.0/assets/vendor/libs/popper/popper.js" was not modified (f1f8d725)
2025-09-21T00:02:09.1833574+03:00 0HNFOH3QIQOCV:00000019 [INF] The file "sneat-1.0.0/assets/vendor/js/bootstrap.js" was not modified (f1f8d725)
2025-09-21T00:02:09.1834204+03:00 0HNFOH3QIQOCV:00000017 [INF] Executed endpoint '"Microsoft.AspNetCore.Routing.RouteEndpoint"' (99874f2b)
2025-09-21T00:02:09.1834391+03:00 0HNFOH3QIQOCV:00000019 [INF] Executed endpoint '"Microsoft.AspNetCore.Routing.RouteEndpoint"' (99874f2b)
2025-09-21T00:02:09.1834316+03:00 0HNFOH3QIQOCV:00000005 [INF] The file "sneat-1.0.0/assets/vendor/css/core.css" was not modified (f1f8d725)
2025-09-21T00:02:09.1835326+03:00 0HNFOH3QIQOCV:00000005 [INF] Executed endpoint '"Microsoft.AspNetCore.Routing.RouteEndpoint"' (99874f2b)
2025-09-21T00:02:09.1835734+03:00 0HNFOH3QIQOCV:00000017 [INF] Request finished "HTTP/2" "GET" "https"://"localhost:7287""""/sneat-1.0.0/assets/vendor/libs/popper/popper.js""" - 304 null "text/javascript" 63.1992ms (74253ad3)
2025-09-21T00:02:09.1835815+03:00 0HNFOH3QIQOCV:00000019 [INF] Request finished "HTTP/2" "GET" "https"://"localhost:7287""""/sneat-1.0.0/assets/vendor/js/bootstrap.js""" - 304 null "text/javascript" 59.9161ms (74253ad3)
2025-09-21T00:02:09.1836788+03:00 0HNFOH3QIQOCV:00000005 [INF] Request finished "HTTP/2" "GET" "https"://"localhost:7287""""/sneat-1.0.0/assets/vendor/css/core.css""" - 304 null "text/css" 90.1392ms (74253ad3)
2025-09-21T00:02:09.1920694+03:00 0HNFOH3QIQOCV:0000001B [INF] Request starting "HTTP/2" "GET" "https"://"localhost:7287""""/sneat-1.0.0/assets/vendor/libs/perfect-scrollbar/perfect-scrollbar.js""" - null null (d509f86a)
2025-09-21T00:02:09.1957462+03:00 0HNFOH3QIQOCV:0000001B [INF] Executing endpoint '"Microsoft.AspNetCore.Routing.RouteEndpoint"' (500cc934)
2025-09-21T00:02:09.1959622+03:00 0HNFOH3QIQOCV:0000001B [INF] The file "sneat-1.0.0/assets/vendor/libs/perfect-scrollbar/perfect-scrollbar.js" was not modified (f1f8d725)
2025-09-21T00:02:09.1960183+03:00 0HNFOH3QIQOCV:0000001B [INF] Executed endpoint '"Microsoft.AspNetCore.Routing.RouteEndpoint"' (99874f2b)
2025-09-21T00:02:09.1961684+03:00 0HNFOH3QIQOCV:0000001B [INF] Request finished "HTTP/2" "GET" "https"://"localhost:7287""""/sneat-1.0.0/assets/vendor/libs/perfect-scrollbar/perfect-scrollbar.js""" - 304 null "text/javascript" 4.0744ms (74253ad3)
2025-09-21T00:02:09.2039076+03:00 0HNFOH3QIQOCV:0000001D [INF] Request starting "HTTP/2" "GET" "https"://"localhost:7287""""/sneat-1.0.0/assets/vendor/js/menu.js""" - null null (d509f86a)
2025-09-21T00:02:09.2047813+03:00 0HNFOH3QIQOCV:0000001D [INF] Executing endpoint '"Microsoft.AspNetCore.Routing.RouteEndpoint"' (500cc934)
2025-09-21T00:02:09.2051464+03:00 0HNFOH3QIQOCV:0000001D [INF] The file "sneat-1.0.0/assets/vendor/js/menu.js" was not modified (f1f8d725)
2025-09-21T00:02:09.2052250+03:00 0HNFOH3QIQOCV:0000001D [INF] Executed endpoint '"Microsoft.AspNetCore.Routing.RouteEndpoint"' (99874f2b)
2025-09-21T00:02:09.2053608+03:00 0HNFOH3QIQOCV:0000001D [INF] Request finished "HTTP/2" "GET" "https"://"localhost:7287""""/sneat-1.0.0/assets/vendor/js/menu.js""" - 304 null "text/javascript" 1.493ms (74253ad3)
2025-09-21T00:02:09.2166702+03:00 0HNFOH3QIQOCV:0000001F [INF] Request starting "HTTP/2" "GET" "https"://"localhost:7287""""/sneat-1.0.0/assets/vendor/libs/apex-charts/apexcharts.js""" - null null (d509f86a)
2025-09-21T00:02:09.2207083+03:00 0HNFOH3QIQOCV:0000001F [INF] Executing endpoint '"Microsoft.AspNetCore.Routing.RouteEndpoint"' (500cc934)
2025-09-21T00:02:09.2209946+03:00 0HNFOH3QIQOCV:0000001F [INF] The file "sneat-1.0.0/assets/vendor/libs/apex-charts/apexcharts.js" was not modified (f1f8d725)
2025-09-21T00:02:09.2210561+03:00 0HNFOH3QIQOCV:0000001F [INF] Executed endpoint '"Microsoft.AspNetCore.Routing.RouteEndpoint"' (99874f2b)
2025-09-21T00:02:09.2212046+03:00 0HNFOH3QIQOCV:0000001F [INF] Request finished "HTTP/2" "GET" "https"://"localhost:7287""""/sneat-1.0.0/assets/vendor/libs/apex-charts/apexcharts.js""" - 304 null "text/javascript" 4.5607ms (74253ad3)
2025-09-21T00:02:09.2249159+03:00 0HNFOH3QIQOCV:00000021 [INF] Request starting "HTTP/2" "GET" "https"://"localhost:7287""""/sneat-1.0.0/assets/js/main.js""" - null null (d509f86a)
2025-09-21T00:02:09.2281213+03:00 0HNFOH3QIQOCV:00000023 [INF] Request starting "HTTP/2" "GET" "https"://"localhost:7287""""/sneat-1.0.0/assets/js/dashboards-analytics.js""" - null null (d509f86a)
2025-09-21T00:02:09.2281213+03:00 0HNFOH3QIQOCV:00000025 [INF] Request starting "HTTP/2" "GET" "https"://"localhost:7287""""/_framework/aspnetcore-browser-refresh.js""" - null null (d509f86a)
2025-09-21T00:02:09.2318358+03:00 0HNFOH3QIQOCV:00000025 [INF] Request finished "HTTP/2" "GET" "https"://"localhost:7287""""/_framework/aspnetcore-browser-refresh.js""" - 200 16527 "application/javascript; charset=utf-8" 3.6829ms (74253ad3)
2025-09-21T00:02:09.2356390+03:00 0HNFOH3QIQOCV:00000027 [INF] Request starting "HTTP/2" "GET" "https"://"localhost:7287""""/GuideProfileFoto/682aa140-0aa0-4da5-a380-586f0e2382ec.jpg""" - null null (d509f86a)
2025-09-21T00:02:09.2361427+03:00 0HNFOH3QIQOCV:0000002D [INF] Request starting "HTTP/2" "GET" "https"://"localhost:7287""""/GuideProfileFoto/ivana-square.jpg""" - null null (d509f86a)
2025-09-21T00:02:09.2362249+03:00 0HNFOH3QIQOCV:0000002B [INF] Request starting "HTTP/2" "GET" "https"://"localhost:7287""""/GuideProfileFoto/team-3.jpg""" - null null (d509f86a)
2025-09-21T00:02:09.2362373+03:00 0HNFOH3QIQOCV:00000029 [INF] Request starting "HTTP/2" "GET" "https"://"localhost:7287""""/GuideProfileFoto/marie.jpg""" - null null (d509f86a)
2025-09-21T00:02:09.2364388+03:00 0HNFOH3QIQOCV:00000031 [INF] Request starting "HTTP/2" "GET" "https"://"localhost:7287""""/_vs/browserLink""" - null null (d509f86a)
2025-09-21T00:02:09.2367682+03:00 0HNFOH3QIQOCV:0000002F [INF] Request starting "HTTP/2" "GET" "https"://"localhost:7287""""/GuideProfileFoto/fa23a58b-ee05-4efb-8985-9b82298ca66d.png""" - null null (d509f86a)
2025-09-21T00:02:09.2374105+03:00 0HNFOH3QIQOCV:0000002B [INF] Executing endpoint '"Microsoft.AspNetCore.Routing.RouteEndpoint"' (500cc934)
2025-09-21T00:02:09.2374102+03:00 0HNFOH3QIQOCV:0000002F [INF] Executing endpoint '"Microsoft.AspNetCore.Routing.RouteEndpoint"' (500cc934)
2025-09-21T00:02:09.2374103+03:00 0HNFOH3QIQOCV:00000027 [INF] Executing endpoint '"Microsoft.AspNetCore.Routing.RouteEndpoint"' (500cc934)
2025-09-21T00:02:09.2374102+03:00 0HNFOH3QIQOCV:0000002D [INF] Executing endpoint '"Microsoft.AspNetCore.Routing.RouteEndpoint"' (500cc934)
2025-09-21T00:02:09.2375301+03:00 0HNFOH3QIQOCV:00000029 [INF] Executing endpoint '"Microsoft.AspNetCore.Routing.RouteEndpoint"' (500cc934)
2025-09-21T00:02:09.2377171+03:00 0HNFOH3QIQOCV:0000002D [INF] The file "GuideProfileFoto/ivana-square.jpg" was not modified (f1f8d725)
2025-09-21T00:02:09.2377173+03:00 0HNFOH3QIQOCV:0000002F [INF] The file "GuideProfileFoto/fa23a58b-ee05-4efb-8985-9b82298ca66d.png" was not modified (f1f8d725)
2025-09-21T00:02:09.2377176+03:00 0HNFOH3QIQOCV:00000027 [INF] The file "GuideProfileFoto/682aa140-0aa0-4da5-a380-586f0e2382ec.jpg" was not modified (f1f8d725)
2025-09-21T00:02:09.2377517+03:00 0HNFOH3QIQOCV:00000029 [INF] The file "GuideProfileFoto/marie.jpg" was not modified (f1f8d725)
2025-09-21T00:02:09.2377854+03:00 0HNFOH3QIQOCV:0000002F [INF] Executed endpoint '"Microsoft.AspNetCore.Routing.RouteEndpoint"' (99874f2b)
2025-09-21T00:02:09.2377852+03:00 0HNFOH3QIQOCV:00000027 [INF] Executed endpoint '"Microsoft.AspNetCore.Routing.RouteEndpoint"' (99874f2b)
2025-09-21T00:02:09.2377856+03:00 0HNFOH3QIQOCV:0000002D [INF] Executed endpoint '"Microsoft.AspNetCore.Routing.RouteEndpoint"' (99874f2b)
2025-09-21T00:02:09.2377834+03:00 0HNFOH3QIQOCV:0000002B [INF] The file "GuideProfileFoto/team-3.jpg" was not modified (f1f8d725)
2025-09-21T00:02:09.2378006+03:00 0HNFOH3QIQOCV:00000029 [INF] Executed endpoint '"Microsoft.AspNetCore.Routing.RouteEndpoint"' (99874f2b)
2025-09-21T00:02:09.2378339+03:00 0HNFOH3QIQOCV:0000002B [INF] Executed endpoint '"Microsoft.AspNetCore.Routing.RouteEndpoint"' (99874f2b)
2025-09-21T00:02:09.2379101+03:00 0HNFOH3QIQOCV:0000002D [INF] Request finished "HTTP/2" "GET" "https"://"localhost:7287""""/GuideProfileFoto/ivana-square.jpg""" - 304 null "image/jpeg" 1.793ms (74253ad3)
2025-09-21T00:02:09.2379127+03:00 0HNFOH3QIQOCV:0000002B [INF] Request finished "HTTP/2" "GET" "https"://"localhost:7287""""/GuideProfileFoto/team-3.jpg""" - 304 null "image/jpeg" 1.808ms (74253ad3)
2025-09-21T00:02:09.2379127+03:00 0HNFOH3QIQOCV:00000027 [INF] Request finished "HTTP/2" "GET" "https"://"localhost:7287""""/GuideProfileFoto/682aa140-0aa0-4da5-a380-586f0e2382ec.jpg""" - 304 null "image/jpeg" 2.3059ms (74253ad3)
2025-09-21T00:02:09.2379126+03:00 0HNFOH3QIQOCV:0000002F [INF] Request finished "HTTP/2" "GET" "https"://"localhost:7287""""/GuideProfileFoto/fa23a58b-ee05-4efb-8985-9b82298ca66d.png""" - 304 null "image/png" 1.4835ms (74253ad3)
2025-09-21T00:02:09.2379125+03:00 0HNFOH3QIQOCV:00000029 [INF] Request finished "HTTP/2" "GET" "https"://"localhost:7287""""/GuideProfileFoto/marie.jpg""" - 304 null "image/jpeg" 1.7999ms (74253ad3)
2025-09-21T00:02:09.2619289+03:00 0HNFOH3QIQOCV:00000031 [INF] Request finished "HTTP/2" "GET" "https"://"localhost:7287""""/_vs/browserLink""" - 200 null "text/javascript; charset=UTF-8" 25.4285ms (74253ad3)
2025-09-21T00:02:09.2649342+03:00 0HNFOH3QIQOCV:00000021 [INF] Executing endpoint '"Microsoft.AspNetCore.Routing.RouteEndpoint"' (500cc934)
2025-09-21T00:02:09.2649264+03:00 0HNFOH3QIQOCV:00000023 [INF] Executing endpoint '"Microsoft.AspNetCore.Routing.RouteEndpoint"' (500cc934)
2025-09-21T00:02:09.2652867+03:00 0HNFOH3QIQOCV:00000021 [INF] The file "sneat-1.0.0/assets/js/main.js" was not modified (f1f8d725)
2025-09-21T00:02:09.2653010+03:00 0HNFOH3QIQOCV:00000023 [INF] The file "sneat-1.0.0/assets/js/dashboards-analytics.js" was not modified (f1f8d725)
2025-09-21T00:02:09.2653587+03:00 0HNFOH3QIQOCV:00000023 [INF] Executed endpoint '"Microsoft.AspNetCore.Routing.RouteEndpoint"' (99874f2b)
2025-09-21T00:02:09.2653601+03:00 0HNFOH3QIQOCV:00000021 [INF] Executed endpoint '"Microsoft.AspNetCore.Routing.RouteEndpoint"' (99874f2b)
2025-09-21T00:02:09.2654777+03:00 0HNFOH3QIQOCV:00000021 [INF] Request finished "HTTP/2" "GET" "https"://"localhost:7287""""/sneat-1.0.0/assets/js/main.js""" - 304 null "text/javascript" 40.5687ms (74253ad3)
2025-09-21T00:02:09.2654980+03:00 0HNFOH3QIQOCV:00000023 [INF] Request finished "HTTP/2" "GET" "https"://"localhost:7287""""/sneat-1.0.0/assets/js/dashboards-analytics.js""" - 304 null "text/javascript" 37.4156ms (74253ad3)
2025-09-21T00:02:09.3951515+03:00 0HNFOH3QIQOCV:00000033 [INF] Request starting "HTTP/2" "GET" "https"://"localhost:7287""""/sneat-1.0.0/assets/vendor/fonts/boxicons/boxicons.woff2""" - null null (d509f86a)
2025-09-21T00:02:09.3972139+03:00 0HNFOH3QIQOCV:00000033 [INF] Executing endpoint '"Microsoft.AspNetCore.Routing.RouteEndpoint"' (500cc934)
2025-09-21T00:02:09.3974735+03:00 0HNFOH3QIQOCV:00000033 [INF] The file "sneat-1.0.0/assets/vendor/fonts/boxicons/boxicons.woff2" was not modified (f1f8d725)
2025-09-21T00:02:09.3975231+03:00 0HNFOH3QIQOCV:00000033 [INF] Executed endpoint '"Microsoft.AspNetCore.Routing.RouteEndpoint"' (99874f2b)
2025-09-21T00:02:09.3976215+03:00 0HNFOH3QIQOCV:00000033 [INF] Request finished "HTTP/2" "GET" "https"://"localhost:7287""""/sneat-1.0.0/assets/vendor/fonts/boxicons/boxicons.woff2""" - 304 null "font/woff2" 2.4927ms (74253ad3)
2025-09-21T00:02:11.7136366+03:00 0HNFOH3QIQOCV:00000035 [INF] Request starting "HTTP/2" "GET" "https"://"localhost:7287""""/Pdf/GuideList""" - null null (d509f86a)
2025-09-21T00:02:11.7247512+03:00 0HNFOH3QIQOCV:00000035 [INF] Executing endpoint '"Traversal_Rezervasyon.Controllers.PdfController.GuideList (Traversal Rezervasyon)"' (500cc934)
2025-09-21T00:02:11.7276807+03:00 0HNFOH3QIQOCV:00000035 [INF] Route matched with "{action = \"GuideList\", controller = \"Pdf\", area = \"\"}". Executing controller action with signature "Microsoft.AspNetCore.Mvc.IActionResult GuideList()" on controller "Traversal_Rezervasyon.Controllers.PdfController" ("Traversal Rezervasyon"). (122b2fdf)
2025-09-21T00:02:12.0768589+03:00 0HNFOH3QIQOCV:00000035 [INF] Executed action "Traversal_Rezervasyon.Controllers.PdfController.GuideList (Traversal Rezervasyon)" in 349.0447ms (afa2e885)
2025-09-21T00:02:12.0769798+03:00 0HNFOH3QIQOCV:00000035 [INF] Executed endpoint '"Traversal_Rezervasyon.Controllers.PdfController.GuideList (Traversal Rezervasyon)"' (99874f2b)
2025-09-21T00:02:12.1115209+03:00 0HNFOH3QIQOCV:00000035 [ERR] An unhandled exception has occurred while executing the request. (48a46595)
System.IO.FileNotFoundException: Could not find file: /PdfDocumentation/779b84ec-3911-4f53-90ca-b83115793d8c.pdf.
File name: '/PdfDocumentation/779b84ec-3911-4f53-90ca-b83115793d8c.pdf'
   at Microsoft.AspNetCore.Mvc.Infrastructure.VirtualFileResultExecutor.ExecuteAsync(ActionContext context, VirtualFileResult result)
   at Microsoft.AspNetCore.Mvc.Infrastructure.ResourceInvoker.ResultNext[TFilter,TFilterAsync](State& next, Scope& scope, Object& state, Boolean& isCompleted)
   at Microsoft.AspNetCore.Mvc.Infrastructure.ResourceInvoker.InvokeNextResultFilterAsync[TFilter,TFilterAsync]()
--- End of stack trace from previous location ---
   at Microsoft.AspNetCore.Mvc.Infrastructure.ResourceInvoker.Rethrow(ResultExecutedContextSealed context)
   at Microsoft.AspNetCore.Mvc.Infrastructure.ResourceInvoker.ResultNext[TFilter,TFilterAsync](State& next, Scope& scope, Object& state, Boolean& isCompleted)
   at Microsoft.AspNetCore.Mvc.Infrastructure.ResourceInvoker.InvokeResultFilters()
--- End of stack trace from previous location ---
   at Microsoft.AspNetCore.Mvc.Infrastructure.ResourceInvoker.<InvokeNextResourceFilter>g__Awaited|25_0(ResourceInvoker invoker, Task lastTask, State next, Scope scope, Object state, Boolean isCompleted)
   at Microsoft.AspNetCore.Mvc.Infrastructure.ResourceInvoker.Rethrow(ResourceExecutedContextSealed context)
   at Microsoft.AspNetCore.Mvc.Infrastructure.ResourceInvoker.Next(State& next, Scope& scope, Object& state, Boolean& isCompleted)
   at Microsoft.AspNetCore.Mvc.Infrastructure.ResourceInvoker.InvokeFilterPipelineAsync()
--- End of stack trace from previous location ---
   at Microsoft.AspNetCore.Mvc.Infrastructure.ResourceInvoker.<InvokeAsync>g__Logged|17_1(ResourceInvoker invoker)
   at Microsoft.AspNetCore.Mvc.Infrastructure.ResourceInvoker.<InvokeAsync>g__Logged|17_1(ResourceInvoker invoker)
   at Microsoft.AspNetCore.Routing.EndpointMiddleware.<Invoke>g__AwaitRequestTask|7_0(Endpoint endpoint, Task requestTask, ILogger logger)
   at Microsoft.AspNetCore.Authorization.AuthorizationMiddleware.Invoke(HttpContext context)
   at Microsoft.AspNetCore.Authentication.AuthenticationMiddleware.Invoke(HttpContext context)
   at Microsoft.AspNetCore.Diagnostics.StatusCodePagesMiddleware.Invoke(HttpContext context)
   at Microsoft.AspNetCore.Diagnostics.DeveloperExceptionPageMiddlewareImpl.Invoke(HttpContext context)
2025-09-21T00:02:12.1322052+03:00 0HNFOH3QIQOCV:00000035 [INF] Request finished "HTTP/2" "GET" "https"://"localhost:7287""""/Pdf/GuideList""" - 500 null "text/html; charset=utf-8" 418.7247ms (74253ad3)
2025-09-21T00:02:12.1776002+03:00 0HNFOH3QIQOCV:00000037 [INF] Request starting "HTTP/2" "GET" "https"://"localhost:7287""""/_vs/browserLink""" - null null (d509f86a)
2025-09-21T00:02:12.1816537+03:00 0HNFOH3QIQOCV:00000039 [INF] Request starting "HTTP/2" "GET" "https"://"localhost:7287""""/_framework/aspnetcore-browser-refresh.js""" - null null (d509f86a)
2025-09-21T00:02:12.1826757+03:00 0HNFOH3QIQOCV:00000039 [INF] Request finished "HTTP/2" "GET" "https"://"localhost:7287""""/_framework/aspnetcore-browser-refresh.js""" - 200 16527 "application/javascript; charset=utf-8" 1.0061ms (74253ad3)
2025-09-21T00:02:12.1956279+03:00 0HNFOH3QIQOCV:00000037 [INF] Request finished "HTTP/2" "GET" "https"://"localhost:7287""""/_vs/browserLink""" - 200 null "text/javascript; charset=UTF-8" 17.7055ms (74253ad3)
2025-09-21T00:06:45.4884328+03:00  [INF] User profile is available. Using '"C:\Users\Lenovo\AppData\Local\ASP.NET\DataProtection-Keys"' as key repository and Windows DPAPI to encrypt keys at rest. (7ac5e29c)
2025-09-21T00:06:46.5824223+03:00  [INF] Now listening on: "https://localhost:7287" (d826f4b8)
2025-09-21T00:06:46.5826584+03:00  [INF] Now listening on: "http://localhost:5151" (d826f4b8)
2025-09-21T00:06:46.6194248+03:00  [INF] Application started. Press Ctrl+C to shut down. (dcaefe54)
2025-09-21T00:06:46.6196851+03:00  [INF] Hosting environment: "Development" (bc5a1a4e)
2025-09-21T00:06:46.6197200+03:00  [INF] Content root path: "C:\Users\Lenovo\OneDrive\Masaüstü\Yazılım\C# Programlama\Traversal Rezervasyon\Traversal Rezervasyon" (cc26f24e)
2025-09-21T00:06:47.3873594+03:00 0HNFOH6E2130B:00000001 [INF] Request starting "HTTP/2" "GET" "https"://"localhost:7287""""/Admin/Guide/Index""" - null null (d509f86a)
2025-09-21T00:06:47.8530100+03:00 0HNFOH6E2130B:00000001 [INF] Executing endpoint '"Traversal_Rezervasyon.Areas.Admin.Controllers.GuideController.Index (Traversal Rezervasyon)"' (500cc934)
2025-09-21T00:06:47.8679049+03:00 0HNFOH6E2130B:00000001 [INF] Route matched with "{area = \"Admin\", action = \"Index\", controller = \"Guide\"}". Executing controller action with signature "Microsoft.AspNetCore.Mvc.IActionResult Index()" on controller "Traversal_Rezervasyon.Areas.Admin.Controllers.GuideController" ("Traversal Rezervasyon"). (122b2fdf)
2025-09-21T00:06:47.8746297+03:00 0HNFOH6E2130B:00000001 [INF] Index Sayfasına Yönlendirildi (ee529489)
2025-09-21T00:06:49.1641034+03:00 0HNFOH6E2130B:00000001 [INF] Executing ViewResult, running view "Index". (c83d0e25)
2025-09-21T00:06:49.2492322+03:00 0HNFOH6E2130B:00000001 [INF] Executed ViewResult - view "Index" executed in 82.5683ms. (f66409e9)
2025-09-21T00:06:49.2528412+03:00 0HNFOH6E2130B:00000001 [INF] Executed action "Traversal_Rezervasyon.Areas.Admin.Controllers.GuideController.Index (Traversal Rezervasyon)" in 1384.1334ms (afa2e885)
2025-09-21T00:06:49.2536414+03:00 0HNFOH6E2130B:00000001 [INF] Executed endpoint '"Traversal_Rezervasyon.Areas.Admin.Controllers.GuideController.Index (Traversal Rezervasyon)"' (99874f2b)
2025-09-21T00:06:49.2602924+03:00 0HNFOH6E2130B:00000001 [INF] Request finished "HTTP/2" "GET" "https"://"localhost:7287""""/Admin/Guide/Index""" - 200 null "text/html; charset=utf-8" 1876.3271ms (74253ad3)
2025-09-21T00:06:49.4025040+03:00 0HNFOH6E2130B:0000000B [INF] Request starting "HTTP/2" "GET" "https"://"localhost:7287""""/sneat-1.0.0/assets/vendor/libs/perfect-scrollbar/perfect-scrollbar.css""" - null null (d509f86a)
2025-09-21T00:06:49.4025040+03:00 0HNFOH6E2130B:00000005 [INF] Request starting "HTTP/2" "GET" "https"://"localhost:7287""""/sneat-1.0.0/assets/vendor/css/core.css""" - null null (d509f86a)
2025-09-21T00:06:49.4025042+03:00 0HNFOH6E2130B:00000007 [INF] Request starting "HTTP/2" "GET" "https"://"localhost:7287""""/sneat-1.0.0/assets/vendor/css/theme-default.css""" - null null (d509f86a)
2025-09-21T00:06:49.4025041+03:00 0HNFOH6E2130B:00000003 [INF] Request starting "HTTP/2" "GET" "https"://"localhost:7287""""/sneat-1.0.0/assets/vendor/fonts/boxicons.css""" - null null (d509f86a)
2025-09-21T00:06:49.4026451+03:00 0HNFOH6E2130B:00000009 [INF] Request starting "HTTP/2" "GET" "https"://"localhost:7287""""/sneat-1.0.0/assets/css/demo.css""" - null null (d509f86a)
2025-09-21T00:06:49.4029507+03:00 0HNFOH6E2130B:0000000D [INF] Request starting "HTTP/2" "GET" "https"://"localhost:7287""""/sneat-1.0.0/assets/vendor/libs/apex-charts/apex-charts.css""" - null null (d509f86a)
2025-09-21T00:06:49.4032135+03:00 0HNFOH6E2130B:00000011 [INF] Request starting "HTTP/2" "GET" "https"://"localhost:7287""""/sneat-1.0.0/assets/js/config.js""" - null null (d509f86a)
2025-09-21T00:06:49.4032233+03:00 0HNFOH6E2130B:0000000F [INF] Request starting "HTTP/2" "GET" "https"://"localhost:7287""""/sneat-1.0.0/assets/vendor/js/helpers.js""" - null null (d509f86a)
2025-09-21T00:06:49.4203471+03:00 0HNFOH6E2130B:00000009 [INF] Executing endpoint '"Microsoft.AspNetCore.Routing.RouteEndpoint"' (500cc934)
2025-09-21T00:06:49.4203470+03:00 0HNFOH6E2130B:0000000F [INF] Executing endpoint '"Microsoft.AspNetCore.Routing.RouteEndpoint"' (500cc934)
2025-09-21T00:06:49.4203470+03:00 0HNFOH6E2130B:00000011 [INF] Executing endpoint '"Microsoft.AspNetCore.Routing.RouteEndpoint"' (500cc934)
2025-09-21T00:06:49.4203480+03:00 0HNFOH6E2130B:00000007 [INF] Executing endpoint '"Microsoft.AspNetCore.Routing.RouteEndpoint"' (500cc934)
2025-09-21T00:06:49.4203478+03:00 0HNFOH6E2130B:00000003 [INF] Executing endpoint '"Microsoft.AspNetCore.Routing.RouteEndpoint"' (500cc934)
2025-09-21T00:06:49.4203674+03:00 0HNFOH6E2130B:0000000B [INF] Executing endpoint '"Microsoft.AspNetCore.Routing.RouteEndpoint"' (500cc934)
2025-09-21T00:06:49.4203767+03:00 0HNFOH6E2130B:0000000D [INF] Executing endpoint '"Microsoft.AspNetCore.Routing.RouteEndpoint"' (500cc934)
2025-09-21T00:06:49.4203789+03:00 0HNFOH6E2130B:00000005 [INF] Executing endpoint '"Microsoft.AspNetCore.Routing.RouteEndpoint"' (500cc934)
2025-09-21T00:06:49.4245083+03:00 0HNFOH6E2130B:00000009 [INF] The file "sneat-1.0.0/assets/css/demo.css" was not modified (f1f8d725)
2025-09-21T00:06:49.4245086+03:00 0HNFOH6E2130B:00000007 [INF] The file "sneat-1.0.0/assets/vendor/css/theme-default.css" was not modified (f1f8d725)
2025-09-21T00:06:49.4245028+03:00 0HNFOH6E2130B:0000000B [INF] The file "sneat-1.0.0/assets/vendor/libs/perfect-scrollbar/perfect-scrollbar.css" was not modified (f1f8d725)
2025-09-21T00:06:49.4245148+03:00 0HNFOH6E2130B:00000005 [INF] The file "sneat-1.0.0/assets/vendor/css/core.css" was not modified (f1f8d725)
2025-09-21T00:06:49.4245231+03:00 0HNFOH6E2130B:00000011 [INF] The file "sneat-1.0.0/assets/js/config.js" was not modified (f1f8d725)
2025-09-21T00:06:49.4245036+03:00 0HNFOH6E2130B:0000000F [INF] The file "sneat-1.0.0/assets/vendor/js/helpers.js" was not modified (f1f8d725)
2025-09-21T00:06:49.4245029+03:00 0HNFOH6E2130B:0000000D [INF] The file "sneat-1.0.0/assets/vendor/libs/apex-charts/apex-charts.css" was not modified (f1f8d725)
2025-09-21T00:06:49.4245029+03:00 0HNFOH6E2130B:00000003 [INF] The file "sneat-1.0.0/assets/vendor/fonts/boxicons.css" was not modified (f1f8d725)
2025-09-21T00:06:49.4252706+03:00 0HNFOH6E2130B:00000007 [INF] Executed endpoint '"Microsoft.AspNetCore.Routing.RouteEndpoint"' (99874f2b)
2025-09-21T00:06:49.4252704+03:00 0HNFOH6E2130B:0000000B [INF] Executed endpoint '"Microsoft.AspNetCore.Routing.RouteEndpoint"' (99874f2b)
2025-09-21T00:06:49.4252707+03:00 0HNFOH6E2130B:00000003 [INF] Executed endpoint '"Microsoft.AspNetCore.Routing.RouteEndpoint"' (99874f2b)
2025-09-21T00:06:49.4252751+03:00 0HNFOH6E2130B:0000000F [INF] Executed endpoint '"Microsoft.AspNetCore.Routing.RouteEndpoint"' (99874f2b)
2025-09-21T00:06:49.4252727+03:00 0HNFOH6E2130B:0000000D [INF] Executed endpoint '"Microsoft.AspNetCore.Routing.RouteEndpoint"' (99874f2b)
2025-09-21T00:06:49.4252999+03:00 0HNFOH6E2130B:00000009 [INF] Executed endpoint '"Microsoft.AspNetCore.Routing.RouteEndpoint"' (99874f2b)
2025-09-21T00:06:49.4252748+03:00 0HNFOH6E2130B:00000005 [INF] Executed endpoint '"Microsoft.AspNetCore.Routing.RouteEndpoint"' (99874f2b)
2025-09-21T00:06:49.4253013+03:00 0HNFOH6E2130B:00000011 [INF] Executed endpoint '"Microsoft.AspNetCore.Routing.RouteEndpoint"' (99874f2b)
2025-09-21T00:06:49.4258066+03:00 0HNFOH6E2130B:00000007 [INF] Request finished "HTTP/2" "GET" "https"://"localhost:7287""""/sneat-1.0.0/assets/vendor/css/theme-default.css""" - 304 null "text/css" 23.3099ms (74253ad3)
2025-09-21T00:06:49.4258113+03:00 0HNFOH6E2130B:00000005 [INF] Request finished "HTTP/2" "GET" "https"://"localhost:7287""""/sneat-1.0.0/assets/vendor/css/core.css""" - 304 null "text/css" 23.3015ms (74253ad3)
2025-09-21T00:06:49.4258112+03:00 0HNFOH6E2130B:0000000D [INF] Request finished "HTTP/2" "GET" "https"://"localhost:7287""""/sneat-1.0.0/assets/vendor/libs/apex-charts/apex-charts.css""" - 304 null "text/css" 22.8216ms (74253ad3)
2025-09-21T00:06:49.4258124+03:00 0HNFOH6E2130B:00000003 [INF] Request finished "HTTP/2" "GET" "https"://"localhost:7287""""/sneat-1.0.0/assets/vendor/fonts/boxicons.css""" - 304 null "text/css" 23.3058ms (74253ad3)
2025-09-21T00:06:49.4258124+03:00 0HNFOH6E2130B:00000009 [INF] Request finished "HTTP/2" "GET" "https"://"localhost:7287""""/sneat-1.0.0/assets/css/demo.css""" - 304 null "text/css" 23.0891ms (74253ad3)
2025-09-21T00:06:49.4258113+03:00 0HNFOH6E2130B:00000011 [INF] Request finished "HTTP/2" "GET" "https"://"localhost:7287""""/sneat-1.0.0/assets/js/config.js""" - 304 null "text/javascript" 22.5239ms (74253ad3)
2025-09-21T00:06:49.4258140+03:00 0HNFOH6E2130B:0000000B [INF] Request finished "HTTP/2" "GET" "https"://"localhost:7287""""/sneat-1.0.0/assets/vendor/libs/perfect-scrollbar/perfect-scrollbar.css""" - 304 null "text/css" 23.2811ms (74253ad3)
2025-09-21T00:06:49.4258140+03:00 0HNFOH6E2130B:0000000F [INF] Request finished "HTTP/2" "GET" "https"://"localhost:7287""""/sneat-1.0.0/assets/vendor/js/helpers.js""" - 304 null "text/javascript" 22.5251ms (74253ad3)
2025-09-21T00:06:49.4355901+03:00 0HNFOH6E2130B:00000013 [INF] Request starting "HTTP/2" "GET" "https"://"localhost:7287""""/sneat-1.0.0/assets/img/avatars/1.png""" - null null (d509f86a)
2025-09-21T00:06:49.4355903+03:00 0HNFOH6E2130B:00000015 [INF] Request starting "HTTP/2" "GET" "https"://"localhost:7287""""/sneat-1.0.0/assets/vendor/libs/jquery/jquery.js""" - null null (d509f86a)
2025-09-21T00:06:49.4529702+03:00 0HNFOH6E2130B:00000017 [INF] Request starting "HTTP/2" "GET" "https"://"localhost:7287""""/sneat-1.0.0/assets/vendor/libs/popper/popper.js""" - null null (d509f86a)
2025-09-21T00:06:49.5388974+03:00 0HNFOH6E2130B:00000015 [INF] Executing endpoint '"Microsoft.AspNetCore.Routing.RouteEndpoint"' (500cc934)
2025-09-21T00:06:49.5389110+03:00 0HNFOH6E2130B:00000017 [INF] Executing endpoint '"Microsoft.AspNetCore.Routing.RouteEndpoint"' (500cc934)
2025-09-21T00:06:49.5389111+03:00 0HNFOH6E2130B:00000013 [INF] Executing endpoint '"Microsoft.AspNetCore.Routing.RouteEndpoint"' (500cc934)
2025-09-21T00:06:49.5393228+03:00 0HNFOH6E2130B:00000015 [INF] The file "sneat-1.0.0/assets/vendor/libs/jquery/jquery.js" was not modified (f1f8d725)
2025-09-21T00:06:49.5393229+03:00 0HNFOH6E2130B:00000017 [INF] The file "sneat-1.0.0/assets/vendor/libs/popper/popper.js" was not modified (f1f8d725)
2025-09-21T00:06:49.5393391+03:00 0HNFOH6E2130B:00000013 [INF] The file "sneat-1.0.0/assets/img/avatars/1.png" was not modified (f1f8d725)
2025-09-21T00:06:49.5394070+03:00 0HNFOH6E2130B:00000015 [INF] Executed endpoint '"Microsoft.AspNetCore.Routing.RouteEndpoint"' (99874f2b)
2025-09-21T00:06:49.5394071+03:00 0HNFOH6E2130B:00000017 [INF] Executed endpoint '"Microsoft.AspNetCore.Routing.RouteEndpoint"' (99874f2b)
2025-09-21T00:06:49.5394068+03:00 0HNFOH6E2130B:00000013 [INF] Executed endpoint '"Microsoft.AspNetCore.Routing.RouteEndpoint"' (99874f2b)
2025-09-21T00:06:49.5395552+03:00 0HNFOH6E2130B:00000015 [INF] Request finished "HTTP/2" "GET" "https"://"localhost:7287""""/sneat-1.0.0/assets/vendor/libs/jquery/jquery.js""" - 304 null "text/javascript" 104.0298ms (74253ad3)
2025-09-21T00:06:49.5395587+03:00 0HNFOH6E2130B:00000013 [INF] Request finished "HTTP/2" "GET" "https"://"localhost:7287""""/sneat-1.0.0/assets/img/avatars/1.png""" - 304 null "image/png" 104.0311ms (74253ad3)
2025-09-21T00:06:49.5395941+03:00 0HNFOH6E2130B:00000017 [INF] Request finished "HTTP/2" "GET" "https"://"localhost:7287""""/sneat-1.0.0/assets/vendor/libs/popper/popper.js""" - 304 null "text/javascript" 86.6271ms (74253ad3)
2025-09-21T00:06:49.5499935+03:00 0HNFOH6E2130B:00000019 [INF] Request starting "HTTP/2" "GET" "https"://"localhost:7287""""/sneat-1.0.0/assets/vendor/js/bootstrap.js""" - null null (d509f86a)
2025-09-21T00:06:49.5506260+03:00 0HNFOH6E2130B:0000001B [INF] Request starting "HTTP/2" "GET" "https"://"localhost:7287""""/sneat-1.0.0/assets/vendor/libs/perfect-scrollbar/perfect-scrollbar.js""" - null null (d509f86a)
2025-09-21T00:06:49.5539564+03:00 0HNFOH6E2130B:0000001B [INF] Executing endpoint '"Microsoft.AspNetCore.Routing.RouteEndpoint"' (500cc934)
2025-09-21T00:06:49.5539564+03:00 0HNFOH6E2130B:00000019 [INF] Executing endpoint '"Microsoft.AspNetCore.Routing.RouteEndpoint"' (500cc934)
2025-09-21T00:06:49.5543958+03:00 0HNFOH6E2130B:0000001B [INF] The file "sneat-1.0.0/assets/vendor/libs/perfect-scrollbar/perfect-scrollbar.js" was not modified (f1f8d725)
2025-09-21T00:06:49.5543951+03:00 0HNFOH6E2130B:00000019 [INF] The file "sneat-1.0.0/assets/vendor/js/bootstrap.js" was not modified (f1f8d725)
2025-09-21T00:06:49.5545520+03:00 0HNFOH6E2130B:0000001B [INF] Executed endpoint '"Microsoft.AspNetCore.Routing.RouteEndpoint"' (99874f2b)
2025-09-21T00:06:49.5545521+03:00 0HNFOH6E2130B:00000019 [INF] Executed endpoint '"Microsoft.AspNetCore.Routing.RouteEndpoint"' (99874f2b)
2025-09-21T00:06:49.5547822+03:00 0HNFOH6E2130B:0000001B [INF] Request finished "HTTP/2" "GET" "https"://"localhost:7287""""/sneat-1.0.0/assets/vendor/libs/perfect-scrollbar/perfect-scrollbar.js""" - 304 null "text/javascript" 4.1387ms (74253ad3)
2025-09-21T00:06:49.5547887+03:00 0HNFOH6E2130B:00000019 [INF] Request finished "HTTP/2" "GET" "https"://"localhost:7287""""/sneat-1.0.0/assets/vendor/js/bootstrap.js""" - 304 null "text/javascript" 4.8207ms (74253ad3)
2025-09-21T00:06:49.5548904+03:00 0HNFOH6E2130B:0000001D [INF] Request starting "HTTP/2" "GET" "https"://"localhost:7287""""/sneat-1.0.0/assets/vendor/js/menu.js""" - null null (d509f86a)
2025-09-21T00:06:49.5558355+03:00 0HNFOH6E2130B:0000001D [INF] Executing endpoint '"Microsoft.AspNetCore.Routing.RouteEndpoint"' (500cc934)
2025-09-21T00:06:49.5562785+03:00 0HNFOH6E2130B:0000001D [INF] The file "sneat-1.0.0/assets/vendor/js/menu.js" was not modified (f1f8d725)
2025-09-21T00:06:49.5563942+03:00 0HNFOH6E2130B:0000001D [INF] Executed endpoint '"Microsoft.AspNetCore.Routing.RouteEndpoint"' (99874f2b)
2025-09-21T00:06:49.5565771+03:00 0HNFOH6E2130B:0000001D [INF] Request finished "HTTP/2" "GET" "https"://"localhost:7287""""/sneat-1.0.0/assets/vendor/js/menu.js""" - 304 null "text/javascript" 1.6704ms (74253ad3)
2025-09-21T00:06:49.5821900+03:00 0HNFOH6E2130B:00000021 [INF] Request starting "HTTP/2" "GET" "https"://"localhost:7287""""/sneat-1.0.0/assets/js/main.js""" - null null (d509f86a)
2025-09-21T00:06:49.5821899+03:00 0HNFOH6E2130B:0000001F [INF] Request starting "HTTP/2" "GET" "https"://"localhost:7287""""/sneat-1.0.0/assets/vendor/libs/apex-charts/apexcharts.js""" - null null (d509f86a)
2025-09-21T00:06:49.5852580+03:00 0HNFOH6E2130B:00000023 [INF] Request starting "HTTP/2" "GET" "https"://"localhost:7287""""/sneat-1.0.0/assets/js/dashboards-analytics.js""" - null null (d509f86a)
2025-09-21T00:06:49.5855205+03:00 0HNFOH6E2130B:0000001F [INF] Executing endpoint '"Microsoft.AspNetCore.Routing.RouteEndpoint"' (500cc934)
2025-09-21T00:06:49.5858970+03:00 0HNFOH6E2130B:0000001F [INF] The file "sneat-1.0.0/assets/vendor/libs/apex-charts/apexcharts.js" was not modified (f1f8d725)
2025-09-21T00:06:49.5860227+03:00 0HNFOH6E2130B:0000001F [INF] Executed endpoint '"Microsoft.AspNetCore.Routing.RouteEndpoint"' (99874f2b)
2025-09-21T00:06:49.5861904+03:00 0HNFOH6E2130B:0000001F [INF] Request finished "HTTP/2" "GET" "https"://"localhost:7287""""/sneat-1.0.0/assets/vendor/libs/apex-charts/apexcharts.js""" - 304 null "text/javascript" 4.0633ms (74253ad3)
2025-09-21T00:06:49.6108937+03:00 0HNFOH6E2130B:00000025 [INF] Request starting "HTTP/2" "GET" "https"://"localhost:7287""""/_framework/aspnetcore-browser-refresh.js""" - null null (d509f86a)
2025-09-21T00:06:49.6152639+03:00 0HNFOH6E2130B:00000025 [INF] Request finished "HTTP/2" "GET" "https"://"localhost:7287""""/_framework/aspnetcore-browser-refresh.js""" - 200 16527 "application/javascript; charset=utf-8" 4.2948ms (74253ad3)
2025-09-21T00:06:49.6200353+03:00 0HNFOH6E2130B:00000023 [INF] Executing endpoint '"Microsoft.AspNetCore.Routing.RouteEndpoint"' (500cc934)
2025-09-21T00:06:49.6200354+03:00 0HNFOH6E2130B:00000021 [INF] Executing endpoint '"Microsoft.AspNetCore.Routing.RouteEndpoint"' (500cc934)
2025-09-21T00:06:49.6203242+03:00 0HNFOH6E2130B:00000021 [INF] The file "sneat-1.0.0/assets/js/main.js" was not modified (f1f8d725)
2025-09-21T00:06:49.6203310+03:00 0HNFOH6E2130B:00000023 [INF] The file "sneat-1.0.0/assets/js/dashboards-analytics.js" was not modified (f1f8d725)
2025-09-21T00:06:49.6204040+03:00 0HNFOH6E2130B:00000021 [INF] Executed endpoint '"Microsoft.AspNetCore.Routing.RouteEndpoint"' (99874f2b)
2025-09-21T00:06:49.6204019+03:00 0HNFOH6E2130B:00000023 [INF] Executed endpoint '"Microsoft.AspNetCore.Routing.RouteEndpoint"' (99874f2b)
2025-09-21T00:06:49.6205938+03:00 0HNFOH6E2130B:00000021 [INF] Request finished "HTTP/2" "GET" "https"://"localhost:7287""""/sneat-1.0.0/assets/js/main.js""" - 304 null "text/javascript" 38.4536ms (74253ad3)
2025-09-21T00:06:49.6205970+03:00 0HNFOH6E2130B:00000023 [INF] Request finished "HTTP/2" "GET" "https"://"localhost:7287""""/sneat-1.0.0/assets/js/dashboards-analytics.js""" - 304 null "text/javascript" 35.3609ms (74253ad3)
2025-09-21T00:06:49.6371572+03:00 0HNFOH6E2130B:00000027 [INF] Request starting "HTTP/2" "GET" "https"://"localhost:7287""""/GuideProfileFoto/682aa140-0aa0-4da5-a380-586f0e2382ec.jpg""" - null null (d509f86a)
2025-09-21T00:06:49.6382571+03:00 0HNFOH6E2130B:00000027 [INF] Executing endpoint '"Microsoft.AspNetCore.Routing.RouteEndpoint"' (500cc934)
2025-09-21T00:06:49.6385033+03:00 0HNFOH6E2130B:00000027 [INF] The file "GuideProfileFoto/682aa140-0aa0-4da5-a380-586f0e2382ec.jpg" was not modified (f1f8d725)
2025-09-21T00:06:49.6385835+03:00 0HNFOH6E2130B:00000027 [INF] Executed endpoint '"Microsoft.AspNetCore.Routing.RouteEndpoint"' (99874f2b)
2025-09-21T00:06:49.6387035+03:00 0HNFOH6E2130B:00000027 [INF] Request finished "HTTP/2" "GET" "https"://"localhost:7287""""/GuideProfileFoto/682aa140-0aa0-4da5-a380-586f0e2382ec.jpg""" - 304 null "image/jpeg" 1.5734ms (74253ad3)
2025-09-21T00:06:49.7098485+03:00 0HNFOH6E2130B:00000029 [INF] Request starting "HTTP/2" "GET" "https"://"localhost:7287""""/GuideProfileFoto/marie.jpg""" - null null (d509f86a)
2025-09-21T00:06:49.7154624+03:00 0HNFOH6E2130B:0000002B [INF] Request starting "HTTP/2" "GET" "https"://"localhost:7287""""/GuideProfileFoto/team-3.jpg""" - null null (d509f86a)
2025-09-21T00:06:49.7155752+03:00 0HNFOH6E2130B:0000002D [INF] Request starting "HTTP/2" "GET" "https"://"localhost:7287""""/GuideProfileFoto/ivana-square.jpg""" - null null (d509f86a)
2025-09-21T00:06:49.7168150+03:00 0HNFOH6E2130B:00000029 [INF] Executing endpoint '"Microsoft.AspNetCore.Routing.RouteEndpoint"' (500cc934)
2025-09-21T00:06:49.7168149+03:00 0HNFOH6E2130B:0000002B [INF] Executing endpoint '"Microsoft.AspNetCore.Routing.RouteEndpoint"' (500cc934)
2025-09-21T00:06:49.7168150+03:00 0HNFOH6E2130B:0000002D [INF] Executing endpoint '"Microsoft.AspNetCore.Routing.RouteEndpoint"' (500cc934)
2025-09-21T00:06:49.7171129+03:00 0HNFOH6E2130B:0000002B [INF] The file "GuideProfileFoto/team-3.jpg" was not modified (f1f8d725)
2025-09-21T00:06:49.7171448+03:00 0HNFOH6E2130B:0000002D [INF] The file "GuideProfileFoto/ivana-square.jpg" was not modified (f1f8d725)
2025-09-21T00:06:49.7171444+03:00 0HNFOH6E2130B:00000029 [INF] The file "GuideProfileFoto/marie.jpg" was not modified (f1f8d725)
2025-09-21T00:06:49.7172061+03:00 0HNFOH6E2130B:0000002D [INF] Executed endpoint '"Microsoft.AspNetCore.Routing.RouteEndpoint"' (99874f2b)
2025-09-21T00:06:49.7172060+03:00 0HNFOH6E2130B:00000029 [INF] Executed endpoint '"Microsoft.AspNetCore.Routing.RouteEndpoint"' (99874f2b)
2025-09-21T00:06:49.7171922+03:00 0HNFOH6E2130B:0000002B [INF] Executed endpoint '"Microsoft.AspNetCore.Routing.RouteEndpoint"' (99874f2b)
2025-09-21T00:06:49.7173481+03:00 0HNFOH6E2130B:0000002D [INF] Request finished "HTTP/2" "GET" "https"://"localhost:7287""""/GuideProfileFoto/ivana-square.jpg""" - 304 null "image/jpeg" 1.7726ms (74253ad3)
2025-09-21T00:06:49.7173485+03:00 0HNFOH6E2130B:00000029 [INF] Request finished "HTTP/2" "GET" "https"://"localhost:7287""""/GuideProfileFoto/marie.jpg""" - 304 null "image/jpeg" 7.515ms (74253ad3)
2025-09-21T00:06:49.7173547+03:00 0HNFOH6E2130B:0000002B [INF] Request finished "HTTP/2" "GET" "https"://"localhost:7287""""/GuideProfileFoto/team-3.jpg""" - 304 null "image/jpeg" 1.9069ms (74253ad3)
2025-09-21T00:06:49.7257144+03:00 0HNFOH6E2130B:00000031 [INF] Request starting "HTTP/2" "GET" "https"://"localhost:7287""""/_vs/browserLink""" - null null (d509f86a)
2025-09-21T00:06:49.7257166+03:00 0HNFOH6E2130B:0000002F [INF] Request starting "HTTP/2" "GET" "https"://"localhost:7287""""/GuideProfileFoto/fa23a58b-ee05-4efb-8985-9b82298ca66d.png""" - null null (d509f86a)
2025-09-21T00:06:49.7271258+03:00 0HNFOH6E2130B:0000002F [INF] Executing endpoint '"Microsoft.AspNetCore.Routing.RouteEndpoint"' (500cc934)
2025-09-21T00:06:49.7275886+03:00 0HNFOH6E2130B:0000002F [INF] The file "GuideProfileFoto/fa23a58b-ee05-4efb-8985-9b82298ca66d.png" was not modified (f1f8d725)
2025-09-21T00:06:49.7276839+03:00 0HNFOH6E2130B:0000002F [INF] Executed endpoint '"Microsoft.AspNetCore.Routing.RouteEndpoint"' (99874f2b)
2025-09-21T00:06:49.7278701+03:00 0HNFOH6E2130B:0000002F [INF] Request finished "HTTP/2" "GET" "https"://"localhost:7287""""/GuideProfileFoto/fa23a58b-ee05-4efb-8985-9b82298ca66d.png""" - 304 null "image/png" 2.1549ms (74253ad3)
2025-09-21T00:06:49.7397031+03:00 0HNFOH6E2130B:00000033 [INF] Request starting "HTTP/2" "GET" "https"://"localhost:7287""""/sneat-1.0.0/assets/vendor/fonts/boxicons/boxicons.woff2""" - null null (d509f86a)
2025-09-21T00:06:49.7419916+03:00 0HNFOH6E2130B:00000033 [INF] Executing endpoint '"Microsoft.AspNetCore.Routing.RouteEndpoint"' (500cc934)
2025-09-21T00:06:49.7425694+03:00 0HNFOH6E2130B:00000033 [INF] The file "sneat-1.0.0/assets/vendor/fonts/boxicons/boxicons.woff2" was not modified (f1f8d725)
2025-09-21T00:06:49.7426995+03:00 0HNFOH6E2130B:00000033 [INF] Executed endpoint '"Microsoft.AspNetCore.Routing.RouteEndpoint"' (99874f2b)
2025-09-21T00:06:49.7428849+03:00 0HNFOH6E2130B:00000033 [INF] Request finished "HTTP/2" "GET" "https"://"localhost:7287""""/sneat-1.0.0/assets/vendor/fonts/boxicons/boxicons.woff2""" - 304 null "font/woff2" 3.1901ms (74253ad3)
2025-09-21T00:06:49.7526896+03:00 0HNFOH6E2130B:00000031 [INF] Request finished "HTTP/2" "GET" "https"://"localhost:7287""""/_vs/browserLink""" - 200 null "text/javascript; charset=UTF-8" 26.8991ms (74253ad3)
2025-09-21T00:06:57.9777589+03:00 0HNFOH6E2130B:00000035 [INF] Request starting "HTTP/2" "GET" "https"://"localhost:7287""""/Pdf/GuideList""" - null null (d509f86a)
2025-09-21T00:06:57.9886930+03:00 0HNFOH6E2130B:00000035 [INF] Executing endpoint '"Traversal_Rezervasyon.Controllers.PdfController.GuideList (Traversal Rezervasyon)"' (500cc934)
2025-09-21T00:06:57.9910367+03:00 0HNFOH6E2130B:00000035 [INF] Route matched with "{action = \"GuideList\", controller = \"Pdf\", area = \"\"}". Executing controller action with signature "Microsoft.AspNetCore.Mvc.IActionResult GuideList()" on controller "Traversal_Rezervasyon.Controllers.PdfController" ("Traversal Rezervasyon"). (122b2fdf)
2025-09-21T00:06:58.4010700+03:00 0HNFOH6E2130B:00000035 [INF] Executing "VirtualFileResult", sending file '"/PdfDocumentation/56312007-b88f-4b2a-ae0d-4f5ac7d3fde5.pdf"' with download name '"56312007-b88f-4b2a-ae0d-4f5ac7d3fde5.pdf"' ... (5a6f99a2)
2025-09-21T00:06:58.4339075+03:00 0HNFOH6E2130B:00000035 [INF] Executed action "Traversal_Rezervasyon.Controllers.PdfController.GuideList (Traversal Rezervasyon)" in 442.7331ms (afa2e885)
2025-09-21T00:06:58.4344310+03:00 0HNFOH6E2130B:00000035 [INF] Executed endpoint '"Traversal_Rezervasyon.Controllers.PdfController.GuideList (Traversal Rezervasyon)"' (99874f2b)
2025-09-21T00:06:58.4352203+03:00 0HNFOH6E2130B:00000035 [INF] Request finished "HTTP/2" "GET" "https"://"localhost:7287""""/Pdf/GuideList""" - 200 1155 "application/pdf" 457.2037ms (74253ad3)
