2025-09-19T13:07:52.1653030+03:00  [INF] User profile is available. Using '"C:\Users\Lenovo\AppData\Local\ASP.NET\DataProtection-Keys"' as key repository and Windows DPAPI to encrypt keys at rest. (7ac5e29c)
2025-09-19T13:07:53.4724732+03:00  [INF] Now listening on: "https://localhost:7287" (d826f4b8)
2025-09-19T13:07:53.4726581+03:00  [INF] Now listening on: "http://localhost:5151" (d826f4b8)
2025-09-19T13:07:53.5081529+03:00  [INF] Application started. Press Ctrl+C to shut down. (dcaefe54)
2025-09-19T13:07:53.5085353+03:00  [INF] Hosting environment: "Development" (bc5a1a4e)
2025-09-19T13:07:53.5086035+03:00  [INF] Content root path: "C:\Users\Lenovo\OneDrive\Masaüstü\Yazılım\C# Programlama\Traversal Rezervasyon\Traversal Rezervasyon" (cc26f24e)
2025-09-19T13:07:54.0285714+03:00 0HNFNCHIUGJN5:00000001 [INF] Request starting "HTTP/2" "GET" "https"://"localhost:7287""""/Destination/Index""" - null null (d509f86a)
2025-09-19T13:07:58.0575133+03:00 0HNFNCHIUGJN5:00000001 [INF] Executing endpoint '"Traversal_Rezervasyon.Controllers.DestinationController.Index (Traversal Rezervasyon)"' (500cc934)
2025-09-19T13:07:58.0711362+03:00 0HNFNCHIUGJN5:00000001 [INF] Route matched with "{action = \"Index\", controller = \"Destination\", area = \"\"}". Executing controller action with signature "Microsoft.AspNetCore.Mvc.IActionResult Index()" on controller "Traversal_Rezervasyon.Controllers.DestinationController" ("Traversal Rezervasyon"). (122b2fdf)
2025-09-19T13:07:58.2111888+03:00 0HNFNCHIUGJN5:00000001 [INF] Executing ViewResult, running view "Index". (c83d0e25)
2025-09-19T13:07:58.2937465+03:00 0HNFNCHIUGJN5:00000001 [INF] Executed ViewResult - view "Index" executed in 84.504ms. (f66409e9)
2025-09-19T13:07:58.2956372+03:00 0HNFNCHIUGJN5:00000001 [INF] Executed action "Traversal_Rezervasyon.Controllers.DestinationController.Index (Traversal Rezervasyon)" in 223.3179ms (afa2e885)
2025-09-19T13:07:58.2960073+03:00 0HNFNCHIUGJN5:00000001 [INF] Executed endpoint '"Traversal_Rezervasyon.Controllers.DestinationController.Index (Traversal Rezervasyon)"' (99874f2b)
2025-09-19T13:07:58.3020996+03:00 0HNFNCHIUGJN5:00000001 [INF] Request finished "HTTP/2" "GET" "https"://"localhost:7287""""/Destination/Index""" - 200 null "text/html; charset=utf-8" 4275.495ms (74253ad3)
2025-09-19T13:07:58.4233405+03:00 0HNFNCHIUGJN5:00000003 [INF] Request starting "HTTP/2" "GET" "https"://"localhost:7287""""/_framework/aspnetcore-browser-refresh.js""" - null null (d509f86a)
2025-09-19T13:07:58.4233443+03:00 0HNFNCHIUGJN5:0000000D [INF] Request starting "HTTP/2" "GET" "https"://"localhost:7287""""/Traversal-Starter/assets/images/g4.jpg""" - null null (d509f86a)
2025-09-19T13:07:58.4233408+03:00 0HNFNCHIUGJN5:00000009 [INF] Request starting "HTTP/2" "GET" "https"://"localhost:7287""""/Traversal-Starter/assets/images/g1.jpg""" - null null (d509f86a)
2025-09-19T13:07:58.4233403+03:00 0HNFNCHIUGJN5:00000005 [INF] Request starting "HTTP/2" "GET" "https"://"localhost:7287""""/Destination/assets/css/style-liberty.css""" - null null (d509f86a)
2025-09-19T13:07:58.4233933+03:00 0HNFNCHIUGJN5:00000007 [INF] Request starting "HTTP/2" "GET" "https"://"localhost:7287""""/Traversal-Starter/assets/images/g3.jpg""" - null null (d509f86a)
2025-09-19T13:07:58.4237763+03:00 0HNFNCHIUGJN5:0000000B [INF] Request starting "HTTP/2" "GET" "https"://"localhost:7287""""/Traversal-Starter/assets/images/g6.jpg""" - null null (d509f86a)
2025-09-19T13:07:58.4257637+03:00 0HNFNCHIUGJN5:0000000F [INF] Request starting "HTTP/2" "GET" "https"://"localhost:7287""""/Traversal-Liberty/assets/css/style-liberty.css""" - null null (d509f86a)
2025-09-19T13:07:58.4291977+03:00 0HNFNCHIUGJN5:00000011 [INF] Request starting "HTTP/2" "GET" "https"://"localhost:7287""""/Traversal-Starter/assets/images/g5.jpg""" - null null (d509f86a)
2025-09-19T13:07:58.4311741+03:00 0HNFNCHIUGJN5:00000013 [INF] Request starting "HTTP/2" "GET" "https"://"localhost:7287""""/Traversal-Liberty/assets/js/bootstrap.min.js""" - null null (d509f86a)
2025-09-19T13:07:58.4313297+03:00 0HNFNCHIUGJN5:00000015 [INF] Request starting "HTTP/2" "GET" "https"://"localhost:7287""""/Traversal-Liberty/assets/js/jquery-3.3.1.min.js""" - null null (d509f86a)
2025-09-19T13:07:58.4315787+03:00 0HNFNCHIUGJN5:00000017 [INF] Request starting "HTTP/2" "GET" "https"://"localhost:7287""""/Traversal-Liberty/assets/js/theme-change.js""" - null null (d509f86a)
2025-09-19T13:07:58.4319518+03:00 0HNFNCHIUGJN5:00000019 [INF] Request starting "HTTP/2" "GET" "https"://"localhost:7287""""/Traversal-Liberty/assets/js/jquery.countup.js""" - null null (d509f86a)
2025-09-19T13:07:58.4322918+03:00 0HNFNCHIUGJN5:0000001B [INF] Request starting "HTTP/2" "GET" "https"://"localhost:7287""""/Traversal-Liberty/assets/js/jquery.waypoints.min.js""" - null null (d509f86a)
2025-09-19T13:07:58.4322894+03:00 0HNFNCHIUGJN5:0000001D [INF] Request starting "HTTP/2" "GET" "https"://"localhost:7287""""/_vs/browserLink""" - null null (d509f86a)
2025-09-19T13:07:58.4440530+03:00 0HNFNCHIUGJN5:0000000B [INF] Executing endpoint '"Microsoft.AspNetCore.Routing.RouteEndpoint"' (500cc934)
2025-09-19T13:07:58.4440529+03:00 0HNFNCHIUGJN5:00000009 [INF] Executing endpoint '"Microsoft.AspNetCore.Routing.RouteEndpoint"' (500cc934)
2025-09-19T13:07:58.4440526+03:00 0HNFNCHIUGJN5:0000000F [INF] Executing endpoint '"Microsoft.AspNetCore.Routing.RouteEndpoint"' (500cc934)
2025-09-19T13:07:58.4440529+03:00 0HNFNCHIUGJN5:00000013 [INF] Executing endpoint '"Microsoft.AspNetCore.Routing.RouteEndpoint"' (500cc934)
2025-09-19T13:07:58.4440526+03:00 0HNFNCHIUGJN5:0000000D [INF] Executing endpoint '"Microsoft.AspNetCore.Routing.RouteEndpoint"' (500cc934)
2025-09-19T13:07:58.4440529+03:00 0HNFNCHIUGJN5:00000019 [INF] Executing endpoint '"Microsoft.AspNetCore.Routing.RouteEndpoint"' (500cc934)
2025-09-19T13:07:58.4440788+03:00 0HNFNCHIUGJN5:00000007 [INF] Executing endpoint '"Microsoft.AspNetCore.Routing.RouteEndpoint"' (500cc934)
2025-09-19T13:07:58.4441086+03:00 0HNFNCHIUGJN5:00000015 [INF] Executing endpoint '"Microsoft.AspNetCore.Routing.RouteEndpoint"' (500cc934)
2025-09-19T13:07:58.4442584+03:00 0HNFNCHIUGJN5:00000011 [INF] Executing endpoint '"Microsoft.AspNetCore.Routing.RouteEndpoint"' (500cc934)
2025-09-19T13:07:58.4442629+03:00 0HNFNCHIUGJN5:00000017 [INF] Executing endpoint '"Microsoft.AspNetCore.Routing.RouteEndpoint"' (500cc934)
2025-09-19T13:07:58.4442740+03:00 0HNFNCHIUGJN5:0000001B [INF] Executing endpoint '"Microsoft.AspNetCore.Routing.RouteEndpoint"' (500cc934)
2025-09-19T13:07:58.4513285+03:00 0HNFNCHIUGJN5:00000015 [INF] The file "Traversal-Liberty/assets/js/jquery-3.3.1.min.js" was not modified (f1f8d725)
2025-09-19T13:07:58.4513247+03:00 0HNFNCHIUGJN5:00000009 [INF] The file "Traversal-Starter/assets/images/g1.jpg" was not modified (f1f8d725)
2025-09-19T13:07:58.4513300+03:00 0HNFNCHIUGJN5:0000000F [INF] The file "Traversal-Liberty/assets/css/style-liberty.css" was not modified (f1f8d725)
2025-09-19T13:07:58.4513273+03:00 0HNFNCHIUGJN5:0000001B [INF] The file "Traversal-Liberty/assets/js/jquery.waypoints.min.js" was not modified (f1f8d725)
2025-09-19T13:07:58.4513530+03:00 0HNFNCHIUGJN5:00000011 [INF] The file "Traversal-Starter/assets/images/g5.jpg" was not modified (f1f8d725)
2025-09-19T13:07:58.4513575+03:00 0HNFNCHIUGJN5:0000000D [INF] The file "Traversal-Starter/assets/images/g4.jpg" was not modified (f1f8d725)
2025-09-19T13:07:58.4513575+03:00 0HNFNCHIUGJN5:0000000B [INF] The file "Traversal-Starter/assets/images/g6.jpg" was not modified (f1f8d725)
2025-09-19T13:07:58.4513512+03:00 0HNFNCHIUGJN5:00000007 [INF] The file "Traversal-Starter/assets/images/g3.jpg" was not modified (f1f8d725)
2025-09-19T13:07:58.4513512+03:00 0HNFNCHIUGJN5:00000017 [INF] The file "Traversal-Liberty/assets/js/theme-change.js" was not modified (f1f8d725)
2025-09-19T13:07:58.4514805+03:00 0HNFNCHIUGJN5:00000013 [INF] The file "Traversal-Liberty/assets/js/bootstrap.min.js" was not modified (f1f8d725)
2025-09-19T13:07:58.4514453+03:00 0HNFNCHIUGJN5:00000019 [INF] The file "Traversal-Liberty/assets/js/jquery.countup.js" was not modified (f1f8d725)
2025-09-19T13:07:58.4526892+03:00 0HNFNCHIUGJN5:00000017 [INF] Executed endpoint '"Microsoft.AspNetCore.Routing.RouteEndpoint"' (99874f2b)
2025-09-19T13:07:58.4526891+03:00 0HNFNCHIUGJN5:00000015 [INF] Executed endpoint '"Microsoft.AspNetCore.Routing.RouteEndpoint"' (99874f2b)
2025-09-19T13:07:58.4526892+03:00 0HNFNCHIUGJN5:00000011 [INF] Executed endpoint '"Microsoft.AspNetCore.Routing.RouteEndpoint"' (99874f2b)
2025-09-19T13:07:58.4526892+03:00 0HNFNCHIUGJN5:0000000F [INF] Executed endpoint '"Microsoft.AspNetCore.Routing.RouteEndpoint"' (99874f2b)
2025-09-19T13:07:58.4527118+03:00 0HNFNCHIUGJN5:00000013 [INF] Executed endpoint '"Microsoft.AspNetCore.Routing.RouteEndpoint"' (99874f2b)
2025-09-19T13:07:58.4527118+03:00 0HNFNCHIUGJN5:00000019 [INF] Executed endpoint '"Microsoft.AspNetCore.Routing.RouteEndpoint"' (99874f2b)
2025-09-19T13:07:58.4528015+03:00 0HNFNCHIUGJN5:00000009 [INF] Executed endpoint '"Microsoft.AspNetCore.Routing.RouteEndpoint"' (99874f2b)
2025-09-19T13:07:58.4528563+03:00 0HNFNCHIUGJN5:00000007 [INF] Executed endpoint '"Microsoft.AspNetCore.Routing.RouteEndpoint"' (99874f2b)
2025-09-19T13:07:58.4528556+03:00 0HNFNCHIUGJN5:0000000B [INF] Executed endpoint '"Microsoft.AspNetCore.Routing.RouteEndpoint"' (99874f2b)
2025-09-19T13:07:58.4530112+03:00 0HNFNCHIUGJN5:0000000D [INF] Executed endpoint '"Microsoft.AspNetCore.Routing.RouteEndpoint"' (99874f2b)
2025-09-19T13:07:58.4532256+03:00 0HNFNCHIUGJN5:00000007 [INF] Request finished "HTTP/2" "GET" "https"://"localhost:7287""""/Traversal-Starter/assets/images/g3.jpg""" - 304 null "image/jpeg" 29.8548ms (74253ad3)
2025-09-19T13:07:58.4532247+03:00 0HNFNCHIUGJN5:0000000D [INF] Request finished "HTTP/2" "GET" "https"://"localhost:7287""""/Traversal-Starter/assets/images/g4.jpg""" - 304 null "image/jpeg" 29.8342ms (74253ad3)
2025-09-19T13:07:58.4532248+03:00 0HNFNCHIUGJN5:0000000B [INF] Request finished "HTTP/2" "GET" "https"://"localhost:7287""""/Traversal-Starter/assets/images/g6.jpg""" - 304 null "image/jpeg" 29.3935ms (74253ad3)
2025-09-19T13:07:58.4532245+03:00 0HNFNCHIUGJN5:00000011 [INF] Request finished "HTTP/2" "GET" "https"://"localhost:7287""""/Traversal-Starter/assets/images/g5.jpg""" - 304 null "image/jpeg" 25.4734ms (74253ad3)
2025-09-19T13:07:58.4532278+03:00 0HNFNCHIUGJN5:00000019 [INF] Request finished "HTTP/2" "GET" "https"://"localhost:7287""""/Traversal-Liberty/assets/js/jquery.countup.js""" - 304 null "text/javascript" 21.2434ms (74253ad3)
2025-09-19T13:07:58.4532263+03:00 0HNFNCHIUGJN5:0000000F [INF] Request finished "HTTP/2" "GET" "https"://"localhost:7287""""/Traversal-Liberty/assets/css/style-liberty.css""" - 304 null "text/css" 27.4459ms (74253ad3)
2025-09-19T13:07:58.4532346+03:00 0HNFNCHIUGJN5:00000009 [INF] Request finished "HTTP/2" "GET" "https"://"localhost:7287""""/Traversal-Starter/assets/images/g1.jpg""" - 304 null "image/jpeg" 29.9098ms (74253ad3)
2025-09-19T13:07:58.4532346+03:00 0HNFNCHIUGJN5:00000017 [INF] Request finished "HTTP/2" "GET" "https"://"localhost:7287""""/Traversal-Liberty/assets/js/theme-change.js""" - 304 null "text/javascript" 21.5737ms (74253ad3)
2025-09-19T13:07:58.4532377+03:00 0HNFNCHIUGJN5:00000013 [INF] Request finished "HTTP/2" "GET" "https"://"localhost:7287""""/Traversal-Liberty/assets/js/bootstrap.min.js""" - 304 null "text/javascript" 22.0434ms (74253ad3)
2025-09-19T13:07:58.4535891+03:00 0HNFNCHIUGJN5:0000001B [INF] Executed endpoint '"Microsoft.AspNetCore.Routing.RouteEndpoint"' (99874f2b)
2025-09-19T13:07:58.4535860+03:00 0HNFNCHIUGJN5:00000015 [INF] Request finished "HTTP/2" "GET" "https"://"localhost:7287""""/Traversal-Liberty/assets/js/jquery-3.3.1.min.js""" - 304 null "text/javascript" 21.818ms (74253ad3)
2025-09-19T13:07:58.4539012+03:00 0HNFNCHIUGJN5:0000001B [INF] Request finished "HTTP/2" "GET" "https"://"localhost:7287""""/Traversal-Liberty/assets/js/jquery.waypoints.min.js""" - 304 null "text/javascript" 21.6261ms (74253ad3)
2025-09-19T13:07:58.4545783+03:00 0HNFNCHIUGJN5:00000003 [INF] Request finished "HTTP/2" "GET" "https"://"localhost:7287""""/_framework/aspnetcore-browser-refresh.js""" - 200 16527 "application/javascript; charset=utf-8" 31.2423ms (74253ad3)
2025-09-19T13:07:58.5229753+03:00 0HNFNCHIUGJN5:0000001D [INF] Request finished "HTTP/2" "GET" "https"://"localhost:7287""""/_vs/browserLink""" - 200 null "text/javascript; charset=UTF-8" 90.6303ms (74253ad3)
2025-09-19T13:07:58.6644972+03:00 0HNFNCHIUGJN5:00000005 [INF] Executing endpoint '"Traversal_Rezervasyon.Areas.Admin.Controllers._404PagesController.Index (Traversal Rezervasyon)"' (500cc934)
2025-09-19T13:07:58.6669194+03:00 0HNFNCHIUGJN5:00000005 [INF] Route matched with "{area = \"Admin\", action = \"Index\", controller = \"_404Pages\"}". Executing controller action with signature "Microsoft.AspNetCore.Mvc.IActionResult Index()" on controller "Traversal_Rezervasyon.Areas.Admin.Controllers._404PagesController" ("Traversal Rezervasyon"). (122b2fdf)
2025-09-19T13:07:58.6714073+03:00 0HNFNCHIUGJN5:00000005 [INF] Executing ViewResult, running view "Index". (c83d0e25)
2025-09-19T13:07:58.6813438+03:00 0HNFNCHIUGJN5:00000005 [INF] Executed ViewResult - view "Index" executed in 11.4421ms. (f66409e9)
2025-09-19T13:07:58.6816478+03:00 0HNFNCHIUGJN5:00000005 [INF] Executed action "Traversal_Rezervasyon.Areas.Admin.Controllers._404PagesController.Index (Traversal Rezervasyon)" in 14.628ms (afa2e885)
2025-09-19T13:07:58.6816909+03:00 0HNFNCHIUGJN5:00000005 [INF] Executed endpoint '"Traversal_Rezervasyon.Areas.Admin.Controllers._404PagesController.Index (Traversal Rezervasyon)"' (99874f2b)
2025-09-19T13:07:58.6823574+03:00 0HNFNCHIUGJN5:00000005 [INF] Request finished "HTTP/2" "GET" "https"://"localhost:7287""""/Destination/assets/css/style-liberty.css""" - 404 null "text/html; charset=utf-8" 259.0177ms (74253ad3)
2025-09-19T13:07:58.6828422+03:00 0HNFNCHIUGJN5:00000005 [INF] Request reached the end of the middleware pipeline without being handled by application code. Request path: "GET" "https"://"localhost:7287""""/Destination/assets/css/style-liberty.css", Response status code: 404 (e353595a)
2025-09-19T13:07:58.7149338+03:00 0HNFNCHIUGJN5:0000001F [INF] Request starting "HTTP/2" "GET" "https"://"localhost:7287""""/Traversal-Liberty/assets/images/banner2.jpg""" - null null (d509f86a)
2025-09-19T13:07:58.7619430+03:00 0HNFNCHIUGJN5:0000001F [INF] Executing endpoint '"Microsoft.AspNetCore.Routing.RouteEndpoint"' (500cc934)
2025-09-19T13:07:58.7623999+03:00 0HNFNCHIUGJN5:0000001F [INF] The file "Traversal-Liberty/assets/images/banner2.jpg" was not modified (f1f8d725)
2025-09-19T13:07:58.7624874+03:00 0HNFNCHIUGJN5:0000001F [INF] Executed endpoint '"Microsoft.AspNetCore.Routing.RouteEndpoint"' (99874f2b)
2025-09-19T13:07:58.7626550+03:00 0HNFNCHIUGJN5:0000001F [INF] Request finished "HTTP/2" "GET" "https"://"localhost:7287""""/Traversal-Liberty/assets/images/banner2.jpg""" - 304 null "image/jpeg" 47.7465ms (74253ad3)
2025-09-19T13:07:58.9395612+03:00 0HNFNCHIUGJN5:00000021 [INF] Request starting "HTTP/2" "GET" "https"://"localhost:7287""""/Traversal-Liberty/assets/fonts/fontawesome-webfont.woff2""?v=4.7.0" - null null (d509f86a)
2025-09-19T13:07:58.9411917+03:00 0HNFNCHIUGJN5:00000021 [INF] Executing endpoint '"Microsoft.AspNetCore.Routing.RouteEndpoint"' (500cc934)
2025-09-19T13:07:58.9421969+03:00 0HNFNCHIUGJN5:00000021 [INF] The file "Traversal-Liberty/assets/fonts/fontawesome-webfont.woff2" was not modified (f1f8d725)
2025-09-19T13:07:58.9423178+03:00 0HNFNCHIUGJN5:00000021 [INF] Executed endpoint '"Microsoft.AspNetCore.Routing.RouteEndpoint"' (99874f2b)
2025-09-19T13:07:58.9425230+03:00 0HNFNCHIUGJN5:00000021 [INF] Request finished "HTTP/2" "GET" "https"://"localhost:7287""""/Traversal-Liberty/assets/fonts/fontawesome-webfont.woff2""?v=4.7.0" - 304 null "font/woff2" 2.9743ms (74253ad3)
2025-09-19T13:08:07.7269856+03:00 0HNFNCHIUGJN5:00000023 [INF] Request starting "HTTP/2" "GET" "https"://"localhost:7287""""/Destination""" - null null (d509f86a)
2025-09-19T13:08:07.7298821+03:00 0HNFNCHIUGJN5:00000023 [INF] Executing endpoint '"Traversal_Rezervasyon.Controllers.DestinationController.Index (Traversal Rezervasyon)"' (500cc934)
2025-09-19T13:08:07.7300001+03:00 0HNFNCHIUGJN5:00000023 [INF] Route matched with "{action = \"Index\", controller = \"Destination\", area = \"\"}". Executing controller action with signature "Microsoft.AspNetCore.Mvc.IActionResult Index()" on controller "Traversal_Rezervasyon.Controllers.DestinationController" ("Traversal Rezervasyon"). (122b2fdf)
2025-09-19T13:08:07.7443072+03:00 0HNFNCHIUGJN5:00000023 [INF] Executing ViewResult, running view "Index". (c83d0e25)
2025-09-19T13:08:07.7466149+03:00 0HNFNCHIUGJN5:00000023 [INF] Executed ViewResult - view "Index" executed in 2.5941ms. (f66409e9)
2025-09-19T13:08:07.7467642+03:00 0HNFNCHIUGJN5:00000023 [INF] Executed action "Traversal_Rezervasyon.Controllers.DestinationController.Index (Traversal Rezervasyon)" in 16.7314ms (afa2e885)
2025-09-19T13:08:07.7468078+03:00 0HNFNCHIUGJN5:00000023 [INF] Executed endpoint '"Traversal_Rezervasyon.Controllers.DestinationController.Index (Traversal Rezervasyon)"' (99874f2b)
2025-09-19T13:08:07.7470291+03:00 0HNFNCHIUGJN5:00000023 [INF] Request finished "HTTP/2" "GET" "https"://"localhost:7287""""/Destination""" - 200 null "text/html; charset=utf-8" 20.0742ms (74253ad3)
2025-09-19T13:08:07.7961783+03:00 0HNFNCHIUGJN5:00000025 [INF] Request starting "HTTP/2" "GET" "https"://"localhost:7287""""/assets/css/style-liberty.css""" - null null (d509f86a)
2025-09-19T13:08:07.8040200+03:00 0HNFNCHIUGJN5:0000002B [INF] Request starting "HTTP/2" "GET" "https"://"localhost:7287""""/Traversal-Starter/assets/images/g4.jpg""" - null null (d509f86a)
2025-09-19T13:08:07.8040572+03:00 0HNFNCHIUGJN5:00000029 [INF] Request starting "HTTP/2" "GET" "https"://"localhost:7287""""/Traversal-Starter/assets/images/g3.jpg""" - null null (d509f86a)
2025-09-19T13:08:07.8040196+03:00 0HNFNCHIUGJN5:00000027 [INF] Request starting "HTTP/2" "GET" "https"://"localhost:7287""""/Traversal-Starter/assets/images/g1.jpg""" - null null (d509f86a)
2025-09-19T13:08:07.8040874+03:00 0HNFNCHIUGJN5:0000002D [INF] Request starting "HTTP/2" "GET" "https"://"localhost:7287""""/Traversal-Starter/assets/images/g5.jpg""" - null null (d509f86a)
2025-09-19T13:08:07.8052330+03:00 0HNFNCHIUGJN5:0000002F [INF] Request starting "HTTP/2" "GET" "https"://"localhost:7287""""/Traversal-Liberty/assets/css/style-liberty.css""" - null null (d509f86a)
2025-09-19T13:08:07.8052357+03:00 0HNFNCHIUGJN5:00000031 [INF] Request starting "HTTP/2" "GET" "https"://"localhost:7287""""/_framework/aspnetcore-browser-refresh.js""" - null null (d509f86a)
2025-09-19T13:08:07.8052951+03:00 0HNFNCHIUGJN5:00000033 [INF] Request starting "HTTP/2" "GET" "https"://"localhost:7287""""/Traversal-Starter/assets/images/g6.jpg""" - null null (d509f86a)
2025-09-19T13:08:07.8063301+03:00 0HNFNCHIUGJN5:00000031 [INF] Request finished "HTTP/2" "GET" "https"://"localhost:7287""""/_framework/aspnetcore-browser-refresh.js""" - 200 16527 "application/javascript; charset=utf-8" 1.0511ms (74253ad3)
2025-09-19T13:08:07.8065589+03:00 0HNFNCHIUGJN5:00000035 [INF] Request starting "HTTP/2" "GET" "https"://"localhost:7287""""/Traversal-Liberty/assets/js/bootstrap.min.js""" - null null (d509f86a)
2025-09-19T13:08:07.8085094+03:00 0HNFNCHIUGJN5:00000037 [INF] Request starting "HTTP/2" "GET" "https"://"localhost:7287""""/Traversal-Liberty/assets/js/jquery-3.3.1.min.js""" - null null (d509f86a)
2025-09-19T13:08:07.8095850+03:00 0HNFNCHIUGJN5:0000002F [INF] Executing endpoint '"Microsoft.AspNetCore.Routing.RouteEndpoint"' (500cc934)
2025-09-19T13:08:07.8096376+03:00 0HNFNCHIUGJN5:00000039 [INF] Request starting "HTTP/2" "GET" "https"://"localhost:7287""""/Traversal-Liberty/assets/js/theme-change.js""" - null null (d509f86a)
2025-09-19T13:08:07.8103170+03:00 0HNFNCHIUGJN5:0000003B [INF] Request starting "HTTP/2" "GET" "https"://"localhost:7287""""/Traversal-Liberty/assets/js/jquery.waypoints.min.js""" - null null (d509f86a)
2025-09-19T13:08:07.8102941+03:00 0HNFNCHIUGJN5:0000003D [INF] Request starting "HTTP/2" "GET" "https"://"localhost:7287""""/Traversal-Liberty/assets/js/jquery.countup.js""" - null null (d509f86a)
2025-09-19T13:08:07.8102807+03:00 0HNFNCHIUGJN5:0000002F [INF] The file "Traversal-Liberty/assets/css/style-liberty.css" was not modified (f1f8d725)
2025-09-19T13:08:07.8104330+03:00 0HNFNCHIUGJN5:0000003F [INF] Request starting "HTTP/2" "GET" "https"://"localhost:7287""""/_vs/browserLink""" - null null (d509f86a)
2025-09-19T13:08:07.8105935+03:00 0HNFNCHIUGJN5:0000002F [INF] Executed endpoint '"Microsoft.AspNetCore.Routing.RouteEndpoint"' (99874f2b)
2025-09-19T13:08:07.8107608+03:00 0HNFNCHIUGJN5:0000002F [INF] Request finished "HTTP/2" "GET" "https"://"localhost:7287""""/Traversal-Liberty/assets/css/style-liberty.css""" - 304 null "text/css" 5.5816ms (74253ad3)
2025-09-19T13:08:07.8142103+03:00 0HNFNCHIUGJN5:00000025 [INF] Executing endpoint '"Traversal_Rezervasyon.Areas.Admin.Controllers._404PagesController.Index (Traversal Rezervasyon)"' (500cc934)
2025-09-19T13:08:07.8143886+03:00 0HNFNCHIUGJN5:00000025 [INF] Route matched with "{area = \"Admin\", action = \"Index\", controller = \"_404Pages\"}". Executing controller action with signature "Microsoft.AspNetCore.Mvc.IActionResult Index()" on controller "Traversal_Rezervasyon.Areas.Admin.Controllers._404PagesController" ("Traversal Rezervasyon"). (122b2fdf)
2025-09-19T13:08:07.8147096+03:00 0HNFNCHIUGJN5:00000025 [INF] Executing ViewResult, running view "Index". (c83d0e25)
2025-09-19T13:08:07.8154092+03:00 0HNFNCHIUGJN5:00000025 [INF] Executed ViewResult - view "Index" executed in 0.6972ms. (f66409e9)
2025-09-19T13:08:07.8155378+03:00 0HNFNCHIUGJN5:00000025 [INF] Executed action "Traversal_Rezervasyon.Areas.Admin.Controllers._404PagesController.Index (Traversal Rezervasyon)" in 1.0589ms (afa2e885)
2025-09-19T13:08:07.8156706+03:00 0HNFNCHIUGJN5:00000025 [INF] Executed endpoint '"Traversal_Rezervasyon.Areas.Admin.Controllers._404PagesController.Index (Traversal Rezervasyon)"' (99874f2b)
2025-09-19T13:08:07.8158831+03:00 0HNFNCHIUGJN5:00000025 [INF] Request finished "HTTP/2" "GET" "https"://"localhost:7287""""/assets/css/style-liberty.css""" - 404 null "text/html; charset=utf-8" 19.6877ms (74253ad3)
2025-09-19T13:08:07.8160771+03:00 0HNFNCHIUGJN5:00000025 [INF] Request reached the end of the middleware pipeline without being handled by application code. Request path: "GET" "https"://"localhost:7287""""/assets/css/style-liberty.css", Response status code: 404 (e353595a)
2025-09-19T13:08:07.8167141+03:00 0HNFNCHIUGJN5:0000003F [INF] Request finished "HTTP/2" "GET" "https"://"localhost:7287""""/_vs/browserLink""" - 200 null "text/javascript; charset=UTF-8" 6.2457ms (74253ad3)
2025-09-19T13:08:07.8332864+03:00 0HNFNCHIUGJN5:00000041 [INF] Request starting "HTTP/2" "GET" "https"://"localhost:7287""""/Traversal-Liberty/assets/fonts/fontawesome-webfont.woff2""?v=4.7.0" - null null (d509f86a)
2025-09-19T13:08:07.8333781+03:00 0HNFNCHIUGJN5:00000043 [INF] Request starting "HTTP/2" "GET" "https"://"localhost:7287""""/Traversal-Liberty/assets/images/banner2.jpg""" - null null (d509f86a)
2025-09-19T13:08:07.8388809+03:00 0HNFNCHIUGJN5:00000029 [INF] Executing endpoint '"Microsoft.AspNetCore.Routing.RouteEndpoint"' (500cc934)
2025-09-19T13:08:07.8388807+03:00 0HNFNCHIUGJN5:00000027 [INF] Executing endpoint '"Microsoft.AspNetCore.Routing.RouteEndpoint"' (500cc934)
2025-09-19T13:08:07.8388806+03:00 0HNFNCHIUGJN5:00000033 [INF] Executing endpoint '"Microsoft.AspNetCore.Routing.RouteEndpoint"' (500cc934)
2025-09-19T13:08:07.8388806+03:00 0HNFNCHIUGJN5:0000002D [INF] Executing endpoint '"Microsoft.AspNetCore.Routing.RouteEndpoint"' (500cc934)
2025-09-19T13:08:07.8393029+03:00 0HNFNCHIUGJN5:0000002D [INF] The file "Traversal-Starter/assets/images/g5.jpg" was not modified (f1f8d725)
2025-09-19T13:08:07.8393360+03:00 0HNFNCHIUGJN5:00000029 [INF] The file "Traversal-Starter/assets/images/g3.jpg" was not modified (f1f8d725)
2025-09-19T13:08:07.8393798+03:00 0HNFNCHIUGJN5:0000002D [INF] Executed endpoint '"Microsoft.AspNetCore.Routing.RouteEndpoint"' (99874f2b)
2025-09-19T13:08:07.8394183+03:00 0HNFNCHIUGJN5:00000029 [INF] Executed endpoint '"Microsoft.AspNetCore.Routing.RouteEndpoint"' (99874f2b)
2025-09-19T13:08:07.8396049+03:00 0HNFNCHIUGJN5:00000027 [INF] The file "Traversal-Starter/assets/images/g1.jpg" was not modified (f1f8d725)
2025-09-19T13:08:07.8396276+03:00 0HNFNCHIUGJN5:00000033 [INF] The file "Traversal-Starter/assets/images/g6.jpg" was not modified (f1f8d725)
2025-09-19T13:08:07.8396343+03:00 0HNFNCHIUGJN5:00000029 [INF] Request finished "HTTP/2" "GET" "https"://"localhost:7287""""/Traversal-Starter/assets/images/g3.jpg""" - 304 null "image/jpeg" 35.5631ms (74253ad3)
2025-09-19T13:08:07.8396591+03:00 0HNFNCHIUGJN5:00000027 [INF] Executed endpoint '"Microsoft.AspNetCore.Routing.RouteEndpoint"' (99874f2b)
2025-09-19T13:08:07.8396833+03:00 0HNFNCHIUGJN5:0000002D [INF] Request finished "HTTP/2" "GET" "https"://"localhost:7287""""/Traversal-Starter/assets/images/g5.jpg""" - 304 null "image/jpeg" 35.4564ms (74253ad3)
2025-09-19T13:08:07.8397502+03:00 0HNFNCHIUGJN5:00000033 [INF] Executed endpoint '"Microsoft.AspNetCore.Routing.RouteEndpoint"' (99874f2b)
2025-09-19T13:08:07.8397821+03:00 0HNFNCHIUGJN5:00000027 [INF] Request finished "HTTP/2" "GET" "https"://"localhost:7287""""/Traversal-Starter/assets/images/g1.jpg""" - 304 null "image/jpeg" 35.7769ms (74253ad3)
2025-09-19T13:08:07.8398681+03:00 0HNFNCHIUGJN5:00000033 [INF] Request finished "HTTP/2" "GET" "https"://"localhost:7287""""/Traversal-Starter/assets/images/g6.jpg""" - 304 null "image/jpeg" 34.5774ms (74253ad3)
2025-09-19T13:08:07.8407045+03:00 0HNFNCHIUGJN5:0000002B [INF] Executing endpoint '"Microsoft.AspNetCore.Routing.RouteEndpoint"' (500cc934)
2025-09-19T13:08:07.8410654+03:00 0HNFNCHIUGJN5:0000002B [INF] The file "Traversal-Starter/assets/images/g4.jpg" was not modified (f1f8d725)
2025-09-19T13:08:07.8411365+03:00 0HNFNCHIUGJN5:0000002B [INF] Executed endpoint '"Microsoft.AspNetCore.Routing.RouteEndpoint"' (99874f2b)
2025-09-19T13:08:07.8414002+03:00 0HNFNCHIUGJN5:0000002B [INF] Request finished "HTTP/2" "GET" "https"://"localhost:7287""""/Traversal-Starter/assets/images/g4.jpg""" - 304 null "image/jpeg" 37.3655ms (74253ad3)
2025-09-19T13:08:07.8450107+03:00 0HNFNCHIUGJN5:00000041 [INF] Executing endpoint '"Microsoft.AspNetCore.Routing.RouteEndpoint"' (500cc934)
2025-09-19T13:08:07.8454092+03:00 0HNFNCHIUGJN5:00000041 [INF] The file "Traversal-Liberty/assets/fonts/fontawesome-webfont.woff2" was not modified (f1f8d725)
2025-09-19T13:08:07.8454910+03:00 0HNFNCHIUGJN5:00000041 [INF] Executed endpoint '"Microsoft.AspNetCore.Routing.RouteEndpoint"' (99874f2b)
2025-09-19T13:08:07.8456849+03:00 0HNFNCHIUGJN5:00000041 [INF] Request finished "HTTP/2" "GET" "https"://"localhost:7287""""/Traversal-Liberty/assets/fonts/fontawesome-webfont.woff2""?v=4.7.0" - 304 null "font/woff2" 12.3997ms (74253ad3)
2025-09-19T13:08:07.8609347+03:00 0HNFNCHIUGJN5:00000043 [INF] Executing endpoint '"Microsoft.AspNetCore.Routing.RouteEndpoint"' (500cc934)
2025-09-19T13:08:07.8613247+03:00 0HNFNCHIUGJN5:00000043 [INF] The file "Traversal-Liberty/assets/images/banner2.jpg" was not modified (f1f8d725)
2025-09-19T13:08:07.8614075+03:00 0HNFNCHIUGJN5:00000043 [INF] Executed endpoint '"Microsoft.AspNetCore.Routing.RouteEndpoint"' (99874f2b)
2025-09-19T13:08:07.8615986+03:00 0HNFNCHIUGJN5:00000043 [INF] Request finished "HTTP/2" "GET" "https"://"localhost:7287""""/Traversal-Liberty/assets/images/banner2.jpg""" - 304 null "image/jpeg" 28.2045ms (74253ad3)
2025-09-19T13:08:07.9078393+03:00 0HNFNCHIUGJN5:0000003B [INF] Executing endpoint '"Microsoft.AspNetCore.Routing.RouteEndpoint"' (500cc934)
2025-09-19T13:08:07.9078391+03:00 0HNFNCHIUGJN5:0000003D [INF] Executing endpoint '"Microsoft.AspNetCore.Routing.RouteEndpoint"' (500cc934)
2025-09-19T13:08:07.9078400+03:00 0HNFNCHIUGJN5:00000035 [INF] Executing endpoint '"Microsoft.AspNetCore.Routing.RouteEndpoint"' (500cc934)
2025-09-19T13:08:07.9078401+03:00 0HNFNCHIUGJN5:00000039 [INF] Executing endpoint '"Microsoft.AspNetCore.Routing.RouteEndpoint"' (500cc934)
2025-09-19T13:08:07.9078392+03:00 0HNFNCHIUGJN5:00000037 [INF] Executing endpoint '"Microsoft.AspNetCore.Routing.RouteEndpoint"' (500cc934)
2025-09-19T13:08:07.9081130+03:00 0HNFNCHIUGJN5:0000003D [INF] The file "Traversal-Liberty/assets/js/jquery.countup.js" was not modified (f1f8d725)
2025-09-19T13:08:07.9081130+03:00 0HNFNCHIUGJN5:00000037 [INF] The file "Traversal-Liberty/assets/js/jquery-3.3.1.min.js" was not modified (f1f8d725)
2025-09-19T13:08:07.9081399+03:00 0HNFNCHIUGJN5:00000035 [INF] The file "Traversal-Liberty/assets/js/bootstrap.min.js" was not modified (f1f8d725)
2025-09-19T13:08:07.9081146+03:00 0HNFNCHIUGJN5:0000003B [INF] The file "Traversal-Liberty/assets/js/jquery.waypoints.min.js" was not modified (f1f8d725)
2025-09-19T13:08:07.9081389+03:00 0HNFNCHIUGJN5:00000039 [INF] The file "Traversal-Liberty/assets/js/theme-change.js" was not modified (f1f8d725)
2025-09-19T13:08:07.9081763+03:00 0HNFNCHIUGJN5:00000037 [INF] Executed endpoint '"Microsoft.AspNetCore.Routing.RouteEndpoint"' (99874f2b)
2025-09-19T13:08:07.9081764+03:00 0HNFNCHIUGJN5:0000003D [INF] Executed endpoint '"Microsoft.AspNetCore.Routing.RouteEndpoint"' (99874f2b)
2025-09-19T13:08:07.9081938+03:00 0HNFNCHIUGJN5:00000039 [INF] Executed endpoint '"Microsoft.AspNetCore.Routing.RouteEndpoint"' (99874f2b)
2025-09-19T13:08:07.9081911+03:00 0HNFNCHIUGJN5:00000035 [INF] Executed endpoint '"Microsoft.AspNetCore.Routing.RouteEndpoint"' (99874f2b)
2025-09-19T13:08:07.9082097+03:00 0HNFNCHIUGJN5:0000003B [INF] Executed endpoint '"Microsoft.AspNetCore.Routing.RouteEndpoint"' (99874f2b)
2025-09-19T13:08:07.9082988+03:00 0HNFNCHIUGJN5:00000037 [INF] Request finished "HTTP/2" "GET" "https"://"localhost:7287""""/Traversal-Liberty/assets/js/jquery-3.3.1.min.js""" - 304 null "text/javascript" 99.9517ms (74253ad3)
2025-09-19T13:08:07.9083002+03:00 0HNFNCHIUGJN5:00000039 [INF] Request finished "HTTP/2" "GET" "https"://"localhost:7287""""/Traversal-Liberty/assets/js/theme-change.js""" - 304 null "text/javascript" 98.6901ms (74253ad3)
2025-09-19T13:08:07.9083055+03:00 0HNFNCHIUGJN5:00000035 [INF] Request finished "HTTP/2" "GET" "https"://"localhost:7287""""/Traversal-Liberty/assets/js/bootstrap.min.js""" - 304 null "text/javascript" 101.7276ms (74253ad3)
2025-09-19T13:08:07.9083062+03:00 0HNFNCHIUGJN5:0000003D [INF] Request finished "HTTP/2" "GET" "https"://"localhost:7287""""/Traversal-Liberty/assets/js/jquery.countup.js""" - 304 null "text/javascript" 98.0147ms (74253ad3)
2025-09-19T13:08:07.9083335+03:00 0HNFNCHIUGJN5:0000003B [INF] Request finished "HTTP/2" "GET" "https"://"localhost:7287""""/Traversal-Liberty/assets/js/jquery.waypoints.min.js""" - 304 null "text/javascript" 98.1862ms (74253ad3)
2025-09-19T13:08:14.8189718+03:00 0HNFNCHIUGJN5:00000045 [INF] Request starting "HTTP/2" "GET" "https"://"localhost:7287""""/Admin/Guide/Index""" - null null (d509f86a)
2025-09-19T13:08:14.8214624+03:00 0HNFNCHIUGJN5:00000045 [INF] Executing endpoint '"Traversal_Rezervasyon.Areas.Admin.Controllers.GuideController.Index (Traversal Rezervasyon)"' (500cc934)
2025-09-19T13:08:14.8230568+03:00 0HNFNCHIUGJN5:00000045 [INF] Route matched with "{area = \"Admin\", action = \"Index\", controller = \"Guide\"}". Executing controller action with signature "Microsoft.AspNetCore.Mvc.IActionResult Index()" on controller "Traversal_Rezervasyon.Areas.Admin.Controllers.GuideController" ("Traversal Rezervasyon"). (122b2fdf)
2025-09-19T13:08:14.8241164+03:00 0HNFNCHIUGJN5:00000045 [INF] Index Sayfasına Yönlendirildi (ee529489)
2025-09-19T13:08:14.8488423+03:00 0HNFNCHIUGJN5:00000045 [INF] Executing ViewResult, running view "Index". (c83d0e25)
2025-09-19T13:08:14.8826636+03:00 0HNFNCHIUGJN5:00000045 [INF] Executed ViewResult - view "Index" executed in 36.0511ms. (f66409e9)
2025-09-19T13:08:14.8828064+03:00 0HNFNCHIUGJN5:00000045 [INF] Executed action "Traversal_Rezervasyon.Areas.Admin.Controllers.GuideController.Index (Traversal Rezervasyon)" in 59.7069ms (afa2e885)
2025-09-19T13:08:14.8828230+03:00 0HNFNCHIUGJN5:00000045 [INF] Executed endpoint '"Traversal_Rezervasyon.Areas.Admin.Controllers.GuideController.Index (Traversal Rezervasyon)"' (99874f2b)
2025-09-19T13:08:14.8829931+03:00 0HNFNCHIUGJN5:00000045 [INF] Request finished "HTTP/2" "GET" "https"://"localhost:7287""""/Admin/Guide/Index""" - 200 null "text/html; charset=utf-8" 63.9866ms (74253ad3)
2025-09-19T13:08:14.9266801+03:00 0HNFNCHIUGJN5:00000047 [INF] Request starting "HTTP/2" "GET" "https"://"localhost:7287""""/sneat-1.0.0/assets/vendor/fonts/boxicons.css""" - null null (d509f86a)
2025-09-19T13:08:14.9276626+03:00 0HNFNCHIUGJN5:00000047 [INF] Executing endpoint '"Microsoft.AspNetCore.Routing.RouteEndpoint"' (500cc934)
2025-09-19T13:08:14.9279642+03:00 0HNFNCHIUGJN5:0000004B [INF] Request starting "HTTP/2" "GET" "https"://"localhost:7287""""/sneat-1.0.0/assets/vendor/css/theme-default.css""" - null null (d509f86a)
2025-09-19T13:08:14.9279642+03:00 0HNFNCHIUGJN5:00000049 [INF] Request starting "HTTP/2" "GET" "https"://"localhost:7287""""/sneat-1.0.0/assets/vendor/css/core.css""" - null null (d509f86a)
2025-09-19T13:08:14.9280209+03:00 0HNFNCHIUGJN5:00000047 [INF] The file "sneat-1.0.0/assets/vendor/fonts/boxicons.css" was not modified (f1f8d725)
2025-09-19T13:08:14.9280308+03:00 0HNFNCHIUGJN5:0000004F [INF] Request starting "HTTP/2" "GET" "https"://"localhost:7287""""/sneat-1.0.0/assets/vendor/libs/apex-charts/apex-charts.css""" - null null (d509f86a)
2025-09-19T13:08:14.9280492+03:00 0HNFNCHIUGJN5:0000004D [INF] Request starting "HTTP/2" "GET" "https"://"localhost:7287""""/sneat-1.0.0/assets/css/demo.css""" - null null (d509f86a)
2025-09-19T13:08:14.9281499+03:00 0HNFNCHIUGJN5:00000051 [INF] Request starting "HTTP/2" "GET" "https"://"localhost:7287""""/sneat-1.0.0/assets/vendor/libs/perfect-scrollbar/perfect-scrollbar.css""" - null null (d509f86a)
2025-09-19T13:08:14.9281492+03:00 0HNFNCHIUGJN5:00000053 [INF] Request starting "HTTP/2" "GET" "https"://"localhost:7287""""/sneat-1.0.0/assets/js/config.js""" - null null (d509f86a)
2025-09-19T13:08:14.9281797+03:00 0HNFNCHIUGJN5:00000055 [INF] Request starting "HTTP/2" "GET" "https"://"localhost:7287""""/sneat-1.0.0/assets/vendor/libs/jquery/jquery.js""" - null null (d509f86a)
2025-09-19T13:08:14.9281794+03:00 0HNFNCHIUGJN5:00000047 [INF] Executed endpoint '"Microsoft.AspNetCore.Routing.RouteEndpoint"' (99874f2b)
2025-09-19T13:08:14.9283256+03:00 0HNFNCHIUGJN5:00000047 [INF] Request finished "HTTP/2" "GET" "https"://"localhost:7287""""/sneat-1.0.0/assets/vendor/fonts/boxicons.css""" - 304 null "text/css" 1.6523ms (74253ad3)
2025-09-19T13:08:14.9285200+03:00 0HNFNCHIUGJN5:00000057 [INF] Request starting "HTTP/2" "GET" "https"://"localhost:7287""""/sneat-1.0.0/assets/vendor/js/helpers.js""" - null null (d509f86a)
2025-09-19T13:08:14.9285948+03:00 0HNFNCHIUGJN5:00000059 [INF] Request starting "HTTP/2" "GET" "https"://"localhost:7287""""/sneat-1.0.0/assets/img/avatars/1.png""" - null null (d509f86a)
2025-09-19T13:08:14.9936062+03:00 0HNFNCHIUGJN5:00000059 [INF] Executing endpoint '"Microsoft.AspNetCore.Routing.RouteEndpoint"' (500cc934)
2025-09-19T13:08:14.9936063+03:00 0HNFNCHIUGJN5:00000053 [INF] Executing endpoint '"Microsoft.AspNetCore.Routing.RouteEndpoint"' (500cc934)
2025-09-19T13:08:14.9936063+03:00 0HNFNCHIUGJN5:0000004D [INF] Executing endpoint '"Microsoft.AspNetCore.Routing.RouteEndpoint"' (500cc934)
2025-09-19T13:08:14.9937172+03:00 0HNFNCHIUGJN5:00000055 [INF] Executing endpoint '"Microsoft.AspNetCore.Routing.RouteEndpoint"' (500cc934)
2025-09-19T13:08:14.9937476+03:00 0HNFNCHIUGJN5:0000004F [INF] Executing endpoint '"Microsoft.AspNetCore.Routing.RouteEndpoint"' (500cc934)
2025-09-19T13:08:14.9938414+03:00 0HNFNCHIUGJN5:00000049 [INF] Executing endpoint '"Microsoft.AspNetCore.Routing.RouteEndpoint"' (500cc934)
2025-09-19T13:08:14.9938555+03:00 0HNFNCHIUGJN5:00000055 [INF] The file "sneat-1.0.0/assets/vendor/libs/jquery/jquery.js" was not modified (f1f8d725)
2025-09-19T13:08:14.9938574+03:00 0HNFNCHIUGJN5:0000004F [INF] The file "sneat-1.0.0/assets/vendor/libs/apex-charts/apex-charts.css" was not modified (f1f8d725)
2025-09-19T13:08:14.9938557+03:00 0HNFNCHIUGJN5:00000059 [INF] The file "sneat-1.0.0/assets/img/avatars/1.png" was not modified (f1f8d725)
2025-09-19T13:08:14.9938618+03:00 0HNFNCHIUGJN5:00000053 [INF] The file "sneat-1.0.0/assets/js/config.js" was not modified (f1f8d725)
2025-09-19T13:08:14.9938686+03:00 0HNFNCHIUGJN5:0000004D [INF] The file "sneat-1.0.0/assets/css/demo.css" was not modified (f1f8d725)
2025-09-19T13:08:14.9938968+03:00 0HNFNCHIUGJN5:00000055 [INF] Executed endpoint '"Microsoft.AspNetCore.Routing.RouteEndpoint"' (99874f2b)
2025-09-19T13:08:14.9938982+03:00 0HNFNCHIUGJN5:00000059 [INF] Executed endpoint '"Microsoft.AspNetCore.Routing.RouteEndpoint"' (99874f2b)
2025-09-19T13:08:14.9938984+03:00 0HNFNCHIUGJN5:0000004F [INF] Executed endpoint '"Microsoft.AspNetCore.Routing.RouteEndpoint"' (99874f2b)
2025-09-19T13:08:14.9939060+03:00 0HNFNCHIUGJN5:00000053 [INF] Executed endpoint '"Microsoft.AspNetCore.Routing.RouteEndpoint"' (99874f2b)
2025-09-19T13:08:14.9939204+03:00 0HNFNCHIUGJN5:0000004D [INF] Executed endpoint '"Microsoft.AspNetCore.Routing.RouteEndpoint"' (99874f2b)
2025-09-19T13:08:14.9939696+03:00 0HNFNCHIUGJN5:00000049 [INF] The file "sneat-1.0.0/assets/vendor/css/core.css" was not modified (f1f8d725)
2025-09-19T13:08:14.9939865+03:00 0HNFNCHIUGJN5:00000051 [INF] Executing endpoint '"Microsoft.AspNetCore.Routing.RouteEndpoint"' (500cc934)
2025-09-19T13:08:14.9940013+03:00 0HNFNCHIUGJN5:0000004F [INF] Request finished "HTTP/2" "GET" "https"://"localhost:7287""""/sneat-1.0.0/assets/vendor/libs/apex-charts/apex-charts.css""" - 304 null "text/css" 65.9661ms (74253ad3)
2025-09-19T13:08:14.9940043+03:00 0HNFNCHIUGJN5:00000049 [INF] Executed endpoint '"Microsoft.AspNetCore.Routing.RouteEndpoint"' (99874f2b)
2025-09-19T13:08:14.9940013+03:00 0HNFNCHIUGJN5:00000059 [INF] Request finished "HTTP/2" "GET" "https"://"localhost:7287""""/sneat-1.0.0/assets/img/avatars/1.png""" - 304 null "image/png" 65.395ms (74253ad3)
2025-09-19T13:08:14.9940085+03:00 0HNFNCHIUGJN5:00000055 [INF] Request finished "HTTP/2" "GET" "https"://"localhost:7287""""/sneat-1.0.0/assets/vendor/libs/jquery/jquery.js""" - 304 null "text/javascript" 65.808ms (74253ad3)
2025-09-19T13:08:14.9940156+03:00 0HNFNCHIUGJN5:00000053 [INF] Request finished "HTTP/2" "GET" "https"://"localhost:7287""""/sneat-1.0.0/assets/js/config.js""" - 304 null "text/javascript" 65.8562ms (74253ad3)
2025-09-19T13:08:14.9940425+03:00 0HNFNCHIUGJN5:0000004D [INF] Request finished "HTTP/2" "GET" "https"://"localhost:7287""""/sneat-1.0.0/assets/css/demo.css""" - 304 null "text/css" 65.9856ms (74253ad3)
2025-09-19T13:08:14.9940612+03:00 0HNFNCHIUGJN5:00000049 [INF] Request finished "HTTP/2" "GET" "https"://"localhost:7287""""/sneat-1.0.0/assets/vendor/css/core.css""" - 304 null "text/css" 66.1235ms (74253ad3)
2025-09-19T13:08:14.9940943+03:00 0HNFNCHIUGJN5:00000057 [INF] Executing endpoint '"Microsoft.AspNetCore.Routing.RouteEndpoint"' (500cc934)
2025-09-19T13:08:14.9942642+03:00 0HNFNCHIUGJN5:00000057 [INF] The file "sneat-1.0.0/assets/vendor/js/helpers.js" was not modified (f1f8d725)
2025-09-19T13:08:14.9942708+03:00 0HNFNCHIUGJN5:0000004B [INF] Executing endpoint '"Microsoft.AspNetCore.Routing.RouteEndpoint"' (500cc934)
2025-09-19T13:08:14.9943100+03:00 0HNFNCHIUGJN5:00000057 [INF] Executed endpoint '"Microsoft.AspNetCore.Routing.RouteEndpoint"' (99874f2b)
2025-09-19T13:08:14.9942944+03:00 0HNFNCHIUGJN5:00000051 [INF] The file "sneat-1.0.0/assets/vendor/libs/perfect-scrollbar/perfect-scrollbar.css" was not modified (f1f8d725)
2025-09-19T13:08:14.9943716+03:00 0HNFNCHIUGJN5:00000051 [INF] Executed endpoint '"Microsoft.AspNetCore.Routing.RouteEndpoint"' (99874f2b)
2025-09-19T13:08:14.9943979+03:00 0HNFNCHIUGJN5:00000057 [INF] Request finished "HTTP/2" "GET" "https"://"localhost:7287""""/sneat-1.0.0/assets/vendor/js/helpers.js""" - 304 null "text/javascript" 65.8748ms (74253ad3)
2025-09-19T13:08:14.9943991+03:00 0HNFNCHIUGJN5:0000004B [INF] The file "sneat-1.0.0/assets/vendor/css/theme-default.css" was not modified (f1f8d725)
2025-09-19T13:08:14.9944292+03:00 0HNFNCHIUGJN5:0000004B [INF] Executed endpoint '"Microsoft.AspNetCore.Routing.RouteEndpoint"' (99874f2b)
2025-09-19T13:08:14.9944850+03:00 0HNFNCHIUGJN5:00000051 [INF] Request finished "HTTP/2" "GET" "https"://"localhost:7287""""/sneat-1.0.0/assets/vendor/libs/perfect-scrollbar/perfect-scrollbar.css""" - 304 null "text/css" 66.3437ms (74253ad3)
2025-09-19T13:08:14.9945188+03:00 0HNFNCHIUGJN5:0000004B [INF] Request finished "HTTP/2" "GET" "https"://"localhost:7287""""/sneat-1.0.0/assets/vendor/css/theme-default.css""" - 304 null "text/css" 66.5779ms (74253ad3)
2025-09-19T13:08:15.0364316+03:00 0HNFNCHIUGJN5:0000005B [INF] Request starting "HTTP/2" "GET" "https"://"localhost:7287""""/sneat-1.0.0/assets/vendor/libs/popper/popper.js""" - null null (d509f86a)
2025-09-19T13:08:15.0385791+03:00 0HNFNCHIUGJN5:0000005B [INF] Executing endpoint '"Microsoft.AspNetCore.Routing.RouteEndpoint"' (500cc934)
2025-09-19T13:08:15.0390609+03:00 0HNFNCHIUGJN5:0000005B [INF] The file "sneat-1.0.0/assets/vendor/libs/popper/popper.js" was not modified (f1f8d725)
2025-09-19T13:08:15.0391733+03:00 0HNFNCHIUGJN5:0000005B [INF] Executed endpoint '"Microsoft.AspNetCore.Routing.RouteEndpoint"' (99874f2b)
2025-09-19T13:08:15.0393727+03:00 0HNFNCHIUGJN5:0000005B [INF] Request finished "HTTP/2" "GET" "https"://"localhost:7287""""/sneat-1.0.0/assets/vendor/libs/popper/popper.js""" - 304 null "text/javascript" 2.9391ms (74253ad3)
2025-09-19T13:08:15.0566081+03:00 0HNFNCHIUGJN5:0000005D [INF] Request starting "HTTP/2" "GET" "https"://"localhost:7287""""/sneat-1.0.0/assets/vendor/js/bootstrap.js""" - null null (d509f86a)
2025-09-19T13:08:15.0619505+03:00 0HNFNCHIUGJN5:0000005D [INF] Executing endpoint '"Microsoft.AspNetCore.Routing.RouteEndpoint"' (500cc934)
2025-09-19T13:08:15.0623274+03:00 0HNFNCHIUGJN5:0000005D [INF] The file "sneat-1.0.0/assets/vendor/js/bootstrap.js" was not modified (f1f8d725)
2025-09-19T13:08:15.0624098+03:00 0HNFNCHIUGJN5:0000005D [INF] Executed endpoint '"Microsoft.AspNetCore.Routing.RouteEndpoint"' (99874f2b)
2025-09-19T13:08:15.0625545+03:00 0HNFNCHIUGJN5:0000005D [INF] Request finished "HTTP/2" "GET" "https"://"localhost:7287""""/sneat-1.0.0/assets/vendor/js/bootstrap.js""" - 304 null "text/javascript" 5.9708ms (74253ad3)
2025-09-19T13:08:15.0707969+03:00 0HNFNCHIUGJN5:0000005F [INF] Request starting "HTTP/2" "GET" "https"://"localhost:7287""""/sneat-1.0.0/assets/vendor/libs/perfect-scrollbar/perfect-scrollbar.js""" - null null (d509f86a)
2025-09-19T13:08:15.0742984+03:00 0HNFNCHIUGJN5:0000005F [INF] Executing endpoint '"Microsoft.AspNetCore.Routing.RouteEndpoint"' (500cc934)
2025-09-19T13:08:15.0746715+03:00 0HNFNCHIUGJN5:0000005F [INF] The file "sneat-1.0.0/assets/vendor/libs/perfect-scrollbar/perfect-scrollbar.js" was not modified (f1f8d725)
2025-09-19T13:08:15.0747252+03:00 0HNFNCHIUGJN5:0000005F [INF] Executed endpoint '"Microsoft.AspNetCore.Routing.RouteEndpoint"' (99874f2b)
2025-09-19T13:08:15.0748832+03:00 0HNFNCHIUGJN5:0000005F [INF] Request finished "HTTP/2" "GET" "https"://"localhost:7287""""/sneat-1.0.0/assets/vendor/libs/perfect-scrollbar/perfect-scrollbar.js""" - 304 null "text/javascript" 4.104ms (74253ad3)
2025-09-19T13:08:15.0835069+03:00 0HNFNCHIUGJN5:00000061 [INF] Request starting "HTTP/2" "GET" "https"://"localhost:7287""""/_framework/aspnetcore-browser-refresh.js""" - null null (d509f86a)
2025-09-19T13:08:15.0837787+03:00 0HNFNCHIUGJN5:00000061 [INF] Request finished "HTTP/2" "GET" "https"://"localhost:7287""""/_framework/aspnetcore-browser-refresh.js""" - 200 16527 "application/javascript; charset=utf-8" 0.2754ms (74253ad3)
2025-09-19T13:08:15.0897314+03:00 0HNFNCHIUGJN5:00000063 [INF] Request starting "HTTP/2" "GET" "https"://"localhost:7287""""/sneat-1.0.0/assets/vendor/js/menu.js""" - null null (d509f86a)
2025-09-19T13:08:15.0897566+03:00 0HNFNCHIUGJN5:00000067 [INF] Request starting "HTTP/2" "GET" "https"://"localhost:7287""""/sneat-1.0.0/assets/vendor/libs/apex-charts/apexcharts.js""" - null null (d509f86a)
2025-09-19T13:08:15.0897965+03:00 0HNFNCHIUGJN5:00000065 [INF] Request starting "HTTP/2" "GET" "https"://"localhost:7287""""/sneat-1.0.0/assets/js/main.js""" - null null (d509f86a)
2025-09-19T13:08:15.0898415+03:00 0HNFNCHIUGJN5:00000069 [INF] Request starting "HTTP/2" "GET" "https"://"localhost:7287""""/sneat-1.0.0/assets/js/dashboards-analytics.js""" - null null (d509f86a)
2025-09-19T13:08:15.0898736+03:00 0HNFNCHIUGJN5:0000006B [INF] Request starting "HTTP/2" "GET" "https"://"localhost:7287""""/GuideProfileFoto/682aa140-0aa0-4da5-a380-586f0e2382ec.jpg""" - null null (d509f86a)
2025-09-19T13:08:15.0898628+03:00 0HNFNCHIUGJN5:0000006D [INF] Request starting "HTTP/2" "GET" "https"://"localhost:7287""""/GuideProfileFoto/team-3.jpg""" - null null (d509f86a)
2025-09-19T13:08:15.0900740+03:00 0HNFNCHIUGJN5:0000006F [INF] Request starting "HTTP/2" "GET" "https"://"localhost:7287""""/_vs/browserLink""" - null null (d509f86a)
2025-09-19T13:08:15.0901516+03:00 0HNFNCHIUGJN5:00000071 [INF] Request starting "HTTP/2" "GET" "https"://"localhost:7287""""/GuideProfileFoto/marie.jpg""" - null null (d509f86a)
2025-09-19T13:08:15.0903843+03:00 0HNFNCHIUGJN5:00000073 [INF] Request starting "HTTP/2" "GET" "https"://"localhost:7287""""/GuideProfileFoto/fa23a58b-ee05-4efb-8985-9b82298ca66d.png""" - null null (d509f86a)
2025-09-19T13:08:15.0909581+03:00 0HNFNCHIUGJN5:00000063 [INF] Executing endpoint '"Microsoft.AspNetCore.Routing.RouteEndpoint"' (500cc934)
2025-09-19T13:08:15.0910642+03:00 0HNFNCHIUGJN5:00000073 [INF] Executing endpoint '"Microsoft.AspNetCore.Routing.RouteEndpoint"' (500cc934)
2025-09-19T13:08:15.0910772+03:00 0HNFNCHIUGJN5:00000071 [INF] Executing endpoint '"Microsoft.AspNetCore.Routing.RouteEndpoint"' (500cc934)
2025-09-19T13:08:15.0912128+03:00 0HNFNCHIUGJN5:00000063 [INF] The file "sneat-1.0.0/assets/vendor/js/menu.js" was not modified (f1f8d725)
2025-09-19T13:08:15.0913561+03:00 0HNFNCHIUGJN5:00000075 [INF] Request starting "HTTP/2" "GET" "https"://"localhost:7287""""/GuideProfileFoto/ivana-square.jpg""" - null null (d509f86a)
2025-09-19T13:08:15.0914268+03:00 0HNFNCHIUGJN5:00000071 [INF] The file "GuideProfileFoto/marie.jpg" was not modified (f1f8d725)
2025-09-19T13:08:15.0914783+03:00 0HNFNCHIUGJN5:00000071 [INF] Executed endpoint '"Microsoft.AspNetCore.Routing.RouteEndpoint"' (99874f2b)
2025-09-19T13:08:15.0914872+03:00 0HNFNCHIUGJN5:0000006B [INF] Executing endpoint '"Microsoft.AspNetCore.Routing.RouteEndpoint"' (500cc934)
2025-09-19T13:08:15.0917677+03:00 0HNFNCHIUGJN5:00000071 [INF] Request finished "HTTP/2" "GET" "https"://"localhost:7287""""/GuideProfileFoto/marie.jpg""" - 304 null "image/jpeg" 1.4971ms (74253ad3)
2025-09-19T13:08:15.0918020+03:00 0HNFNCHIUGJN5:0000006B [INF] The file "GuideProfileFoto/682aa140-0aa0-4da5-a380-586f0e2382ec.jpg" was not modified (f1f8d725)
2025-09-19T13:08:15.0918568+03:00 0HNFNCHIUGJN5:0000006B [INF] Executed endpoint '"Microsoft.AspNetCore.Routing.RouteEndpoint"' (99874f2b)
2025-09-19T13:08:15.0919470+03:00 0HNFNCHIUGJN5:0000006B [INF] Request finished "HTTP/2" "GET" "https"://"localhost:7287""""/GuideProfileFoto/682aa140-0aa0-4da5-a380-586f0e2382ec.jpg""" - 304 null "image/jpeg" 2.0961ms (74253ad3)
2025-09-19T13:08:15.0924882+03:00 0HNFNCHIUGJN5:0000006D [INF] Executing endpoint '"Microsoft.AspNetCore.Routing.RouteEndpoint"' (500cc934)
2025-09-19T13:08:15.0925068+03:00 0HNFNCHIUGJN5:00000073 [INF] The file "GuideProfileFoto/fa23a58b-ee05-4efb-8985-9b82298ca66d.png" was not modified (f1f8d725)
2025-09-19T13:08:15.0925596+03:00 0HNFNCHIUGJN5:00000073 [INF] Executed endpoint '"Microsoft.AspNetCore.Routing.RouteEndpoint"' (99874f2b)
2025-09-19T13:08:15.0925961+03:00 0HNFNCHIUGJN5:00000063 [INF] Executed endpoint '"Microsoft.AspNetCore.Routing.RouteEndpoint"' (99874f2b)
2025-09-19T13:08:15.0928212+03:00 0HNFNCHIUGJN5:00000073 [INF] Request finished "HTTP/2" "GET" "https"://"localhost:7287""""/GuideProfileFoto/fa23a58b-ee05-4efb-8985-9b82298ca66d.png""" - 304 null "image/png" 2.4124ms (74253ad3)
2025-09-19T13:08:15.0928214+03:00 0HNFNCHIUGJN5:00000063 [INF] Request finished "HTTP/2" "GET" "https"://"localhost:7287""""/sneat-1.0.0/assets/vendor/js/menu.js""" - 304 null "text/javascript" 3.0925ms (74253ad3)
2025-09-19T13:08:15.0929016+03:00 0HNFNCHIUGJN5:0000006D [INF] The file "GuideProfileFoto/team-3.jpg" was not modified (f1f8d725)
2025-09-19T13:08:15.0929459+03:00 0HNFNCHIUGJN5:0000006D [INF] Executed endpoint '"Microsoft.AspNetCore.Routing.RouteEndpoint"' (99874f2b)
2025-09-19T13:08:15.0930470+03:00 0HNFNCHIUGJN5:0000006D [INF] Request finished "HTTP/2" "GET" "https"://"localhost:7287""""/GuideProfileFoto/team-3.jpg""" - 304 null "image/jpeg" 3.1741ms (74253ad3)
2025-09-19T13:08:15.0932385+03:00 0HNFNCHIUGJN5:00000075 [INF] Executing endpoint '"Microsoft.AspNetCore.Routing.RouteEndpoint"' (500cc934)
2025-09-19T13:08:15.0935597+03:00 0HNFNCHIUGJN5:00000075 [INF] The file "GuideProfileFoto/ivana-square.jpg" was not modified (f1f8d725)
2025-09-19T13:08:15.0936192+03:00 0HNFNCHIUGJN5:00000075 [INF] Executed endpoint '"Microsoft.AspNetCore.Routing.RouteEndpoint"' (99874f2b)
2025-09-19T13:08:15.0937823+03:00 0HNFNCHIUGJN5:00000075 [INF] Request finished "HTTP/2" "GET" "https"://"localhost:7287""""/GuideProfileFoto/ivana-square.jpg""" - 304 null "image/jpeg" 2.4227ms (74253ad3)
2025-09-19T13:08:15.0945064+03:00 0HNFNCHIUGJN5:00000067 [INF] Executing endpoint '"Microsoft.AspNetCore.Routing.RouteEndpoint"' (500cc934)
2025-09-19T13:08:15.0948314+03:00 0HNFNCHIUGJN5:00000067 [INF] The file "sneat-1.0.0/assets/vendor/libs/apex-charts/apexcharts.js" was not modified (f1f8d725)
2025-09-19T13:08:15.0948909+03:00 0HNFNCHIUGJN5:00000067 [INF] Executed endpoint '"Microsoft.AspNetCore.Routing.RouteEndpoint"' (99874f2b)
2025-09-19T13:08:15.0950296+03:00 0HNFNCHIUGJN5:00000067 [INF] Request finished "HTTP/2" "GET" "https"://"localhost:7287""""/sneat-1.0.0/assets/vendor/libs/apex-charts/apexcharts.js""" - 304 null "text/javascript" 5.2702ms (74253ad3)
2025-09-19T13:08:15.0965118+03:00 0HNFNCHIUGJN5:0000006F [INF] Request finished "HTTP/2" "GET" "https"://"localhost:7287""""/_vs/browserLink""" - 200 null "text/javascript; charset=UTF-8" 6.3918ms (74253ad3)
2025-09-19T13:08:15.1312745+03:00 0HNFNCHIUGJN5:00000065 [INF] Executing endpoint '"Microsoft.AspNetCore.Routing.RouteEndpoint"' (500cc934)
2025-09-19T13:08:15.1312746+03:00 0HNFNCHIUGJN5:00000069 [INF] Executing endpoint '"Microsoft.AspNetCore.Routing.RouteEndpoint"' (500cc934)
2025-09-19T13:08:15.1316159+03:00 0HNFNCHIUGJN5:00000065 [INF] The file "sneat-1.0.0/assets/js/main.js" was not modified (f1f8d725)
2025-09-19T13:08:15.1316178+03:00 0HNFNCHIUGJN5:00000069 [INF] The file "sneat-1.0.0/assets/js/dashboards-analytics.js" was not modified (f1f8d725)
2025-09-19T13:08:15.1316688+03:00 0HNFNCHIUGJN5:00000069 [INF] Executed endpoint '"Microsoft.AspNetCore.Routing.RouteEndpoint"' (99874f2b)
2025-09-19T13:08:15.1316702+03:00 0HNFNCHIUGJN5:00000065 [INF] Executed endpoint '"Microsoft.AspNetCore.Routing.RouteEndpoint"' (99874f2b)
2025-09-19T13:08:15.1317813+03:00 0HNFNCHIUGJN5:00000069 [INF] Request finished "HTTP/2" "GET" "https"://"localhost:7287""""/sneat-1.0.0/assets/js/dashboards-analytics.js""" - 304 null "text/javascript" 41.9355ms (74253ad3)
2025-09-19T13:08:15.1317839+03:00 0HNFNCHIUGJN5:00000065 [INF] Request finished "HTTP/2" "GET" "https"://"localhost:7287""""/sneat-1.0.0/assets/js/main.js""" - 304 null "text/javascript" 41.9877ms (74253ad3)
2025-09-19T13:08:15.1959605+03:00 0HNFNCHIUGJN5:00000077 [INF] Request starting "HTTP/2" "GET" "https"://"localhost:7287""""/sneat-1.0.0/assets/vendor/fonts/boxicons/boxicons.woff2""" - null null (d509f86a)
2025-09-19T13:08:15.2011263+03:00 0HNFNCHIUGJN5:00000077 [INF] Executing endpoint '"Microsoft.AspNetCore.Routing.RouteEndpoint"' (500cc934)
2025-09-19T13:08:15.2016971+03:00 0HNFNCHIUGJN5:00000077 [INF] The file "sneat-1.0.0/assets/vendor/fonts/boxicons/boxicons.woff2" was not modified (f1f8d725)
2025-09-19T13:08:15.2017887+03:00 0HNFNCHIUGJN5:00000077 [INF] Executed endpoint '"Microsoft.AspNetCore.Routing.RouteEndpoint"' (99874f2b)
2025-09-19T13:08:15.2019667+03:00 0HNFNCHIUGJN5:00000077 [INF] Request finished "HTTP/2" "GET" "https"://"localhost:7287""""/sneat-1.0.0/assets/vendor/fonts/boxicons/boxicons.woff2""" - 304 null "font/woff2" 6.1001ms (74253ad3)
2025-09-19T13:08:15.3132626+03:00 0HNFNCHIUGJN5:00000079 [INF] Request starting "HTTP/2" "GET" "https"://"localhost:7287""""/sneat-1.0.0/assets/img/favicon/favicon.ico""" - null null (d509f86a)
2025-09-19T13:08:15.3151336+03:00 0HNFNCHIUGJN5:00000079 [INF] Executing endpoint '"Microsoft.AspNetCore.Routing.RouteEndpoint"' (500cc934)
2025-09-19T13:08:15.3154056+03:00 0HNFNCHIUGJN5:00000079 [INF] The file "sneat-1.0.0/assets/img/favicon/favicon.ico" was not modified (f1f8d725)
2025-09-19T13:08:15.3154501+03:00 0HNFNCHIUGJN5:00000079 [INF] Executed endpoint '"Microsoft.AspNetCore.Routing.RouteEndpoint"' (99874f2b)
2025-09-19T13:08:15.3155651+03:00 0HNFNCHIUGJN5:00000079 [INF] Request finished "HTTP/2" "GET" "https"://"localhost:7287""""/sneat-1.0.0/assets/img/favicon/favicon.ico""" - 304 null "image/x-icon" 2.3281ms (74253ad3)
2025-09-19T13:11:20.0002584+03:00  [INF] User profile is available. Using '"C:\Users\Lenovo\AppData\Local\ASP.NET\DataProtection-Keys"' as key repository and Windows DPAPI to encrypt keys at rest. (7ac5e29c)
2025-09-19T13:11:20.6415910+03:00  [INF] Now listening on: "https://localhost:7287" (d826f4b8)
2025-09-19T13:11:20.6417347+03:00  [INF] Now listening on: "http://localhost:5151" (d826f4b8)
2025-09-19T13:11:20.6671824+03:00  [INF] Application started. Press Ctrl+C to shut down. (dcaefe54)
2025-09-19T13:11:20.6674222+03:00  [INF] Hosting environment: "Development" (bc5a1a4e)
2025-09-19T13:11:20.6674453+03:00  [INF] Content root path: "C:\Users\Lenovo\OneDrive\Masaüstü\Yazılım\C# Programlama\Traversal Rezervasyon\Traversal Rezervasyon" (cc26f24e)
2025-09-19T13:11:21.1431762+03:00 0HNFNCJGO7B9D:00000001 [INF] Request starting "HTTP/2" "GET" "https"://"localhost:7287""""/Admin/Comment/Index""" - null null (d509f86a)
2025-09-19T13:11:21.4172003+03:00 0HNFNCJGO7B9D:00000001 [INF] Executing endpoint '"Traversal_Rezervasyon.Areas.Admin.Controllers.CommentController.Index (Traversal Rezervasyon)"' (500cc934)
2025-09-19T13:11:21.4256498+03:00 0HNFNCJGO7B9D:00000001 [INF] Route matched with "{area = \"Admin\", action = \"Index\", controller = \"Comment\"}". Executing controller action with signature "Microsoft.AspNetCore.Mvc.IActionResult Index()" on controller "Traversal_Rezervasyon.Areas.Admin.Controllers.CommentController" ("Traversal Rezervasyon"). (122b2fdf)
2025-09-19T13:11:22.4991122+03:00 0HNFNCJGO7B9D:00000001 [INF] Executing ViewResult, running view "Index". (c83d0e25)
2025-09-19T13:11:22.5723683+03:00 0HNFNCJGO7B9D:00000001 [INF] Executed ViewResult - view "Index" executed in 73.0113ms. (f66409e9)
2025-09-19T13:11:22.5747645+03:00 0HNFNCJGO7B9D:00000001 [INF] Executed action "Traversal_Rezervasyon.Areas.Admin.Controllers.CommentController.Index (Traversal Rezervasyon)" in 1148.5681ms (afa2e885)
2025-09-19T13:11:22.5750395+03:00 0HNFNCJGO7B9D:00000001 [INF] Executed endpoint '"Traversal_Rezervasyon.Areas.Admin.Controllers.CommentController.Index (Traversal Rezervasyon)"' (99874f2b)
2025-09-19T13:11:22.5787714+03:00 0HNFNCJGO7B9D:00000001 [INF] Request finished "HTTP/2" "GET" "https"://"localhost:7287""""/Admin/Comment/Index""" - 200 null "text/html; charset=utf-8" 1436.4339ms (74253ad3)
2025-09-19T13:11:22.7031021+03:00 0HNFNCJGO7B9D:00000003 [INF] Request starting "HTTP/2" "GET" "https"://"localhost:7287""""/sneat-1.0.0/assets/vendor/fonts/boxicons.css""" - null null (d509f86a)
2025-09-19T13:11:22.7031034+03:00 0HNFNCJGO7B9D:00000007 [INF] Request starting "HTTP/2" "GET" "https"://"localhost:7287""""/sneat-1.0.0/assets/vendor/css/theme-default.css""" - null null (d509f86a)
2025-09-19T13:11:22.7031035+03:00 0HNFNCJGO7B9D:00000005 [INF] Request starting "HTTP/2" "GET" "https"://"localhost:7287""""/sneat-1.0.0/assets/vendor/css/core.css""" - null null (d509f86a)
2025-09-19T13:11:22.7031300+03:00 0HNFNCJGO7B9D:00000009 [INF] Request starting "HTTP/2" "GET" "https"://"localhost:7287""""/sneat-1.0.0/assets/css/demo.css""" - null null (d509f86a)
2025-09-19T13:11:22.7032958+03:00 0HNFNCJGO7B9D:0000000D [INF] Request starting "HTTP/2" "GET" "https"://"localhost:7287""""/sneat-1.0.0/assets/vendor/libs/apex-charts/apex-charts.css""" - null null (d509f86a)
2025-09-19T13:11:22.7034136+03:00 0HNFNCJGO7B9D:0000000B [INF] Request starting "HTTP/2" "GET" "https"://"localhost:7287""""/sneat-1.0.0/assets/vendor/libs/perfect-scrollbar/perfect-scrollbar.css""" - null null (d509f86a)
2025-09-19T13:11:22.7036309+03:00 0HNFNCJGO7B9D:0000000F [INF] Request starting "HTTP/2" "GET" "https"://"localhost:7287""""/sneat-1.0.0/assets/vendor/js/helpers.js""" - null null (d509f86a)
2025-09-19T13:11:22.7038388+03:00 0HNFNCJGO7B9D:00000011 [INF] Request starting "HTTP/2" "GET" "https"://"localhost:7287""""/sneat-1.0.0/assets/js/config.js""" - null null (d509f86a)
2025-09-19T13:11:22.7040425+03:00 0HNFNCJGO7B9D:00000013 [INF] Request starting "HTTP/2" "GET" "https"://"localhost:7287""""/sneat-1.0.0/assets/img/avatars/1.png""" - null null (d509f86a)
2025-09-19T13:11:22.7040579+03:00 0HNFNCJGO7B9D:00000015 [INF] Request starting "HTTP/2" "GET" "https"://"localhost:7287""""/sneat-1.0.0/assets/vendor/libs/jquery/jquery.js""" - null null (d509f86a)
2025-09-19T13:11:22.7149106+03:00 0HNFNCJGO7B9D:00000013 [INF] Executing endpoint '"Microsoft.AspNetCore.Routing.RouteEndpoint"' (500cc934)
2025-09-19T13:11:22.7158547+03:00 0HNFNCJGO7B9D:00000003 [INF] Executing endpoint '"Microsoft.AspNetCore.Routing.RouteEndpoint"' (500cc934)
2025-09-19T13:11:22.7158548+03:00 0HNFNCJGO7B9D:0000000D [INF] Executing endpoint '"Microsoft.AspNetCore.Routing.RouteEndpoint"' (500cc934)
2025-09-19T13:11:22.7158548+03:00 0HNFNCJGO7B9D:00000007 [INF] Executing endpoint '"Microsoft.AspNetCore.Routing.RouteEndpoint"' (500cc934)
2025-09-19T13:11:22.7158561+03:00 0HNFNCJGO7B9D:00000005 [INF] Executing endpoint '"Microsoft.AspNetCore.Routing.RouteEndpoint"' (500cc934)
2025-09-19T13:11:22.7158996+03:00 0HNFNCJGO7B9D:00000009 [INF] Executing endpoint '"Microsoft.AspNetCore.Routing.RouteEndpoint"' (500cc934)
2025-09-19T13:11:22.7159020+03:00 0HNFNCJGO7B9D:00000011 [INF] Executing endpoint '"Microsoft.AspNetCore.Routing.RouteEndpoint"' (500cc934)
2025-09-19T13:11:22.7159008+03:00 0HNFNCJGO7B9D:00000015 [INF] Executing endpoint '"Microsoft.AspNetCore.Routing.RouteEndpoint"' (500cc934)
2025-09-19T13:11:22.7159023+03:00 0HNFNCJGO7B9D:0000000B [INF] Executing endpoint '"Microsoft.AspNetCore.Routing.RouteEndpoint"' (500cc934)
2025-09-19T13:11:22.7159020+03:00 0HNFNCJGO7B9D:0000000F [INF] Executing endpoint '"Microsoft.AspNetCore.Routing.RouteEndpoint"' (500cc934)
2025-09-19T13:11:22.7189670+03:00 0HNFNCJGO7B9D:00000007 [INF] The file "sneat-1.0.0/assets/vendor/css/theme-default.css" was not modified (f1f8d725)
2025-09-19T13:11:22.7189525+03:00 0HNFNCJGO7B9D:00000003 [INF] The file "sneat-1.0.0/assets/vendor/fonts/boxicons.css" was not modified (f1f8d725)
2025-09-19T13:11:22.7189526+03:00 0HNFNCJGO7B9D:00000009 [INF] The file "sneat-1.0.0/assets/css/demo.css" was not modified (f1f8d725)
2025-09-19T13:11:22.7189526+03:00 0HNFNCJGO7B9D:00000005 [INF] The file "sneat-1.0.0/assets/vendor/css/core.css" was not modified (f1f8d725)
2025-09-19T13:11:22.7189705+03:00 0HNFNCJGO7B9D:0000000D [INF] The file "sneat-1.0.0/assets/vendor/libs/apex-charts/apex-charts.css" was not modified (f1f8d725)
2025-09-19T13:11:22.7189544+03:00 0HNFNCJGO7B9D:0000000B [INF] The file "sneat-1.0.0/assets/vendor/libs/perfect-scrollbar/perfect-scrollbar.css" was not modified (f1f8d725)
2025-09-19T13:11:22.7189545+03:00 0HNFNCJGO7B9D:00000011 [INF] The file "sneat-1.0.0/assets/js/config.js" was not modified (f1f8d725)
2025-09-19T13:11:22.7189583+03:00 0HNFNCJGO7B9D:00000015 [INF] The file "sneat-1.0.0/assets/vendor/libs/jquery/jquery.js" was not modified (f1f8d725)
2025-09-19T13:11:22.7189577+03:00 0HNFNCJGO7B9D:0000000F [INF] The file "sneat-1.0.0/assets/vendor/js/helpers.js" was not modified (f1f8d725)
2025-09-19T13:11:22.7189608+03:00 0HNFNCJGO7B9D:00000013 [INF] The file "sneat-1.0.0/assets/img/avatars/1.png" was not modified (f1f8d725)
2025-09-19T13:11:22.7197897+03:00 0HNFNCJGO7B9D:00000013 [INF] Executed endpoint '"Microsoft.AspNetCore.Routing.RouteEndpoint"' (99874f2b)
2025-09-19T13:11:22.7197817+03:00 0HNFNCJGO7B9D:00000009 [INF] Executed endpoint '"Microsoft.AspNetCore.Routing.RouteEndpoint"' (99874f2b)
2025-09-19T13:11:22.7198079+03:00 0HNFNCJGO7B9D:00000005 [INF] Executed endpoint '"Microsoft.AspNetCore.Routing.RouteEndpoint"' (99874f2b)
2025-09-19T13:11:22.7197816+03:00 0HNFNCJGO7B9D:00000011 [INF] Executed endpoint '"Microsoft.AspNetCore.Routing.RouteEndpoint"' (99874f2b)
2025-09-19T13:11:22.7198338+03:00 0HNFNCJGO7B9D:0000000F [INF] Executed endpoint '"Microsoft.AspNetCore.Routing.RouteEndpoint"' (99874f2b)
2025-09-19T13:11:22.7198489+03:00 0HNFNCJGO7B9D:00000015 [INF] Executed endpoint '"Microsoft.AspNetCore.Routing.RouteEndpoint"' (99874f2b)
2025-09-19T13:11:22.7197815+03:00 0HNFNCJGO7B9D:00000003 [INF] Executed endpoint '"Microsoft.AspNetCore.Routing.RouteEndpoint"' (99874f2b)
2025-09-19T13:11:22.7200260+03:00 0HNFNCJGO7B9D:0000000B [INF] Executed endpoint '"Microsoft.AspNetCore.Routing.RouteEndpoint"' (99874f2b)
2025-09-19T13:11:22.7202296+03:00 0HNFNCJGO7B9D:00000007 [INF] Executed endpoint '"Microsoft.AspNetCore.Routing.RouteEndpoint"' (99874f2b)
2025-09-19T13:11:22.7202517+03:00 0HNFNCJGO7B9D:0000000D [INF] Executed endpoint '"Microsoft.AspNetCore.Routing.RouteEndpoint"' (99874f2b)
2025-09-19T13:11:22.7204694+03:00 0HNFNCJGO7B9D:00000005 [INF] Request finished "HTTP/2" "GET" "https"://"localhost:7287""""/sneat-1.0.0/assets/vendor/css/core.css""" - 304 null "text/css" 17.3798ms (74253ad3)
2025-09-19T13:11:22.7204692+03:00 0HNFNCJGO7B9D:00000013 [INF] Request finished "HTTP/2" "GET" "https"://"localhost:7287""""/sneat-1.0.0/assets/img/avatars/1.png""" - 304 null "image/png" 16.3239ms (74253ad3)
2025-09-19T13:11:22.7204877+03:00 0HNFNCJGO7B9D:00000003 [INF] Request finished "HTTP/2" "GET" "https"://"localhost:7287""""/sneat-1.0.0/assets/vendor/fonts/boxicons.css""" - 304 null "text/css" 17.4504ms (74253ad3)
2025-09-19T13:11:22.7204922+03:00 0HNFNCJGO7B9D:0000000B [INF] Request finished "HTTP/2" "GET" "https"://"localhost:7287""""/sneat-1.0.0/assets/vendor/libs/perfect-scrollbar/perfect-scrollbar.css""" - 304 null "text/css" 17.0288ms (74253ad3)
2025-09-19T13:11:22.7205014+03:00 0HNFNCJGO7B9D:00000015 [INF] Request finished "HTTP/2" "GET" "https"://"localhost:7287""""/sneat-1.0.0/assets/vendor/libs/jquery/jquery.js""" - 304 null "text/javascript" 16.3604ms (74253ad3)
2025-09-19T13:11:22.7205367+03:00 0HNFNCJGO7B9D:00000011 [INF] Request finished "HTTP/2" "GET" "https"://"localhost:7287""""/sneat-1.0.0/assets/js/config.js""" - 304 null "text/javascript" 16.6685ms (74253ad3)
2025-09-19T13:11:22.7205282+03:00 0HNFNCJGO7B9D:00000009 [INF] Request finished "HTTP/2" "GET" "https"://"localhost:7287""""/sneat-1.0.0/assets/css/demo.css""" - 304 null "text/css" 17.3559ms (74253ad3)
2025-09-19T13:11:22.7205640+03:00 0HNFNCJGO7B9D:0000000F [INF] Request finished "HTTP/2" "GET" "https"://"localhost:7287""""/sneat-1.0.0/assets/vendor/js/helpers.js""" - 304 null "text/javascript" 16.8972ms (74253ad3)
2025-09-19T13:11:22.7205810+03:00 0HNFNCJGO7B9D:00000007 [INF] Request finished "HTTP/2" "GET" "https"://"localhost:7287""""/sneat-1.0.0/assets/vendor/css/theme-default.css""" - 304 null "text/css" 17.5304ms (74253ad3)
2025-09-19T13:11:22.7205930+03:00 0HNFNCJGO7B9D:0000000D [INF] Request finished "HTTP/2" "GET" "https"://"localhost:7287""""/sneat-1.0.0/assets/vendor/libs/apex-charts/apex-charts.css""" - 304 null "text/css" 17.2751ms (74253ad3)
2025-09-19T13:11:22.7353106+03:00 0HNFNCJGO7B9D:00000017 [INF] Request starting "HTTP/2" "GET" "https"://"localhost:7287""""/sneat-1.0.0/assets/vendor/libs/popper/popper.js""" - null null (d509f86a)
2025-09-19T13:11:22.7455565+03:00 0HNFNCJGO7B9D:00000019 [INF] Request starting "HTTP/2" "GET" "https"://"localhost:7287""""/sneat-1.0.0/assets/vendor/js/bootstrap.js""" - null null (d509f86a)
2025-09-19T13:11:22.7575782+03:00 0HNFNCJGO7B9D:0000001B [INF] Request starting "HTTP/2" "GET" "https"://"localhost:7287""""/sneat-1.0.0/assets/vendor/libs/perfect-scrollbar/perfect-scrollbar.js""" - null null (d509f86a)
2025-09-19T13:11:22.7582671+03:00 0HNFNCJGO7B9D:0000001F [INF] Request starting "HTTP/2" "GET" "https"://"localhost:7287""""/sneat-1.0.0/assets/vendor/libs/apex-charts/apexcharts.js""" - null null (d509f86a)
2025-09-19T13:11:22.7582671+03:00 0HNFNCJGO7B9D:0000001D [INF] Request starting "HTTP/2" "GET" "https"://"localhost:7287""""/sneat-1.0.0/assets/vendor/js/menu.js""" - null null (d509f86a)
2025-09-19T13:11:22.7590998+03:00 0HNFNCJGO7B9D:00000021 [INF] Request starting "HTTP/2" "GET" "https"://"localhost:7287""""/_framework/aspnetcore-browser-refresh.js""" - null null (d509f86a)
2025-09-19T13:11:22.7590997+03:00 0HNFNCJGO7B9D:00000023 [INF] Request starting "HTTP/2" "GET" "https"://"localhost:7287""""/sneat-1.0.0/assets/js/main.js""" - null null (d509f86a)
2025-09-19T13:11:22.7591547+03:00 0HNFNCJGO7B9D:00000025 [INF] Request starting "HTTP/2" "GET" "https"://"localhost:7287""""/sneat-1.0.0/assets/js/dashboards-analytics.js""" - null null (d509f86a)
2025-09-19T13:11:22.7597246+03:00 0HNFNCJGO7B9D:00000027 [INF] Request starting "HTTP/2" "GET" "https"://"localhost:7287""""/_vs/browserLink""" - null null (d509f86a)
2025-09-19T13:11:22.7625971+03:00 0HNFNCJGO7B9D:00000021 [INF] Request finished "HTTP/2" "GET" "https"://"localhost:7287""""/_framework/aspnetcore-browser-refresh.js""" - 200 16527 "application/javascript; charset=utf-8" 3.4424ms (74253ad3)
2025-09-19T13:11:22.8000628+03:00 0HNFNCJGO7B9D:00000027 [INF] Request finished "HTTP/2" "GET" "https"://"localhost:7287""""/_vs/browserLink""" - 200 null "text/javascript; charset=UTF-8" 40.269ms (74253ad3)
2025-09-19T13:11:22.8369212+03:00 0HNFNCJGO7B9D:0000001D [INF] Executing endpoint '"Microsoft.AspNetCore.Routing.RouteEndpoint"' (500cc934)
2025-09-19T13:11:22.8369213+03:00 0HNFNCJGO7B9D:00000019 [INF] Executing endpoint '"Microsoft.AspNetCore.Routing.RouteEndpoint"' (500cc934)
2025-09-19T13:11:22.8369214+03:00 0HNFNCJGO7B9D:0000001B [INF] Executing endpoint '"Microsoft.AspNetCore.Routing.RouteEndpoint"' (500cc934)
2025-09-19T13:11:22.8369215+03:00 0HNFNCJGO7B9D:0000001F [INF] Executing endpoint '"Microsoft.AspNetCore.Routing.RouteEndpoint"' (500cc934)
2025-09-19T13:11:22.8369215+03:00 0HNFNCJGO7B9D:00000017 [INF] Executing endpoint '"Microsoft.AspNetCore.Routing.RouteEndpoint"' (500cc934)
2025-09-19T13:11:22.8373239+03:00 0HNFNCJGO7B9D:0000001D [INF] The file "sneat-1.0.0/assets/vendor/js/menu.js" was not modified (f1f8d725)
2025-09-19T13:11:22.8373237+03:00 0HNFNCJGO7B9D:00000019 [INF] The file "sneat-1.0.0/assets/vendor/js/bootstrap.js" was not modified (f1f8d725)
2025-09-19T13:11:22.8373285+03:00 0HNFNCJGO7B9D:0000001F [INF] The file "sneat-1.0.0/assets/vendor/libs/apex-charts/apexcharts.js" was not modified (f1f8d725)
2025-09-19T13:11:22.8373389+03:00 0HNFNCJGO7B9D:00000017 [INF] The file "sneat-1.0.0/assets/vendor/libs/popper/popper.js" was not modified (f1f8d725)
2025-09-19T13:11:22.8373384+03:00 0HNFNCJGO7B9D:0000001B [INF] The file "sneat-1.0.0/assets/vendor/libs/perfect-scrollbar/perfect-scrollbar.js" was not modified (f1f8d725)
2025-09-19T13:11:22.8374037+03:00 0HNFNCJGO7B9D:0000001F [INF] Executed endpoint '"Microsoft.AspNetCore.Routing.RouteEndpoint"' (99874f2b)
2025-09-19T13:11:22.8374038+03:00 0HNFNCJGO7B9D:00000019 [INF] Executed endpoint '"Microsoft.AspNetCore.Routing.RouteEndpoint"' (99874f2b)
2025-09-19T13:11:22.8374061+03:00 0HNFNCJGO7B9D:0000001D [INF] Executed endpoint '"Microsoft.AspNetCore.Routing.RouteEndpoint"' (99874f2b)
2025-09-19T13:11:22.8374308+03:00 0HNFNCJGO7B9D:0000001B [INF] Executed endpoint '"Microsoft.AspNetCore.Routing.RouteEndpoint"' (99874f2b)
2025-09-19T13:11:22.8374273+03:00 0HNFNCJGO7B9D:00000017 [INF] Executed endpoint '"Microsoft.AspNetCore.Routing.RouteEndpoint"' (99874f2b)
2025-09-19T13:11:22.8375157+03:00 0HNFNCJGO7B9D:0000001F [INF] Request finished "HTTP/2" "GET" "https"://"localhost:7287""""/sneat-1.0.0/assets/vendor/libs/apex-charts/apexcharts.js""" - 304 null "text/javascript" 79.2407ms (74253ad3)
2025-09-19T13:11:22.8375154+03:00 0HNFNCJGO7B9D:00000019 [INF] Request finished "HTTP/2" "GET" "https"://"localhost:7287""""/sneat-1.0.0/assets/vendor/js/bootstrap.js""" - 304 null "text/javascript" 91.9627ms (74253ad3)
2025-09-19T13:11:22.8375434+03:00 0HNFNCJGO7B9D:0000001D [INF] Request finished "HTTP/2" "GET" "https"://"localhost:7287""""/sneat-1.0.0/assets/vendor/js/menu.js""" - 304 null "text/javascript" 79.2569ms (74253ad3)
2025-09-19T13:11:22.8375537+03:00 0HNFNCJGO7B9D:0000001B [INF] Request finished "HTTP/2" "GET" "https"://"localhost:7287""""/sneat-1.0.0/assets/vendor/libs/perfect-scrollbar/perfect-scrollbar.js""" - 304 null "text/javascript" 80.0042ms (74253ad3)
2025-09-19T13:11:22.8375538+03:00 0HNFNCJGO7B9D:00000017 [INF] Request finished "HTTP/2" "GET" "https"://"localhost:7287""""/sneat-1.0.0/assets/vendor/libs/popper/popper.js""" - 304 null "text/javascript" 102.2503ms (74253ad3)
2025-09-19T13:11:22.8605111+03:00 0HNFNCJGO7B9D:00000023 [INF] Executing endpoint '"Microsoft.AspNetCore.Routing.RouteEndpoint"' (500cc934)
2025-09-19T13:11:22.8605110+03:00 0HNFNCJGO7B9D:00000025 [INF] Executing endpoint '"Microsoft.AspNetCore.Routing.RouteEndpoint"' (500cc934)
2025-09-19T13:11:22.8608623+03:00 0HNFNCJGO7B9D:00000025 [INF] The file "sneat-1.0.0/assets/js/dashboards-analytics.js" was not modified (f1f8d725)
2025-09-19T13:11:22.8608624+03:00 0HNFNCJGO7B9D:00000023 [INF] The file "sneat-1.0.0/assets/js/main.js" was not modified (f1f8d725)
2025-09-19T13:11:22.8609357+03:00 0HNFNCJGO7B9D:00000025 [INF] Executed endpoint '"Microsoft.AspNetCore.Routing.RouteEndpoint"' (99874f2b)
2025-09-19T13:11:22.8609362+03:00 0HNFNCJGO7B9D:00000023 [INF] Executed endpoint '"Microsoft.AspNetCore.Routing.RouteEndpoint"' (99874f2b)
2025-09-19T13:11:22.8610565+03:00 0HNFNCJGO7B9D:00000025 [INF] Request finished "HTTP/2" "GET" "https"://"localhost:7287""""/sneat-1.0.0/assets/js/dashboards-analytics.js""" - 304 null "text/javascript" 101.9072ms (74253ad3)
2025-09-19T13:11:22.8611102+03:00 0HNFNCJGO7B9D:00000023 [INF] Request finished "HTTP/2" "GET" "https"://"localhost:7287""""/sneat-1.0.0/assets/js/main.js""" - 304 null "text/javascript" 102.0146ms (74253ad3)
2025-09-19T13:11:22.9525022+03:00 0HNFNCJGO7B9D:00000029 [INF] Request starting "HTTP/2" "GET" "https"://"localhost:7287""""/sneat-1.0.0/assets/vendor/fonts/boxicons/boxicons.woff2""" - null null (d509f86a)
2025-09-19T13:11:22.9551484+03:00 0HNFNCJGO7B9D:00000029 [INF] Executing endpoint '"Microsoft.AspNetCore.Routing.RouteEndpoint"' (500cc934)
2025-09-19T13:11:22.9559869+03:00 0HNFNCJGO7B9D:00000029 [INF] The file "sneat-1.0.0/assets/vendor/fonts/boxicons/boxicons.woff2" was not modified (f1f8d725)
2025-09-19T13:11:22.9569719+03:00 0HNFNCJGO7B9D:00000029 [INF] Executed endpoint '"Microsoft.AspNetCore.Routing.RouteEndpoint"' (99874f2b)
2025-09-19T13:11:22.9577727+03:00 0HNFNCJGO7B9D:00000029 [INF] Request finished "HTTP/2" "GET" "https"://"localhost:7287""""/sneat-1.0.0/assets/vendor/fonts/boxicons/boxicons.woff2""" - 304 null "font/woff2" 5.2025ms (74253ad3)
