2025-09-18T06:00:46.9992942+03:00  [INF] User profile is available. Using '"C:\Users\Lenovo\AppData\Local\ASP.NET\DataProtection-Keys"' as key repository and Windows DPAPI to encrypt keys at rest. (7ac5e29c)
2025-09-18T06:00:49.7284242+03:00  [INF] Now listening on: "https://localhost:7287" (d826f4b8)
2025-09-18T06:00:49.7291323+03:00  [INF] Now listening on: "http://localhost:5151" (d826f4b8)
2025-09-18T06:00:49.8001933+03:00  [INF] Application started. Press Ctrl+C to shut down. (dcaefe54)
2025-09-18T06:00:49.8012139+03:00  [INF] Hosting environment: "Development" (bc5a1a4e)
2025-09-18T06:00:49.8014004+03:00  [INF] Content root path: "C:\Users\Lenovo\OneDrive\Masaüstü\Yazılım\C# Programlama\Traversal Rezervasyon\Traversal Rezervasyon" (cc26f24e)
2025-09-18T06:00:50.7320747+03:00 0HNFMBU9B1BGO:00000001 [INF] Request starting "HTTP/2" "GET" "https"://"localhost:7287""""/Destination/Index""" - null null (d509f86a)
2025-09-18T06:00:55.0740082+03:00 0HNFMBU9B1BGO:00000001 [INF] Executing endpoint '"Traversal_Rezervasyon.Controllers.DestinationController.Index (Traversal Rezervasyon)"' (500cc934)
2025-09-18T06:00:55.0918018+03:00 0HNFMBU9B1BGO:00000001 [INF] Route matched with "{action = \"Index\", controller = \"Destination\", area = \"\"}". Executing controller action with signature "Microsoft.AspNetCore.Mvc.IActionResult Index()" on controller "Traversal_Rezervasyon.Controllers.DestinationController" ("Traversal Rezervasyon"). (122b2fdf)
2025-09-18T06:00:55.3187982+03:00 0HNFMBU9B1BGO:00000001 [INF] Executing ViewResult, running view "Index". (c83d0e25)
2025-09-18T06:00:55.4727141+03:00 0HNFMBU9B1BGO:00000001 [INF] Executed ViewResult - view "Index" executed in 154.7462ms. (f66409e9)
2025-09-18T06:00:55.4773917+03:00 0HNFMBU9B1BGO:00000001 [INF] Executed action "Traversal_Rezervasyon.Controllers.DestinationController.Index (Traversal Rezervasyon)" in 384.3103ms (afa2e885)
2025-09-18T06:00:55.4779675+03:00 0HNFMBU9B1BGO:00000001 [INF] Executed endpoint '"Traversal_Rezervasyon.Controllers.DestinationController.Index (Traversal Rezervasyon)"' (99874f2b)
2025-09-18T06:00:55.4911327+03:00 0HNFMBU9B1BGO:00000001 [INF] Request finished "HTTP/2" "GET" "https"://"localhost:7287""""/Destination/Index""" - 200 null "text/html; charset=utf-8" 4764.6686ms (74253ad3)
2025-09-18T06:00:55.7152957+03:00 0HNFMBU9B1BGO:00000003 [INF] Request starting "HTTP/2" "GET" "https"://"localhost:7287""""/Destination/assets/css/style-liberty.css""" - null null (d509f86a)
2025-09-18T06:00:55.7152997+03:00 0HNFMBU9B1BGO:00000005 [INF] Request starting "HTTP/2" "GET" "https"://"localhost:7287""""/Traversal-Liberty/assets/css/style-liberty.css""" - null null (d509f86a)
2025-09-18T06:00:55.7402087+03:00 0HNFMBU9B1BGO:00000005 [INF] Executing endpoint '"Microsoft.AspNetCore.Routing.RouteEndpoint"' (500cc934)
2025-09-18T06:00:55.7475303+03:00 0HNFMBU9B1BGO:00000005 [INF] The file "Traversal-Liberty/assets/css/style-liberty.css" was not modified (f1f8d725)
2025-09-18T06:00:55.7494228+03:00 0HNFMBU9B1BGO:00000005 [INF] Executed endpoint '"Microsoft.AspNetCore.Routing.RouteEndpoint"' (99874f2b)
2025-09-18T06:00:55.7500025+03:00 0HNFMBU9B1BGO:00000005 [INF] Request finished "HTTP/2" "GET" "https"://"localhost:7287""""/Traversal-Liberty/assets/css/style-liberty.css""" - 304 null "text/css" 34.6918ms (74253ad3)
2025-09-18T06:00:55.8244595+03:00 0HNFMBU9B1BGO:00000007 [INF] Request starting "HTTP/2" "GET" "https"://"localhost:7287""""/Traversal-Starter/assets/images/g5.jpg""" - null null (d509f86a)
2025-09-18T06:00:55.8245311+03:00 0HNFMBU9B1BGO:00000009 [INF] Request starting "HTTP/2" "GET" "https"://"localhost:7287""""/Traversal-Starter/assets/images/g6.jpg""" - null null (d509f86a)
2025-09-18T06:00:55.8246563+03:00 0HNFMBU9B1BGO:0000000D [INF] Request starting "HTTP/2" "GET" "https"://"localhost:7287""""/Traversal-Starter/assets/images/g1.jpg""" - null null (d509f86a)
2025-09-18T06:00:55.8250817+03:00 0HNFMBU9B1BGO:0000000B [INF] Request starting "HTTP/2" "GET" "https"://"localhost:7287""""/Traversal-Starter/assets/images/g3.jpg""" - null null (d509f86a)
2025-09-18T06:00:55.8255300+03:00 0HNFMBU9B1BGO:0000000F [INF] Request starting "HTTP/2" "GET" "https"://"localhost:7287""""/Traversal-Starter/assets/images/g4.jpg""" - null null (d509f86a)
2025-09-18T06:00:55.8479306+03:00 0HNFMBU9B1BGO:0000000B [INF] Executing endpoint '"Microsoft.AspNetCore.Routing.RouteEndpoint"' (500cc934)
2025-09-18T06:00:55.8479433+03:00 0HNFMBU9B1BGO:0000000F [INF] Executing endpoint '"Microsoft.AspNetCore.Routing.RouteEndpoint"' (500cc934)
2025-09-18T06:00:55.8479726+03:00 0HNFMBU9B1BGO:00000007 [INF] Executing endpoint '"Microsoft.AspNetCore.Routing.RouteEndpoint"' (500cc934)
2025-09-18T06:00:55.8480165+03:00 0HNFMBU9B1BGO:0000000D [INF] Executing endpoint '"Microsoft.AspNetCore.Routing.RouteEndpoint"' (500cc934)
2025-09-18T06:00:55.8480165+03:00 0HNFMBU9B1BGO:00000009 [INF] Executing endpoint '"Microsoft.AspNetCore.Routing.RouteEndpoint"' (500cc934)
2025-09-18T06:00:55.8488803+03:00 0HNFMBU9B1BGO:00000007 [INF] The file "Traversal-Starter/assets/images/g5.jpg" was not modified (f1f8d725)
2025-09-18T06:00:55.8488813+03:00 0HNFMBU9B1BGO:0000000F [INF] The file "Traversal-Starter/assets/images/g4.jpg" was not modified (f1f8d725)
2025-09-18T06:00:55.8489171+03:00 0HNFMBU9B1BGO:0000000D [INF] The file "Traversal-Starter/assets/images/g1.jpg" was not modified (f1f8d725)
2025-09-18T06:00:55.8489551+03:00 0HNFMBU9B1BGO:0000000B [INF] The file "Traversal-Starter/assets/images/g3.jpg" was not modified (f1f8d725)
2025-09-18T06:00:55.8489806+03:00 0HNFMBU9B1BGO:00000009 [INF] The file "Traversal-Starter/assets/images/g6.jpg" was not modified (f1f8d725)
2025-09-18T06:00:55.8495231+03:00 0HNFMBU9B1BGO:00000007 [INF] Executed endpoint '"Microsoft.AspNetCore.Routing.RouteEndpoint"' (99874f2b)
2025-09-18T06:00:55.8495532+03:00 0HNFMBU9B1BGO:0000000B [INF] Executed endpoint '"Microsoft.AspNetCore.Routing.RouteEndpoint"' (99874f2b)
2025-09-18T06:00:55.8495533+03:00 0HNFMBU9B1BGO:0000000D [INF] Executed endpoint '"Microsoft.AspNetCore.Routing.RouteEndpoint"' (99874f2b)
2025-09-18T06:00:55.8495579+03:00 0HNFMBU9B1BGO:00000009 [INF] Executed endpoint '"Microsoft.AspNetCore.Routing.RouteEndpoint"' (99874f2b)
2025-09-18T06:00:55.8495457+03:00 0HNFMBU9B1BGO:0000000F [INF] Executed endpoint '"Microsoft.AspNetCore.Routing.RouteEndpoint"' (99874f2b)
2025-09-18T06:00:55.8497338+03:00 0HNFMBU9B1BGO:00000009 [INF] Request finished "HTTP/2" "GET" "https"://"localhost:7287""""/Traversal-Starter/assets/images/g6.jpg""" - 304 null "image/jpeg" 25.2067ms (74253ad3)
2025-09-18T06:00:55.8497314+03:00 0HNFMBU9B1BGO:0000000B [INF] Request finished "HTTP/2" "GET" "https"://"localhost:7287""""/Traversal-Starter/assets/images/g3.jpg""" - 304 null "image/jpeg" 24.6446ms (74253ad3)
2025-09-18T06:00:55.8497629+03:00 0HNFMBU9B1BGO:0000000D [INF] Request finished "HTTP/2" "GET" "https"://"localhost:7287""""/Traversal-Starter/assets/images/g1.jpg""" - 304 null "image/jpeg" 25.0942ms (74253ad3)
2025-09-18T06:00:55.8497822+03:00 0HNFMBU9B1BGO:00000007 [INF] Request finished "HTTP/2" "GET" "https"://"localhost:7287""""/Traversal-Starter/assets/images/g5.jpg""" - 304 null "image/jpeg" 25.3122ms (74253ad3)
2025-09-18T06:00:55.8498266+03:00 0HNFMBU9B1BGO:0000000F [INF] Request finished "HTTP/2" "GET" "https"://"localhost:7287""""/Traversal-Starter/assets/images/g4.jpg""" - 304 null "image/jpeg" 24.2296ms (74253ad3)
2025-09-18T06:00:55.9488214+03:00 0HNFMBU9B1BGO:00000011 [INF] Request starting "HTTP/2" "GET" "https"://"localhost:7287""""/_framework/aspnetcore-browser-refresh.js""" - null null (d509f86a)
2025-09-18T06:00:55.9488763+03:00 0HNFMBU9B1BGO:00000017 [INF] Request starting "HTTP/2" "GET" "https"://"localhost:7287""""/Traversal-Liberty/assets/js/bootstrap.min.js""" - null null (d509f86a)
2025-09-18T06:00:55.9488894+03:00 0HNFMBU9B1BGO:00000019 [INF] Request starting "HTTP/2" "GET" "https"://"localhost:7287""""/Traversal-Liberty/assets/js/jquery.waypoints.min.js""" - null null (d509f86a)
2025-09-18T06:00:55.9488902+03:00 0HNFMBU9B1BGO:00000013 [INF] Request starting "HTTP/2" "GET" "https"://"localhost:7287""""/Traversal-Liberty/assets/js/theme-change.js""" - null null (d509f86a)
2025-09-18T06:00:55.9488901+03:00 0HNFMBU9B1BGO:00000015 [INF] Request starting "HTTP/2" "GET" "https"://"localhost:7287""""/Traversal-Liberty/assets/js/jquery-3.3.1.min.js""" - null null (d509f86a)
2025-09-18T06:00:55.9553581+03:00 0HNFMBU9B1BGO:00000011 [INF] Request finished "HTTP/2" "GET" "https"://"localhost:7287""""/_framework/aspnetcore-browser-refresh.js""" - 200 16527 "application/javascript; charset=utf-8" 6.4844ms (74253ad3)
2025-09-18T06:00:55.9594580+03:00 0HNFMBU9B1BGO:0000001B [INF] Request starting "HTTP/2" "GET" "https"://"localhost:7287""""/Traversal-Liberty/assets/js/jquery.countup.js""" - null null (d509f86a)
2025-09-18T06:00:55.9978981+03:00 0HNFMBU9B1BGO:00000019 [INF] Executing endpoint '"Microsoft.AspNetCore.Routing.RouteEndpoint"' (500cc934)
2025-09-18T06:00:55.9979361+03:00 0HNFMBU9B1BGO:00000015 [INF] Executing endpoint '"Microsoft.AspNetCore.Routing.RouteEndpoint"' (500cc934)
2025-09-18T06:00:55.9979470+03:00 0HNFMBU9B1BGO:00000013 [INF] Executing endpoint '"Microsoft.AspNetCore.Routing.RouteEndpoint"' (500cc934)
2025-09-18T06:00:55.9980788+03:00 0HNFMBU9B1BGO:0000001B [INF] Executing endpoint '"Microsoft.AspNetCore.Routing.RouteEndpoint"' (500cc934)
2025-09-18T06:00:55.9984017+03:00 0HNFMBU9B1BGO:00000019 [INF] The file "Traversal-Liberty/assets/js/jquery.waypoints.min.js" was not modified (f1f8d725)
2025-09-18T06:00:55.9984142+03:00 0HNFMBU9B1BGO:00000013 [INF] The file "Traversal-Liberty/assets/js/theme-change.js" was not modified (f1f8d725)
2025-09-18T06:00:55.9985185+03:00 0HNFMBU9B1BGO:0000001B [INF] The file "Traversal-Liberty/assets/js/jquery.countup.js" was not modified (f1f8d725)
2025-09-18T06:00:55.9985545+03:00 0HNFMBU9B1BGO:00000019 [INF] Executed endpoint '"Microsoft.AspNetCore.Routing.RouteEndpoint"' (99874f2b)
2025-09-18T06:00:55.9985526+03:00 0HNFMBU9B1BGO:00000013 [INF] Executed endpoint '"Microsoft.AspNetCore.Routing.RouteEndpoint"' (99874f2b)
2025-09-18T06:00:55.9986411+03:00 0HNFMBU9B1BGO:0000001B [INF] Executed endpoint '"Microsoft.AspNetCore.Routing.RouteEndpoint"' (99874f2b)
2025-09-18T06:00:55.9987880+03:00 0HNFMBU9B1BGO:00000013 [INF] Request finished "HTTP/2" "GET" "https"://"localhost:7287""""/Traversal-Liberty/assets/js/theme-change.js""" - 304 null "text/javascript" 49.8884ms (74253ad3)
2025-09-18T06:00:55.9988147+03:00 0HNFMBU9B1BGO:00000015 [INF] The file "Traversal-Liberty/assets/js/jquery-3.3.1.min.js" was not modified (f1f8d725)
2025-09-18T06:00:55.9989411+03:00 0HNFMBU9B1BGO:00000019 [INF] Request finished "HTTP/2" "GET" "https"://"localhost:7287""""/Traversal-Liberty/assets/js/jquery.waypoints.min.js""" - 304 null "text/javascript" 49.8525ms (74253ad3)
2025-09-18T06:00:55.9989564+03:00 0HNFMBU9B1BGO:00000015 [INF] Executed endpoint '"Microsoft.AspNetCore.Routing.RouteEndpoint"' (99874f2b)
2025-09-18T06:00:55.9989123+03:00 0HNFMBU9B1BGO:0000001B [INF] Request finished "HTTP/2" "GET" "https"://"localhost:7287""""/Traversal-Liberty/assets/js/jquery.countup.js""" - 304 null "text/javascript" 39.4301ms (74253ad3)
2025-09-18T06:00:55.9991536+03:00 0HNFMBU9B1BGO:00000015 [INF] Request finished "HTTP/2" "GET" "https"://"localhost:7287""""/Traversal-Liberty/assets/js/jquery-3.3.1.min.js""" - 304 null "text/javascript" 50.2513ms (74253ad3)
2025-09-18T06:00:56.0139982+03:00 0HNFMBU9B1BGO:00000017 [INF] Executing endpoint '"Microsoft.AspNetCore.Routing.RouteEndpoint"' (500cc934)
2025-09-18T06:00:56.0144197+03:00 0HNFMBU9B1BGO:00000017 [INF] The file "Traversal-Liberty/assets/js/bootstrap.min.js" was not modified (f1f8d725)
2025-09-18T06:00:56.0145208+03:00 0HNFMBU9B1BGO:00000017 [INF] Executed endpoint '"Microsoft.AspNetCore.Routing.RouteEndpoint"' (99874f2b)
2025-09-18T06:00:56.0147019+03:00 0HNFMBU9B1BGO:00000017 [INF] Request finished "HTTP/2" "GET" "https"://"localhost:7287""""/Traversal-Liberty/assets/js/bootstrap.min.js""" - 304 null "text/javascript" 65.8494ms (74253ad3)
2025-09-18T06:00:56.0250000+03:00 0HNFMBU9B1BGO:0000001D [INF] Request starting "HTTP/2" "GET" "https"://"localhost:7287""""/_vs/browserLink""" - null null (d509f86a)
2025-09-18T06:00:56.0381908+03:00 0HNFMBU9B1BGO:00000003 [INF] Executing endpoint '"Traversal_Rezervasyon.Areas.Admin.Controllers._404PagesController.Index (Traversal Rezervasyon)"' (500cc934)
2025-09-18T06:00:56.0411651+03:00 0HNFMBU9B1BGO:00000003 [INF] Route matched with "{area = \"Admin\", action = \"Index\", controller = \"_404Pages\"}". Executing controller action with signature "Microsoft.AspNetCore.Mvc.IActionResult Index()" on controller "Traversal_Rezervasyon.Areas.Admin.Controllers._404PagesController" ("Traversal Rezervasyon"). (122b2fdf)
2025-09-18T06:00:56.0464445+03:00 0HNFMBU9B1BGO:00000003 [INF] Executing ViewResult, running view "Index". (c83d0e25)
2025-09-18T06:00:56.0581031+03:00 0HNFMBU9B1BGO:00000003 [INF] Executed ViewResult - view "Index" executed in 13.1239ms. (f66409e9)
2025-09-18T06:00:56.0583076+03:00 0HNFMBU9B1BGO:00000003 [INF] Executed action "Traversal_Rezervasyon.Areas.Admin.Controllers._404PagesController.Index (Traversal Rezervasyon)" in 17.0341ms (afa2e885)
2025-09-18T06:00:56.0583635+03:00 0HNFMBU9B1BGO:00000003 [INF] Executed endpoint '"Traversal_Rezervasyon.Areas.Admin.Controllers._404PagesController.Index (Traversal Rezervasyon)"' (99874f2b)
2025-09-18T06:00:56.0589531+03:00 0HNFMBU9B1BGO:00000003 [INF] Request finished "HTTP/2" "GET" "https"://"localhost:7287""""/Destination/assets/css/style-liberty.css""" - 404 null "text/html; charset=utf-8" 343.6924ms (74253ad3)
2025-09-18T06:00:56.0602018+03:00 0HNFMBU9B1BGO:00000003 [INF] Request reached the end of the middleware pipeline without being handled by application code. Request path: "GET" "https"://"localhost:7287""""/Destination/assets/css/style-liberty.css", Response status code: 404 (e353595a)
2025-09-18T06:00:56.0854228+03:00 0HNFMBU9B1BGO:0000001F [INF] Request starting "HTTP/2" "GET" "https"://"localhost:7287""""/Traversal-Liberty/assets/images/banner2.jpg""" - null null (d509f86a)
2025-09-18T06:00:56.0873978+03:00 0HNFMBU9B1BGO:0000001F [INF] Executing endpoint '"Microsoft.AspNetCore.Routing.RouteEndpoint"' (500cc934)
2025-09-18T06:00:56.0882677+03:00 0HNFMBU9B1BGO:0000001F [INF] The file "Traversal-Liberty/assets/images/banner2.jpg" was not modified (f1f8d725)
2025-09-18T06:00:56.0884311+03:00 0HNFMBU9B1BGO:0000001F [INF] Executed endpoint '"Microsoft.AspNetCore.Routing.RouteEndpoint"' (99874f2b)
2025-09-18T06:00:56.0886917+03:00 0HNFMBU9B1BGO:0000001F [INF] Request finished "HTTP/2" "GET" "https"://"localhost:7287""""/Traversal-Liberty/assets/images/banner2.jpg""" - 304 null "image/jpeg" 3.3042ms (74253ad3)
2025-09-18T06:00:56.1413957+03:00 0HNFMBU9B1BGO:0000001D [INF] Request finished "HTTP/2" "GET" "https"://"localhost:7287""""/_vs/browserLink""" - 200 null "text/javascript; charset=UTF-8" 116.392ms (74253ad3)
2025-09-18T06:00:56.4439758+03:00 0HNFMBU9B1BGO:00000021 [INF] Request starting "HTTP/2" "GET" "https"://"localhost:7287""""/Traversal-Liberty/assets/fonts/fontawesome-webfont.woff2""?v=4.7.0" - null null (d509f86a)
2025-09-18T06:00:56.4462755+03:00 0HNFMBU9B1BGO:00000021 [INF] Executing endpoint '"Microsoft.AspNetCore.Routing.RouteEndpoint"' (500cc934)
2025-09-18T06:00:56.4474347+03:00 0HNFMBU9B1BGO:00000021 [INF] The file "Traversal-Liberty/assets/fonts/fontawesome-webfont.woff2" was not modified (f1f8d725)
2025-09-18T06:00:56.4476006+03:00 0HNFMBU9B1BGO:00000021 [INF] Executed endpoint '"Microsoft.AspNetCore.Routing.RouteEndpoint"' (99874f2b)
2025-09-18T06:00:56.4478414+03:00 0HNFMBU9B1BGO:00000021 [INF] Request finished "HTTP/2" "GET" "https"://"localhost:7287""""/Traversal-Liberty/assets/fonts/fontawesome-webfont.woff2""?v=4.7.0" - 304 null "font/woff2" 3.8931ms (74253ad3)
2025-09-18T06:00:56.9905686+03:00 0HNFMBU9B1BGO:00000023 [INF] Request starting "HTTP/2" "GET" "https"://"localhost:7287""""/favicon.ico""" - null null (d509f86a)
2025-09-18T06:00:56.9918301+03:00 0HNFMBU9B1BGO:00000023 [INF] Executing endpoint '"Microsoft.AspNetCore.Routing.RouteEndpoint"' (500cc934)
2025-09-18T06:00:57.0648357+03:00 0HNFMBU9B1BGO:00000023 [INF] Sending file. Request path: '"favicon.ico"'. Physical path: '"C:\Users\Lenovo\OneDrive\Masaüstü\Yazılım\C# Programlama\Traversal Rezervasyon\Traversal Rezervasyon\obj\Debug\net9.0\compressed\91jou1hhyz-61n19gt1b8.gz"' (27b0a520)
2025-09-18T06:00:57.0654673+03:00 0HNFMBU9B1BGO:00000023 [INF] Executed endpoint '"Microsoft.AspNetCore.Routing.RouteEndpoint"' (99874f2b)
2025-09-18T06:00:57.0659353+03:00 0HNFMBU9B1BGO:00000023 [INF] Request finished "HTTP/2" "GET" "https"://"localhost:7287""""/favicon.ico""" - 200 5463 "image/x-icon" 75.1644ms (74253ad3)
2025-09-18T06:01:22.2691726+03:00  [INF] User profile is available. Using '"C:\Users\Lenovo\AppData\Local\ASP.NET\DataProtection-Keys"' as key repository and Windows DPAPI to encrypt keys at rest. (7ac5e29c)
2025-09-18T06:01:23.6352978+03:00  [INF] Now listening on: "https://localhost:7287" (d826f4b8)
2025-09-18T06:01:23.6356595+03:00  [INF] Now listening on: "http://localhost:5151" (d826f4b8)
2025-09-18T06:01:23.6911808+03:00  [INF] Application started. Press Ctrl+C to shut down. (dcaefe54)
2025-09-18T06:01:23.6917339+03:00  [INF] Hosting environment: "Development" (bc5a1a4e)
2025-09-18T06:01:23.6920692+03:00  [INF] Content root path: "C:\Users\Lenovo\OneDrive\Masaüstü\Yazılım\C# Programlama\Traversal Rezervasyon\Traversal Rezervasyon" (cc26f24e)
2025-09-18T06:01:24.3330119+03:00 0HNFMBUJEE3L7:00000001 [INF] Request starting "HTTP/2" "GET" "https"://"localhost:7287""""/Admin/Destination/Index""" - null null (d509f86a)
2025-09-18T06:01:24.9141991+03:00 0HNFMBUJEE3L7:00000001 [INF] Executing endpoint '"Traversal_Rezervasyon.Areas.Admin.Controllers.DestinationController.Index (Traversal Rezervasyon)"' (500cc934)
2025-09-18T06:01:24.9335058+03:00 0HNFMBUJEE3L7:00000001 [INF] Route matched with "{area = \"Admin\", action = \"Index\", controller = \"Destination\"}". Executing controller action with signature "Microsoft.AspNetCore.Mvc.IActionResult Index()" on controller "Traversal_Rezervasyon.Areas.Admin.Controllers.DestinationController" ("Traversal Rezervasyon"). (122b2fdf)
2025-09-18T06:01:27.1634678+03:00 0HNFMBUJEE3L7:00000001 [INF] Executing ViewResult, running view "Index". (c83d0e25)
2025-09-18T06:01:27.3152912+03:00 0HNFMBUJEE3L7:00000001 [INF] Executed ViewResult - view "Index" executed in 174.6ms. (f66409e9)
2025-09-18T06:01:27.3232668+03:00 0HNFMBUJEE3L7:00000001 [INF] Executed action "Traversal_Rezervasyon.Areas.Admin.Controllers.DestinationController.Index (Traversal Rezervasyon)" in 2388.5357ms (afa2e885)
2025-09-18T06:01:27.3249503+03:00 0HNFMBUJEE3L7:00000001 [INF] Executed endpoint '"Traversal_Rezervasyon.Areas.Admin.Controllers.DestinationController.Index (Traversal Rezervasyon)"' (99874f2b)
2025-09-18T06:01:27.3425957+03:00 0HNFMBUJEE3L7:00000001 [INF] Request finished "HTTP/2" "GET" "https"://"localhost:7287""""/Admin/Destination/Index""" - 200 null "text/html; charset=utf-8" 3007.9406ms (74253ad3)
2025-09-18T06:01:27.5502955+03:00 0HNFMBUJEE3L7:00000005 [INF] Request starting "HTTP/2" "GET" "https"://"localhost:7287""""/sneat-1.0.0/assets/vendor/css/theme-default.css""" - null null (d509f86a)
2025-09-18T06:01:27.5502986+03:00 0HNFMBUJEE3L7:00000003 [INF] Request starting "HTTP/2" "GET" "https"://"localhost:7287""""/sneat-1.0.0/assets/vendor/fonts/boxicons.css""" - null null (d509f86a)
2025-09-18T06:01:27.5509383+03:00 0HNFMBUJEE3L7:00000007 [INF] Request starting "HTTP/2" "GET" "https"://"localhost:7287""""/sneat-1.0.0/assets/vendor/libs/perfect-scrollbar/perfect-scrollbar.css""" - null null (d509f86a)
2025-09-18T06:01:27.5509521+03:00 0HNFMBUJEE3L7:00000009 [INF] Request starting "HTTP/2" "GET" "https"://"localhost:7287""""/sneat-1.0.0/assets/vendor/css/core.css""" - null null (d509f86a)
2025-09-18T06:01:27.5514654+03:00 0HNFMBUJEE3L7:0000000B [INF] Request starting "HTTP/2" "GET" "https"://"localhost:7287""""/sneat-1.0.0/assets/css/demo.css""" - null null (d509f86a)
2025-09-18T06:01:27.5518766+03:00 0HNFMBUJEE3L7:0000000D [INF] Request starting "HTTP/2" "GET" "https"://"localhost:7287""""/sneat-1.0.0/assets/vendor/libs/apex-charts/apex-charts.css""" - null null (d509f86a)
2025-09-18T06:01:27.5523698+03:00 0HNFMBUJEE3L7:0000000F [INF] Request starting "HTTP/2" "GET" "https"://"localhost:7287""""/sneat-1.0.0/assets/js/config.js""" - null null (d509f86a)
2025-09-18T06:01:27.5527088+03:00 0HNFMBUJEE3L7:00000011 [INF] Request starting "HTTP/2" "GET" "https"://"localhost:7287""""/sneat-1.0.0/assets/vendor/js/helpers.js""" - null null (d509f86a)
2025-09-18T06:01:27.5530000+03:00 0HNFMBUJEE3L7:00000013 [INF] Request starting "HTTP/2" "GET" "https"://"localhost:7287""""/sneat-1.0.0/assets/img/avatars/1.png""" - null null (d509f86a)
2025-09-18T06:01:27.5532965+03:00 0HNFMBUJEE3L7:00000015 [INF] Request starting "HTTP/2" "GET" "https"://"localhost:7287""""/sneat-1.0.0/assets/vendor/libs/jquery/jquery.js""" - null null (d509f86a)
2025-09-18T06:01:27.5774285+03:00 0HNFMBUJEE3L7:00000015 [INF] Executing endpoint '"Microsoft.AspNetCore.Routing.RouteEndpoint"' (500cc934)
2025-09-18T06:01:27.5774287+03:00 0HNFMBUJEE3L7:0000000B [INF] Executing endpoint '"Microsoft.AspNetCore.Routing.RouteEndpoint"' (500cc934)
2025-09-18T06:01:27.5774486+03:00 0HNFMBUJEE3L7:00000007 [INF] Executing endpoint '"Microsoft.AspNetCore.Routing.RouteEndpoint"' (500cc934)
2025-09-18T06:01:27.5774459+03:00 0HNFMBUJEE3L7:00000005 [INF] Executing endpoint '"Microsoft.AspNetCore.Routing.RouteEndpoint"' (500cc934)
2025-09-18T06:01:27.5774655+03:00 0HNFMBUJEE3L7:0000000D [INF] Executing endpoint '"Microsoft.AspNetCore.Routing.RouteEndpoint"' (500cc934)
2025-09-18T06:01:27.5774286+03:00 0HNFMBUJEE3L7:00000009 [INF] Executing endpoint '"Microsoft.AspNetCore.Routing.RouteEndpoint"' (500cc934)
2025-09-18T06:01:27.5774632+03:00 0HNFMBUJEE3L7:00000011 [INF] Executing endpoint '"Microsoft.AspNetCore.Routing.RouteEndpoint"' (500cc934)
2025-09-18T06:01:27.5775077+03:00 0HNFMBUJEE3L7:00000003 [INF] Executing endpoint '"Microsoft.AspNetCore.Routing.RouteEndpoint"' (500cc934)
2025-09-18T06:01:27.5775384+03:00 0HNFMBUJEE3L7:0000000F [INF] Executing endpoint '"Microsoft.AspNetCore.Routing.RouteEndpoint"' (500cc934)
2025-09-18T06:01:27.5774288+03:00 0HNFMBUJEE3L7:00000013 [INF] Executing endpoint '"Microsoft.AspNetCore.Routing.RouteEndpoint"' (500cc934)
2025-09-18T06:01:27.5853261+03:00 0HNFMBUJEE3L7:00000013 [INF] The file "sneat-1.0.0/assets/img/avatars/1.png" was not modified (f1f8d725)
2025-09-18T06:01:27.5853553+03:00 0HNFMBUJEE3L7:0000000F [INF] The file "sneat-1.0.0/assets/js/config.js" was not modified (f1f8d725)
2025-09-18T06:01:27.5853866+03:00 0HNFMBUJEE3L7:0000000B [INF] The file "sneat-1.0.0/assets/css/demo.css" was not modified (f1f8d725)
2025-09-18T06:01:27.5853915+03:00 0HNFMBUJEE3L7:00000011 [INF] The file "sneat-1.0.0/assets/vendor/js/helpers.js" was not modified (f1f8d725)
2025-09-18T06:01:27.5853257+03:00 0HNFMBUJEE3L7:00000007 [INF] The file "sneat-1.0.0/assets/vendor/libs/perfect-scrollbar/perfect-scrollbar.css" was not modified (f1f8d725)
2025-09-18T06:01:27.5853265+03:00 0HNFMBUJEE3L7:00000009 [INF] The file "sneat-1.0.0/assets/vendor/css/core.css" was not modified (f1f8d725)
2025-09-18T06:01:27.5854622+03:00 0HNFMBUJEE3L7:00000003 [INF] The file "sneat-1.0.0/assets/vendor/fonts/boxicons.css" was not modified (f1f8d725)
2025-09-18T06:01:27.5854612+03:00 0HNFMBUJEE3L7:00000005 [INF] The file "sneat-1.0.0/assets/vendor/css/theme-default.css" was not modified (f1f8d725)
2025-09-18T06:01:27.5855132+03:00 0HNFMBUJEE3L7:00000015 [INF] The file "sneat-1.0.0/assets/vendor/libs/jquery/jquery.js" was not modified (f1f8d725)
2025-09-18T06:01:27.5854920+03:00 0HNFMBUJEE3L7:0000000D [INF] The file "sneat-1.0.0/assets/vendor/libs/apex-charts/apex-charts.css" was not modified (f1f8d725)
2025-09-18T06:01:27.5867364+03:00 0HNFMBUJEE3L7:00000013 [INF] Executed endpoint '"Microsoft.AspNetCore.Routing.RouteEndpoint"' (99874f2b)
2025-09-18T06:01:27.5868045+03:00 0HNFMBUJEE3L7:00000015 [INF] Executed endpoint '"Microsoft.AspNetCore.Routing.RouteEndpoint"' (99874f2b)
2025-09-18T06:01:27.5867362+03:00 0HNFMBUJEE3L7:00000011 [INF] Executed endpoint '"Microsoft.AspNetCore.Routing.RouteEndpoint"' (99874f2b)
2025-09-18T06:01:27.5867360+03:00 0HNFMBUJEE3L7:00000003 [INF] Executed endpoint '"Microsoft.AspNetCore.Routing.RouteEndpoint"' (99874f2b)
2025-09-18T06:01:27.5867362+03:00 0HNFMBUJEE3L7:00000007 [INF] Executed endpoint '"Microsoft.AspNetCore.Routing.RouteEndpoint"' (99874f2b)
2025-09-18T06:01:27.5867363+03:00 0HNFMBUJEE3L7:00000009 [INF] Executed endpoint '"Microsoft.AspNetCore.Routing.RouteEndpoint"' (99874f2b)
2025-09-18T06:01:27.5867364+03:00 0HNFMBUJEE3L7:0000000B [INF] Executed endpoint '"Microsoft.AspNetCore.Routing.RouteEndpoint"' (99874f2b)
2025-09-18T06:01:27.5867366+03:00 0HNFMBUJEE3L7:0000000D [INF] Executed endpoint '"Microsoft.AspNetCore.Routing.RouteEndpoint"' (99874f2b)
2025-09-18T06:01:27.5870678+03:00 0HNFMBUJEE3L7:0000000F [INF] Executed endpoint '"Microsoft.AspNetCore.Routing.RouteEndpoint"' (99874f2b)
2025-09-18T06:01:27.5873177+03:00 0HNFMBUJEE3L7:00000005 [INF] Executed endpoint '"Microsoft.AspNetCore.Routing.RouteEndpoint"' (99874f2b)
2025-09-18T06:01:27.5874603+03:00 0HNFMBUJEE3L7:0000000D [INF] Request finished "HTTP/2" "GET" "https"://"localhost:7287""""/sneat-1.0.0/assets/vendor/libs/apex-charts/apex-charts.css""" - 304 null "text/css" 35.4886ms (74253ad3)
2025-09-18T06:01:27.5874598+03:00 0HNFMBUJEE3L7:00000009 [INF] Request finished "HTTP/2" "GET" "https"://"localhost:7287""""/sneat-1.0.0/assets/vendor/css/core.css""" - 304 null "text/css" 36.3915ms (74253ad3)
2025-09-18T06:01:27.5874599+03:00 0HNFMBUJEE3L7:00000015 [INF] Request finished "HTTP/2" "GET" "https"://"localhost:7287""""/sneat-1.0.0/assets/vendor/libs/jquery/jquery.js""" - 304 null "text/javascript" 34.0943ms (74253ad3)
2025-09-18T06:01:27.5874617+03:00 0HNFMBUJEE3L7:0000000B [INF] Request finished "HTTP/2" "GET" "https"://"localhost:7287""""/sneat-1.0.0/assets/css/demo.css""" - 304 null "text/css" 35.8669ms (74253ad3)
2025-09-18T06:01:27.5874516+03:00 0HNFMBUJEE3L7:0000000F [INF] Request finished "HTTP/2" "GET" "https"://"localhost:7287""""/sneat-1.0.0/assets/js/config.js""" - 304 null "text/javascript" 34.9877ms (74253ad3)
2025-09-18T06:01:27.5874647+03:00 0HNFMBUJEE3L7:00000013 [INF] Request finished "HTTP/2" "GET" "https"://"localhost:7287""""/sneat-1.0.0/assets/img/avatars/1.png""" - 304 null "image/png" 34.3242ms (74253ad3)
2025-09-18T06:01:27.5874650+03:00 0HNFMBUJEE3L7:00000007 [INF] Request finished "HTTP/2" "GET" "https"://"localhost:7287""""/sneat-1.0.0/assets/vendor/libs/perfect-scrollbar/perfect-scrollbar.css""" - 304 null "text/css" 36.3911ms (74253ad3)
2025-09-18T06:01:27.5874616+03:00 0HNFMBUJEE3L7:00000003 [INF] Request finished "HTTP/2" "GET" "https"://"localhost:7287""""/sneat-1.0.0/assets/vendor/fonts/boxicons.css""" - 304 null "text/css" 37.1143ms (74253ad3)
2025-09-18T06:01:27.5874650+03:00 0HNFMBUJEE3L7:00000011 [INF] Request finished "HTTP/2" "GET" "https"://"localhost:7287""""/sneat-1.0.0/assets/vendor/js/helpers.js""" - 304 null "text/javascript" 34.6412ms (74253ad3)
2025-09-18T06:01:27.5875417+03:00 0HNFMBUJEE3L7:00000005 [INF] Request finished "HTTP/2" "GET" "https"://"localhost:7287""""/sneat-1.0.0/assets/vendor/css/theme-default.css""" - 304 null "text/css" 37.2332ms (74253ad3)
2025-09-18T06:01:27.6564302+03:00 0HNFMBUJEE3L7:00000017 [INF] Request starting "HTTP/2" "GET" "https"://"localhost:7287""""/sneat-1.0.0/assets/vendor/libs/popper/popper.js""" - null null (d509f86a)
2025-09-18T06:01:27.6815235+03:00 0HNFMBUJEE3L7:00000019 [INF] Request starting "HTTP/2" "GET" "https"://"localhost:7287""""/sneat-1.0.0/assets/vendor/js/bootstrap.js""" - null null (d509f86a)
2025-09-18T06:01:27.7091870+03:00 0HNFMBUJEE3L7:0000001B [INF] Request starting "HTTP/2" "GET" "https"://"localhost:7287""""/sneat-1.0.0/assets/vendor/libs/perfect-scrollbar/perfect-scrollbar.js""" - null null (d509f86a)
2025-09-18T06:01:27.7123955+03:00 0HNFMBUJEE3L7:0000001D [INF] Request starting "HTTP/2" "GET" "https"://"localhost:7287""""/sneat-1.0.0/assets/vendor/js/menu.js""" - null null (d509f86a)
2025-09-18T06:01:27.7127359+03:00 0HNFMBUJEE3L7:00000021 [INF] Request starting "HTTP/2" "GET" "https"://"localhost:7287""""/sneat-1.0.0/assets/vendor/libs/apex-charts/apexcharts.js""" - null null (d509f86a)
2025-09-18T06:01:27.7127175+03:00 0HNFMBUJEE3L7:0000001F [INF] Request starting "HTTP/2" "GET" "https"://"localhost:7287""""/_framework/aspnetcore-browser-refresh.js""" - null null (d509f86a)
2025-09-18T06:01:27.7160046+03:00 0HNFMBUJEE3L7:00000027 [INF] Request starting "HTTP/2" "GET" "https"://"localhost:7287""""/_vs/browserLink""" - null null (d509f86a)
2025-09-18T06:01:27.7159778+03:00 0HNFMBUJEE3L7:00000023 [INF] Request starting "HTTP/2" "GET" "https"://"localhost:7287""""/sneat-1.0.0/assets/js/main.js""" - null null (d509f86a)
2025-09-18T06:01:27.7160068+03:00 0HNFMBUJEE3L7:00000025 [INF] Request starting "HTTP/2" "GET" "https"://"localhost:7287""""/sneat-1.0.0/assets/js/dashboards-analytics.js""" - null null (d509f86a)
2025-09-18T06:01:27.7180071+03:00 0HNFMBUJEE3L7:0000001F [INF] Request finished "HTTP/2" "GET" "https"://"localhost:7287""""/_framework/aspnetcore-browser-refresh.js""" - 200 16527 "application/javascript; charset=utf-8" 5.2247ms (74253ad3)
2025-09-18T06:01:27.7568854+03:00 0HNFMBUJEE3L7:00000027 [INF] Request finished "HTTP/2" "GET" "https"://"localhost:7287""""/_vs/browserLink""" - 200 null "text/javascript; charset=UTF-8" 40.7372ms (74253ad3)
2025-09-18T06:01:27.8618823+03:00 0HNFMBUJEE3L7:00000017 [INF] Executing endpoint '"Microsoft.AspNetCore.Routing.RouteEndpoint"' (500cc934)
2025-09-18T06:01:27.8619059+03:00 0HNFMBUJEE3L7:0000001B [INF] Executing endpoint '"Microsoft.AspNetCore.Routing.RouteEndpoint"' (500cc934)
2025-09-18T06:01:27.8619059+03:00 0HNFMBUJEE3L7:00000021 [INF] Executing endpoint '"Microsoft.AspNetCore.Routing.RouteEndpoint"' (500cc934)
2025-09-18T06:01:27.8619085+03:00 0HNFMBUJEE3L7:0000001D [INF] Executing endpoint '"Microsoft.AspNetCore.Routing.RouteEndpoint"' (500cc934)
2025-09-18T06:01:27.8619478+03:00 0HNFMBUJEE3L7:00000019 [INF] Executing endpoint '"Microsoft.AspNetCore.Routing.RouteEndpoint"' (500cc934)
2025-09-18T06:01:27.8624752+03:00 0HNFMBUJEE3L7:0000001D [INF] The file "sneat-1.0.0/assets/vendor/js/menu.js" was not modified (f1f8d725)
2025-09-18T06:01:27.8625310+03:00 0HNFMBUJEE3L7:00000017 [INF] The file "sneat-1.0.0/assets/vendor/libs/popper/popper.js" was not modified (f1f8d725)
2025-09-18T06:01:27.8625328+03:00 0HNFMBUJEE3L7:0000001B [INF] The file "sneat-1.0.0/assets/vendor/libs/perfect-scrollbar/perfect-scrollbar.js" was not modified (f1f8d725)
2025-09-18T06:01:27.8624751+03:00 0HNFMBUJEE3L7:00000021 [INF] The file "sneat-1.0.0/assets/vendor/libs/apex-charts/apexcharts.js" was not modified (f1f8d725)
2025-09-18T06:01:27.8625516+03:00 0HNFMBUJEE3L7:00000019 [INF] The file "sneat-1.0.0/assets/vendor/js/bootstrap.js" was not modified (f1f8d725)
2025-09-18T06:01:27.8626621+03:00 0HNFMBUJEE3L7:0000001B [INF] Executed endpoint '"Microsoft.AspNetCore.Routing.RouteEndpoint"' (99874f2b)
2025-09-18T06:01:27.8626554+03:00 0HNFMBUJEE3L7:00000021 [INF] Executed endpoint '"Microsoft.AspNetCore.Routing.RouteEndpoint"' (99874f2b)
2025-09-18T06:01:27.8626459+03:00 0HNFMBUJEE3L7:0000001D [INF] Executed endpoint '"Microsoft.AspNetCore.Routing.RouteEndpoint"' (99874f2b)
2025-09-18T06:01:27.8626637+03:00 0HNFMBUJEE3L7:00000017 [INF] Executed endpoint '"Microsoft.AspNetCore.Routing.RouteEndpoint"' (99874f2b)
2025-09-18T06:01:27.8626828+03:00 0HNFMBUJEE3L7:00000019 [INF] Executed endpoint '"Microsoft.AspNetCore.Routing.RouteEndpoint"' (99874f2b)
2025-09-18T06:01:27.8628883+03:00 0HNFMBUJEE3L7:00000019 [INF] Request finished "HTTP/2" "GET" "https"://"localhost:7287""""/sneat-1.0.0/assets/vendor/js/bootstrap.js""" - 304 null "text/javascript" 181.3476ms (74253ad3)
2025-09-18T06:01:27.8628938+03:00 0HNFMBUJEE3L7:00000017 [INF] Request finished "HTTP/2" "GET" "https"://"localhost:7287""""/sneat-1.0.0/assets/vendor/libs/popper/popper.js""" - 304 null "text/javascript" 206.4926ms (74253ad3)
2025-09-18T06:01:27.8629059+03:00 0HNFMBUJEE3L7:0000001D [INF] Request finished "HTTP/2" "GET" "https"://"localhost:7287""""/sneat-1.0.0/assets/vendor/js/menu.js""" - 304 null "text/javascript" 150.5709ms (74253ad3)
2025-09-18T06:01:27.8629059+03:00 0HNFMBUJEE3L7:00000021 [INF] Request finished "HTTP/2" "GET" "https"://"localhost:7287""""/sneat-1.0.0/assets/vendor/libs/apex-charts/apexcharts.js""" - 304 null "text/javascript" 150.1385ms (74253ad3)
2025-09-18T06:01:27.8629277+03:00 0HNFMBUJEE3L7:0000001B [INF] Request finished "HTTP/2" "GET" "https"://"localhost:7287""""/sneat-1.0.0/assets/vendor/libs/perfect-scrollbar/perfect-scrollbar.js""" - 304 null "text/javascript" 153.7721ms (74253ad3)
2025-09-18T06:01:27.9069105+03:00 0HNFMBUJEE3L7:00000025 [INF] Executing endpoint '"Microsoft.AspNetCore.Routing.RouteEndpoint"' (500cc934)
2025-09-18T06:01:27.9070578+03:00 0HNFMBUJEE3L7:00000023 [INF] Executing endpoint '"Microsoft.AspNetCore.Routing.RouteEndpoint"' (500cc934)
2025-09-18T06:01:27.9076155+03:00 0HNFMBUJEE3L7:00000025 [INF] The file "sneat-1.0.0/assets/js/dashboards-analytics.js" was not modified (f1f8d725)
2025-09-18T06:01:27.9076696+03:00 0HNFMBUJEE3L7:00000023 [INF] The file "sneat-1.0.0/assets/js/main.js" was not modified (f1f8d725)
2025-09-18T06:01:27.9077597+03:00 0HNFMBUJEE3L7:00000025 [INF] Executed endpoint '"Microsoft.AspNetCore.Routing.RouteEndpoint"' (99874f2b)
2025-09-18T06:01:27.9078209+03:00 0HNFMBUJEE3L7:00000023 [INF] Executed endpoint '"Microsoft.AspNetCore.Routing.RouteEndpoint"' (99874f2b)
2025-09-18T06:01:27.9080397+03:00 0HNFMBUJEE3L7:00000025 [INF] Request finished "HTTP/2" "GET" "https"://"localhost:7287""""/sneat-1.0.0/assets/js/dashboards-analytics.js""" - 304 null "text/javascript" 192.0029ms (74253ad3)
2025-09-18T06:01:27.9080641+03:00 0HNFMBUJEE3L7:00000023 [INF] Request finished "HTTP/2" "GET" "https"://"localhost:7287""""/sneat-1.0.0/assets/js/main.js""" - 304 null "text/javascript" 192.1122ms (74253ad3)
2025-09-18T06:01:28.1774225+03:00 0HNFMBUJEE3L7:00000029 [INF] Request starting "HTTP/2" "GET" "https"://"localhost:7287""""/sneat-1.0.0/assets/vendor/fonts/boxicons/boxicons.woff2""" - null null (d509f86a)
2025-09-18T06:01:28.1830087+03:00 0HNFMBUJEE3L7:00000029 [INF] Executing endpoint '"Microsoft.AspNetCore.Routing.RouteEndpoint"' (500cc934)
2025-09-18T06:01:28.1838133+03:00 0HNFMBUJEE3L7:00000029 [INF] The file "sneat-1.0.0/assets/vendor/fonts/boxicons/boxicons.woff2" was not modified (f1f8d725)
2025-09-18T06:01:28.1839750+03:00 0HNFMBUJEE3L7:00000029 [INF] Executed endpoint '"Microsoft.AspNetCore.Routing.RouteEndpoint"' (99874f2b)
2025-09-18T06:01:28.1842092+03:00 0HNFMBUJEE3L7:00000029 [INF] Request finished "HTTP/2" "GET" "https"://"localhost:7287""""/sneat-1.0.0/assets/vendor/fonts/boxicons/boxicons.woff2""" - 304 null "font/woff2" 6.801ms (74253ad3)
2025-09-18T06:01:35.8574705+03:00 0HNFMBUJEE3L7:0000002B [INF] Request starting "HTTP/2" "GET" "https"://"localhost:7287""""/Admin/Destination/UpdateDestination/1""" - null null (d509f86a)
2025-09-18T06:01:35.8811552+03:00 0HNFMBUJEE3L7:0000002B [INF] Executing endpoint '"Traversal_Rezervasyon.Areas.Admin.Controllers.DestinationController.UpdateDestination (Traversal Rezervasyon)"' (500cc934)
2025-09-18T06:01:35.9270982+03:00 0HNFMBUJEE3L7:0000002B [INF] Route matched with "{area = \"Admin\", action = \"UpdateDestination\", controller = \"Destination\"}". Executing controller action with signature "Microsoft.AspNetCore.Mvc.IActionResult UpdateDestination(Int32)" on controller "Traversal_Rezervasyon.Areas.Admin.Controllers.DestinationController" ("Traversal Rezervasyon"). (122b2fdf)
2025-09-18T06:01:36.3836422+03:00 0HNFMBUJEE3L7:0000002B [INF] Executing ViewResult, running view "UpdateDestination". (c83d0e25)
2025-09-18T06:01:36.5098317+03:00 0HNFMBUJEE3L7:0000002B [INF] Executed ViewResult - view "UpdateDestination" executed in 157.9562ms. (f66409e9)
2025-09-18T06:01:36.5104051+03:00 0HNFMBUJEE3L7:0000002B [INF] Executed action "Traversal_Rezervasyon.Areas.Admin.Controllers.DestinationController.UpdateDestination (Traversal Rezervasyon)" in 583.1343ms (afa2e885)
2025-09-18T06:01:36.5105576+03:00 0HNFMBUJEE3L7:0000002B [INF] Executed endpoint '"Traversal_Rezervasyon.Areas.Admin.Controllers.DestinationController.UpdateDestination (Traversal Rezervasyon)"' (99874f2b)
2025-09-18T06:01:36.5112660+03:00 0HNFMBUJEE3L7:0000002B [INF] Request finished "HTTP/2" "GET" "https"://"localhost:7287""""/Admin/Destination/UpdateDestination/1""" - 200 null "text/html; charset=utf-8" 653.8151ms (74253ad3)
2025-09-18T06:01:36.5963948+03:00 0HNFMBUJEE3L7:0000002D [INF] Request starting "HTTP/2" "GET" "https"://"localhost:7287""""/sneat-1.0.0/assets/vendor/fonts/boxicons.css""" - null null (d509f86a)
2025-09-18T06:01:36.5979894+03:00 0HNFMBUJEE3L7:0000002D [INF] Executing endpoint '"Microsoft.AspNetCore.Routing.RouteEndpoint"' (500cc934)
2025-09-18T06:01:36.5985910+03:00 0HNFMBUJEE3L7:0000002D [INF] The file "sneat-1.0.0/assets/vendor/fonts/boxicons.css" was not modified (f1f8d725)
2025-09-18T06:01:36.5987682+03:00 0HNFMBUJEE3L7:0000002D [INF] Executed endpoint '"Microsoft.AspNetCore.Routing.RouteEndpoint"' (99874f2b)
2025-09-18T06:01:36.5990239+03:00 0HNFMBUJEE3L7:0000002D [INF] Request finished "HTTP/2" "GET" "https"://"localhost:7287""""/sneat-1.0.0/assets/vendor/fonts/boxicons.css""" - 304 null "text/css" 2.6316ms (74253ad3)
2025-09-18T06:01:36.6036522+03:00 0HNFMBUJEE3L7:0000002F [INF] Request starting "HTTP/2" "GET" "https"://"localhost:7287""""/sneat-1.0.0/assets/vendor/css/core.css""" - null null (d509f86a)
2025-09-18T06:01:36.6037207+03:00 0HNFMBUJEE3L7:00000031 [INF] Request starting "HTTP/2" "GET" "https"://"localhost:7287""""/sneat-1.0.0/assets/vendor/css/theme-default.css""" - null null (d509f86a)
2025-09-18T06:01:36.6039539+03:00 0HNFMBUJEE3L7:00000033 [INF] Request starting "HTTP/2" "GET" "https"://"localhost:7287""""/sneat-1.0.0/assets/css/demo.css""" - null null (d509f86a)
2025-09-18T06:01:36.6064646+03:00 0HNFMBUJEE3L7:00000035 [INF] Request starting "HTTP/2" "GET" "https"://"localhost:7287""""/sneat-1.0.0/assets/vendor/libs/perfect-scrollbar/perfect-scrollbar.css""" - null null (d509f86a)
2025-09-18T06:01:36.6071982+03:00 0HNFMBUJEE3L7:00000037 [INF] Request starting "HTTP/2" "GET" "https"://"localhost:7287""""/sneat-1.0.0/assets/vendor/libs/apex-charts/apex-charts.css""" - null null (d509f86a)
2025-09-18T06:01:36.6081008+03:00 0HNFMBUJEE3L7:00000035 [INF] Executing endpoint '"Microsoft.AspNetCore.Routing.RouteEndpoint"' (500cc934)
2025-09-18T06:01:36.6085950+03:00 0HNFMBUJEE3L7:00000037 [INF] Executing endpoint '"Microsoft.AspNetCore.Routing.RouteEndpoint"' (500cc934)
2025-09-18T06:01:36.6086712+03:00 0HNFMBUJEE3L7:00000035 [INF] The file "sneat-1.0.0/assets/vendor/libs/perfect-scrollbar/perfect-scrollbar.css" was not modified (f1f8d725)
2025-09-18T06:01:36.6087639+03:00 0HNFMBUJEE3L7:00000039 [INF] Request starting "HTTP/2" "GET" "https"://"localhost:7287""""/sneat-1.0.0/assets/vendor/js/helpers.js""" - null null (d509f86a)
2025-09-18T06:01:36.6087927+03:00 0HNFMBUJEE3L7:00000033 [INF] Executing endpoint '"Microsoft.AspNetCore.Routing.RouteEndpoint"' (500cc934)
2025-09-18T06:01:36.6088569+03:00 0HNFMBUJEE3L7:00000035 [INF] Executed endpoint '"Microsoft.AspNetCore.Routing.RouteEndpoint"' (99874f2b)
2025-09-18T06:01:36.6090553+03:00 0HNFMBUJEE3L7:00000035 [INF] Request finished "HTTP/2" "GET" "https"://"localhost:7287""""/sneat-1.0.0/assets/vendor/libs/perfect-scrollbar/perfect-scrollbar.css""" - 304 null "text/css" 2.6033ms (74253ad3)
2025-09-18T06:01:36.6089278+03:00 0HNFMBUJEE3L7:0000003D [INF] Request starting "HTTP/2" "GET" "https"://"localhost:7287""""/sneat-1.0.0/assets/img/avatars/1.png""" - null null (d509f86a)
2025-09-18T06:01:36.6092604+03:00 0HNFMBUJEE3L7:00000033 [INF] The file "sneat-1.0.0/assets/css/demo.css" was not modified (f1f8d725)
2025-09-18T06:01:36.6093977+03:00 0HNFMBUJEE3L7:00000033 [INF] Executed endpoint '"Microsoft.AspNetCore.Routing.RouteEndpoint"' (99874f2b)
2025-09-18T06:01:36.6093946+03:00 0HNFMBUJEE3L7:0000003B [INF] Request starting "HTTP/2" "GET" "https"://"localhost:7287""""/sneat-1.0.0/assets/js/config.js""" - null null (d509f86a)
2025-09-18T06:01:36.6096236+03:00 0HNFMBUJEE3L7:00000033 [INF] Request finished "HTTP/2" "GET" "https"://"localhost:7287""""/sneat-1.0.0/assets/css/demo.css""" - 304 null "text/css" 5.6561ms (74253ad3)
2025-09-18T06:01:36.6098143+03:00 0HNFMBUJEE3L7:00000031 [INF] Executing endpoint '"Microsoft.AspNetCore.Routing.RouteEndpoint"' (500cc934)
2025-09-18T06:01:36.6098275+03:00 0HNFMBUJEE3L7:0000003F [INF] Request starting "HTTP/2" "GET" "https"://"localhost:7287""""/sneat-1.0.0/assets/vendor/libs/jquery/jquery.js""" - null null (d509f86a)
2025-09-18T06:01:36.6102193+03:00 0HNFMBUJEE3L7:00000031 [INF] The file "sneat-1.0.0/assets/vendor/css/theme-default.css" was not modified (f1f8d725)
2025-09-18T06:01:36.6103535+03:00 0HNFMBUJEE3L7:00000031 [INF] Executed endpoint '"Microsoft.AspNetCore.Routing.RouteEndpoint"' (99874f2b)
2025-09-18T06:01:36.6105506+03:00 0HNFMBUJEE3L7:00000037 [INF] The file "sneat-1.0.0/assets/vendor/libs/apex-charts/apex-charts.css" was not modified (f1f8d725)
2025-09-18T06:01:36.6105834+03:00 0HNFMBUJEE3L7:00000031 [INF] Request finished "HTTP/2" "GET" "https"://"localhost:7287""""/sneat-1.0.0/assets/vendor/css/theme-default.css""" - 304 null "text/css" 6.8459ms (74253ad3)
2025-09-18T06:01:36.6106728+03:00 0HNFMBUJEE3L7:00000037 [INF] Executed endpoint '"Microsoft.AspNetCore.Routing.RouteEndpoint"' (99874f2b)
2025-09-18T06:01:36.6108523+03:00 0HNFMBUJEE3L7:00000037 [INF] Request finished "HTTP/2" "GET" "https"://"localhost:7287""""/sneat-1.0.0/assets/vendor/libs/apex-charts/apex-charts.css""" - 304 null "text/css" 3.7108ms (74253ad3)
2025-09-18T06:01:36.6113084+03:00 0HNFMBUJEE3L7:0000002F [INF] Executing endpoint '"Microsoft.AspNetCore.Routing.RouteEndpoint"' (500cc934)
2025-09-18T06:01:36.6113491+03:00 0HNFMBUJEE3L7:00000039 [INF] Executing endpoint '"Microsoft.AspNetCore.Routing.RouteEndpoint"' (500cc934)
2025-09-18T06:01:36.6119553+03:00 0HNFMBUJEE3L7:00000039 [INF] The file "sneat-1.0.0/assets/vendor/js/helpers.js" was not modified (f1f8d725)
2025-09-18T06:01:36.6119907+03:00 0HNFMBUJEE3L7:0000002F [INF] The file "sneat-1.0.0/assets/vendor/css/core.css" was not modified (f1f8d725)
2025-09-18T06:01:36.6121094+03:00 0HNFMBUJEE3L7:0000002F [INF] Executed endpoint '"Microsoft.AspNetCore.Routing.RouteEndpoint"' (99874f2b)
2025-09-18T06:01:36.6121118+03:00 0HNFMBUJEE3L7:00000039 [INF] Executed endpoint '"Microsoft.AspNetCore.Routing.RouteEndpoint"' (99874f2b)
2025-09-18T06:01:36.6123384+03:00 0HNFMBUJEE3L7:0000002F [INF] Request finished "HTTP/2" "GET" "https"://"localhost:7287""""/sneat-1.0.0/assets/vendor/css/core.css""" - 304 null "text/css" 8.6824ms (74253ad3)
2025-09-18T06:01:36.6123537+03:00 0HNFMBUJEE3L7:0000003B [INF] Executing endpoint '"Microsoft.AspNetCore.Routing.RouteEndpoint"' (500cc934)
2025-09-18T06:01:36.6124710+03:00 0HNFMBUJEE3L7:00000039 [INF] Request finished "HTTP/2" "GET" "https"://"localhost:7287""""/sneat-1.0.0/assets/vendor/js/helpers.js""" - 304 null "text/javascript" 3.6703ms (74253ad3)
2025-09-18T06:01:36.6129913+03:00 0HNFMBUJEE3L7:0000003B [INF] The file "sneat-1.0.0/assets/js/config.js" was not modified (f1f8d725)
2025-09-18T06:01:36.6131220+03:00 0HNFMBUJEE3L7:0000003B [INF] Executed endpoint '"Microsoft.AspNetCore.Routing.RouteEndpoint"' (99874f2b)
2025-09-18T06:01:36.6134730+03:00 0HNFMBUJEE3L7:0000003B [INF] Request finished "HTTP/2" "GET" "https"://"localhost:7287""""/sneat-1.0.0/assets/js/config.js""" - 304 null "text/javascript" 4.6658ms (74253ad3)
2025-09-18T06:01:36.6160457+03:00 0HNFMBUJEE3L7:0000003F [INF] Executing endpoint '"Microsoft.AspNetCore.Routing.RouteEndpoint"' (500cc934)
2025-09-18T06:01:36.6166854+03:00 0HNFMBUJEE3L7:0000003F [INF] The file "sneat-1.0.0/assets/vendor/libs/jquery/jquery.js" was not modified (f1f8d725)
2025-09-18T06:01:36.6168205+03:00 0HNFMBUJEE3L7:0000003F [INF] Executed endpoint '"Microsoft.AspNetCore.Routing.RouteEndpoint"' (99874f2b)
2025-09-18T06:01:36.6168226+03:00 0HNFMBUJEE3L7:0000003D [INF] Executing endpoint '"Microsoft.AspNetCore.Routing.RouteEndpoint"' (500cc934)
2025-09-18T06:01:36.6170905+03:00 0HNFMBUJEE3L7:0000003F [INF] Request finished "HTTP/2" "GET" "https"://"localhost:7287""""/sneat-1.0.0/assets/vendor/libs/jquery/jquery.js""" - 304 null "text/javascript" 7.2137ms (74253ad3)
2025-09-18T06:01:36.6175215+03:00 0HNFMBUJEE3L7:0000003D [INF] The file "sneat-1.0.0/assets/img/avatars/1.png" was not modified (f1f8d725)
2025-09-18T06:01:36.6176514+03:00 0HNFMBUJEE3L7:0000003D [INF] Executed endpoint '"Microsoft.AspNetCore.Routing.RouteEndpoint"' (99874f2b)
2025-09-18T06:01:36.6179254+03:00 0HNFMBUJEE3L7:0000003D [INF] Request finished "HTTP/2" "GET" "https"://"localhost:7287""""/sneat-1.0.0/assets/img/avatars/1.png""" - 304 null "image/png" 8.9466ms (74253ad3)
2025-09-18T06:01:36.6870770+03:00 0HNFMBUJEE3L7:00000041 [INF] Request starting "HTTP/2" "GET" "https"://"localhost:7287""""/sneat-1.0.0/assets/vendor/libs/popper/popper.js""" - null null (d509f86a)
2025-09-18T06:01:36.6899049+03:00 0HNFMBUJEE3L7:00000043 [INF] Request starting "HTTP/2" "GET" "https"://"localhost:7287""""/sneat-1.0.0/assets/vendor/js/bootstrap.js""" - null null (d509f86a)
2025-09-18T06:01:36.6907576+03:00 0HNFMBUJEE3L7:00000047 [INF] Request starting "HTTP/2" "GET" "https"://"localhost:7287""""/_framework/aspnetcore-browser-refresh.js""" - null null (d509f86a)
2025-09-18T06:01:36.6907576+03:00 0HNFMBUJEE3L7:00000045 [INF] Request starting "HTTP/2" "GET" "https"://"localhost:7287""""/sneat-1.0.0/assets/vendor/libs/perfect-scrollbar/perfect-scrollbar.js""" - null null (d509f86a)
2025-09-18T06:01:36.6919759+03:00 0HNFMBUJEE3L7:00000045 [INF] Executing endpoint '"Microsoft.AspNetCore.Routing.RouteEndpoint"' (500cc934)
2025-09-18T06:01:36.6919899+03:00 0HNFMBUJEE3L7:00000043 [INF] Executing endpoint '"Microsoft.AspNetCore.Routing.RouteEndpoint"' (500cc934)
2025-09-18T06:01:36.6924569+03:00 0HNFMBUJEE3L7:00000045 [INF] The file "sneat-1.0.0/assets/vendor/libs/perfect-scrollbar/perfect-scrollbar.js" was not modified (f1f8d725)
2025-09-18T06:01:36.6927498+03:00 0HNFMBUJEE3L7:00000045 [INF] Executed endpoint '"Microsoft.AspNetCore.Routing.RouteEndpoint"' (99874f2b)
2025-09-18T06:01:36.6927336+03:00 0HNFMBUJEE3L7:00000043 [INF] The file "sneat-1.0.0/assets/vendor/js/bootstrap.js" was not modified (f1f8d725)
2025-09-18T06:01:36.6928528+03:00 0HNFMBUJEE3L7:00000043 [INF] Executed endpoint '"Microsoft.AspNetCore.Routing.RouteEndpoint"' (99874f2b)
2025-09-18T06:01:36.6928626+03:00 0HNFMBUJEE3L7:00000047 [INF] Request finished "HTTP/2" "GET" "https"://"localhost:7287""""/_framework/aspnetcore-browser-refresh.js""" - 200 16527 "application/javascript; charset=utf-8" 1.9547ms (74253ad3)
2025-09-18T06:01:36.6929692+03:00 0HNFMBUJEE3L7:00000045 [INF] Request finished "HTTP/2" "GET" "https"://"localhost:7287""""/sneat-1.0.0/assets/vendor/libs/perfect-scrollbar/perfect-scrollbar.js""" - 304 null "text/javascript" 2.2343ms (74253ad3)
2025-09-18T06:01:36.6930424+03:00 0HNFMBUJEE3L7:00000043 [INF] Request finished "HTTP/2" "GET" "https"://"localhost:7287""""/sneat-1.0.0/assets/vendor/js/bootstrap.js""" - 304 null "text/javascript" 3.1618ms (74253ad3)
2025-09-18T06:01:36.6938032+03:00 0HNFMBUJEE3L7:00000049 [INF] Request starting "HTTP/2" "GET" "https"://"localhost:7287""""/sneat-1.0.0/assets/vendor/js/menu.js""" - null null (d509f86a)
2025-09-18T06:01:36.6938497+03:00 0HNFMBUJEE3L7:0000004B [INF] Request starting "HTTP/2" "GET" "https"://"localhost:7287""""/sneat-1.0.0/assets/vendor/libs/apex-charts/apexcharts.js""" - null null (d509f86a)
2025-09-18T06:01:36.6951308+03:00 0HNFMBUJEE3L7:0000004B [INF] Executing endpoint '"Microsoft.AspNetCore.Routing.RouteEndpoint"' (500cc934)
2025-09-18T06:01:36.6954631+03:00 0HNFMBUJEE3L7:0000004D [INF] Request starting "HTTP/2" "GET" "https"://"localhost:7287""""/sneat-1.0.0/assets/js/main.js""" - null null (d509f86a)
2025-09-18T06:01:36.6957078+03:00 0HNFMBUJEE3L7:0000004B [INF] The file "sneat-1.0.0/assets/vendor/libs/apex-charts/apexcharts.js" was not modified (f1f8d725)
2025-09-18T06:01:36.6958029+03:00 0HNFMBUJEE3L7:0000004B [INF] Executed endpoint '"Microsoft.AspNetCore.Routing.RouteEndpoint"' (99874f2b)
2025-09-18T06:01:36.6958296+03:00 0HNFMBUJEE3L7:00000041 [INF] Executing endpoint '"Microsoft.AspNetCore.Routing.RouteEndpoint"' (500cc934)
2025-09-18T06:01:36.6958554+03:00 0HNFMBUJEE3L7:0000004F [INF] Request starting "HTTP/2" "GET" "https"://"localhost:7287""""/sneat-1.0.0/assets/js/dashboards-analytics.js""" - null null (d509f86a)
2025-09-18T06:01:36.6958198+03:00 0HNFMBUJEE3L7:00000049 [INF] Executing endpoint '"Microsoft.AspNetCore.Routing.RouteEndpoint"' (500cc934)
2025-09-18T06:01:36.6959851+03:00 0HNFMBUJEE3L7:0000004B [INF] Request finished "HTTP/2" "GET" "https"://"localhost:7287""""/sneat-1.0.0/assets/vendor/libs/apex-charts/apexcharts.js""" - 304 null "text/javascript" 2.1278ms (74253ad3)
2025-09-18T06:01:36.6962190+03:00 0HNFMBUJEE3L7:00000049 [INF] The file "sneat-1.0.0/assets/vendor/js/menu.js" was not modified (f1f8d725)
2025-09-18T06:01:36.6962790+03:00 0HNFMBUJEE3L7:00000041 [INF] The file "sneat-1.0.0/assets/vendor/libs/popper/popper.js" was not modified (f1f8d725)
2025-09-18T06:01:36.6963971+03:00 0HNFMBUJEE3L7:00000041 [INF] Executed endpoint '"Microsoft.AspNetCore.Routing.RouteEndpoint"' (99874f2b)
2025-09-18T06:01:36.6965574+03:00 0HNFMBUJEE3L7:00000049 [INF] Executed endpoint '"Microsoft.AspNetCore.Routing.RouteEndpoint"' (99874f2b)
2025-09-18T06:01:36.6965742+03:00 0HNFMBUJEE3L7:0000004D [INF] Executing endpoint '"Microsoft.AspNetCore.Routing.RouteEndpoint"' (500cc934)
2025-09-18T06:01:36.6969006+03:00 0HNFMBUJEE3L7:00000051 [INF] Request starting "HTTP/2" "GET" "https"://"localhost:7287""""/_vs/browserLink""" - null null (d509f86a)
2025-09-18T06:01:36.6968682+03:00 0HNFMBUJEE3L7:00000049 [INF] Request finished "HTTP/2" "GET" "https"://"localhost:7287""""/sneat-1.0.0/assets/vendor/js/menu.js""" - 304 null "text/javascript" 3.0567ms (74253ad3)
2025-09-18T06:01:36.6971604+03:00 0HNFMBUJEE3L7:00000041 [INF] Request finished "HTTP/2" "GET" "https"://"localhost:7287""""/sneat-1.0.0/assets/vendor/libs/popper/popper.js""" - 304 null "text/javascript" 10.0912ms (74253ad3)
2025-09-18T06:01:36.6974360+03:00 0HNFMBUJEE3L7:0000004F [INF] Executing endpoint '"Microsoft.AspNetCore.Routing.RouteEndpoint"' (500cc934)
2025-09-18T06:01:36.6979410+03:00 0HNFMBUJEE3L7:0000004F [INF] The file "sneat-1.0.0/assets/js/dashboards-analytics.js" was not modified (f1f8d725)
2025-09-18T06:01:36.6980976+03:00 0HNFMBUJEE3L7:0000004D [INF] The file "sneat-1.0.0/assets/js/main.js" was not modified (f1f8d725)
2025-09-18T06:01:36.6981268+03:00 0HNFMBUJEE3L7:0000004F [INF] Executed endpoint '"Microsoft.AspNetCore.Routing.RouteEndpoint"' (99874f2b)
2025-09-18T06:01:36.6982302+03:00 0HNFMBUJEE3L7:0000004D [INF] Executed endpoint '"Microsoft.AspNetCore.Routing.RouteEndpoint"' (99874f2b)
2025-09-18T06:01:36.6983517+03:00 0HNFMBUJEE3L7:0000004F [INF] Request finished "HTTP/2" "GET" "https"://"localhost:7287""""/sneat-1.0.0/assets/js/dashboards-analytics.js""" - 304 null "text/javascript" 2.5064ms (74253ad3)
2025-09-18T06:01:36.6984163+03:00 0HNFMBUJEE3L7:0000004D [INF] Request finished "HTTP/2" "GET" "https"://"localhost:7287""""/sneat-1.0.0/assets/js/main.js""" - 304 null "text/javascript" 2.9501ms (74253ad3)
2025-09-18T06:01:36.7262433+03:00 0HNFMBUJEE3L7:00000051 [INF] Request finished "HTTP/2" "GET" "https"://"localhost:7287""""/_vs/browserLink""" - 200 null "text/javascript; charset=UTF-8" 29.2301ms (74253ad3)
2025-09-18T06:01:43.5363301+03:00 0HNFMBUJEE3L7:00000053 [INF] Request starting "HTTP/2" "POST" "https"://"localhost:7287""""/Admin/Destination/UpdateDestination/1""" - "application/x-www-form-urlencoded" 3715 (d509f86a)
2025-09-18T06:01:43.5439722+03:00 0HNFMBUJEE3L7:00000053 [INF] Executing endpoint '"Traversal_Rezervasyon.Areas.Admin.Controllers.DestinationController.UpdateDestination (Traversal Rezervasyon)"' (500cc934)
2025-09-18T06:01:43.5680683+03:00 0HNFMBUJEE3L7:00000053 [INF] Route matched with "{area = \"Admin\", action = \"UpdateDestination\", controller = \"Destination\"}". Executing controller action with signature "Microsoft.AspNetCore.Mvc.IActionResult UpdateDestination(EntityLayer.Concrete.Destination)" on controller "Traversal_Rezervasyon.Areas.Admin.Controllers.DestinationController" ("Traversal Rezervasyon"). (122b2fdf)
2025-09-18T06:01:43.8643575+03:00 0HNFMBUJEE3L7:00000053 [INF] Executing RedirectResult, redirecting to "/Admin/Destination". (d98d540e)
2025-09-18T06:01:43.8648413+03:00 0HNFMBUJEE3L7:00000053 [INF] Executed action "Traversal_Rezervasyon.Areas.Admin.Controllers.DestinationController.UpdateDestination (Traversal Rezervasyon)" in 296.659ms (afa2e885)
2025-09-18T06:01:43.8648883+03:00 0HNFMBUJEE3L7:00000053 [INF] Executed endpoint '"Traversal_Rezervasyon.Areas.Admin.Controllers.DestinationController.UpdateDestination (Traversal Rezervasyon)"' (99874f2b)
2025-09-18T06:01:43.8652107+03:00 0HNFMBUJEE3L7:00000053 [INF] Request finished "HTTP/2" "POST" "https"://"localhost:7287""""/Admin/Destination/UpdateDestination/1""" - 302 0 null 329.1969ms (74253ad3)
2025-09-18T06:01:43.8761839+03:00 0HNFMBUJEE3L7:00000055 [INF] Request starting "HTTP/2" "GET" "https"://"localhost:7287""""/Admin/Destination""" - null null (d509f86a)
2025-09-18T06:01:43.8794560+03:00 0HNFMBUJEE3L7:00000055 [INF] Executing endpoint '"Traversal_Rezervasyon.Areas.Admin.Controllers.DestinationController.Index (Traversal Rezervasyon)"' (500cc934)
2025-09-18T06:01:43.8797189+03:00 0HNFMBUJEE3L7:00000055 [INF] Route matched with "{area = \"Admin\", action = \"Index\", controller = \"Destination\"}". Executing controller action with signature "Microsoft.AspNetCore.Mvc.IActionResult Index()" on controller "Traversal_Rezervasyon.Areas.Admin.Controllers.DestinationController" ("Traversal Rezervasyon"). (122b2fdf)
2025-09-18T06:01:43.8860280+03:00 0HNFMBUJEE3L7:00000055 [INF] Executing ViewResult, running view "Index". (c83d0e25)
2025-09-18T06:01:43.8896156+03:00 0HNFMBUJEE3L7:00000055 [INF] Executed ViewResult - view "Index" executed in 3.6348ms. (f66409e9)
2025-09-18T06:01:43.8899130+03:00 0HNFMBUJEE3L7:00000055 [INF] Executed action "Traversal_Rezervasyon.Areas.Admin.Controllers.DestinationController.Index (Traversal Rezervasyon)" in 10.1184ms (afa2e885)
2025-09-18T06:01:43.8901036+03:00 0HNFMBUJEE3L7:00000055 [INF] Executed endpoint '"Traversal_Rezervasyon.Areas.Admin.Controllers.DestinationController.Index (Traversal Rezervasyon)"' (99874f2b)
2025-09-18T06:01:43.8907737+03:00 0HNFMBUJEE3L7:00000055 [INF] Request finished "HTTP/2" "GET" "https"://"localhost:7287""""/Admin/Destination""" - 200 null "text/html; charset=utf-8" 14.5564ms (74253ad3)
2025-09-18T06:01:43.9892544+03:00 0HNFMBUJEE3L7:00000057 [INF] Request starting "HTTP/2" "GET" "https"://"localhost:7287""""/sneat-1.0.0/assets/vendor/fonts/boxicons.css""" - null null (d509f86a)
2025-09-18T06:01:43.9914632+03:00 0HNFMBUJEE3L7:00000057 [INF] Executing endpoint '"Microsoft.AspNetCore.Routing.RouteEndpoint"' (500cc934)
2025-09-18T06:01:43.9923935+03:00 0HNFMBUJEE3L7:00000057 [INF] The file "sneat-1.0.0/assets/vendor/fonts/boxicons.css" was not modified (f1f8d725)
2025-09-18T06:01:43.9926127+03:00 0HNFMBUJEE3L7:00000057 [INF] Executed endpoint '"Microsoft.AspNetCore.Routing.RouteEndpoint"' (99874f2b)
2025-09-18T06:01:43.9928140+03:00 0HNFMBUJEE3L7:00000057 [INF] Request finished "HTTP/2" "GET" "https"://"localhost:7287""""/sneat-1.0.0/assets/vendor/fonts/boxicons.css""" - 304 null "text/css" 3.5355ms (74253ad3)
2025-09-18T06:01:43.9934768+03:00 0HNFMBUJEE3L7:00000059 [INF] Request starting "HTTP/2" "GET" "https"://"localhost:7287""""/sneat-1.0.0/assets/vendor/css/core.css""" - null null (d509f86a)
2025-09-18T06:01:43.9949905+03:00 0HNFMBUJEE3L7:00000059 [INF] Executing endpoint '"Microsoft.AspNetCore.Routing.RouteEndpoint"' (500cc934)
2025-09-18T06:01:43.9957969+03:00 0HNFMBUJEE3L7:00000059 [INF] The file "sneat-1.0.0/assets/vendor/css/core.css" was not modified (f1f8d725)
2025-09-18T06:01:43.9960760+03:00 0HNFMBUJEE3L7:00000059 [INF] Executed endpoint '"Microsoft.AspNetCore.Routing.RouteEndpoint"' (99874f2b)
2025-09-18T06:01:43.9962607+03:00 0HNFMBUJEE3L7:00000059 [INF] Request finished "HTTP/2" "GET" "https"://"localhost:7287""""/sneat-1.0.0/assets/vendor/css/core.css""" - 304 null "text/css" 2.7805ms (74253ad3)
2025-09-18T06:01:43.9982884+03:00 0HNFMBUJEE3L7:0000005B [INF] Request starting "HTTP/2" "GET" "https"://"localhost:7287""""/sneat-1.0.0/assets/vendor/css/theme-default.css""" - null null (d509f86a)
2025-09-18T06:01:43.9985620+03:00 0HNFMBUJEE3L7:0000005D [INF] Request starting "HTTP/2" "GET" "https"://"localhost:7287""""/sneat-1.0.0/assets/css/demo.css""" - null null (d509f86a)
2025-09-18T06:01:43.9992186+03:00 0HNFMBUJEE3L7:0000005B [INF] Executing endpoint '"Microsoft.AspNetCore.Routing.RouteEndpoint"' (500cc934)
2025-09-18T06:01:43.9995801+03:00 0HNFMBUJEE3L7:0000005B [INF] The file "sneat-1.0.0/assets/vendor/css/theme-default.css" was not modified (f1f8d725)
2025-09-18T06:01:43.9996529+03:00 0HNFMBUJEE3L7:0000005B [INF] Executed endpoint '"Microsoft.AspNetCore.Routing.RouteEndpoint"' (99874f2b)
2025-09-18T06:01:43.9997765+03:00 0HNFMBUJEE3L7:0000005B [INF] Request finished "HTTP/2" "GET" "https"://"localhost:7287""""/sneat-1.0.0/assets/vendor/css/theme-default.css""" - 304 null "text/css" 1.4877ms (74253ad3)
2025-09-18T06:01:43.9999304+03:00 0HNFMBUJEE3L7:0000005F [INF] Request starting "HTTP/2" "GET" "https"://"localhost:7287""""/sneat-1.0.0/assets/vendor/libs/perfect-scrollbar/perfect-scrollbar.css""" - null null (d509f86a)
2025-09-18T06:01:44.0001990+03:00 0HNFMBUJEE3L7:0000005D [INF] Executing endpoint '"Microsoft.AspNetCore.Routing.RouteEndpoint"' (500cc934)
2025-09-18T06:01:44.0008267+03:00 0HNFMBUJEE3L7:0000005F [INF] Executing endpoint '"Microsoft.AspNetCore.Routing.RouteEndpoint"' (500cc934)
2025-09-18T06:01:44.0008817+03:00 0HNFMBUJEE3L7:0000005D [INF] The file "sneat-1.0.0/assets/css/demo.css" was not modified (f1f8d725)
2025-09-18T06:01:44.0009775+03:00 0HNFMBUJEE3L7:0000005D [INF] Executed endpoint '"Microsoft.AspNetCore.Routing.RouteEndpoint"' (99874f2b)
2025-09-18T06:01:44.0011224+03:00 0HNFMBUJEE3L7:0000005F [INF] The file "sneat-1.0.0/assets/vendor/libs/perfect-scrollbar/perfect-scrollbar.css" was not modified (f1f8d725)
2025-09-18T06:01:44.0011682+03:00 0HNFMBUJEE3L7:0000005D [INF] Request finished "HTTP/2" "GET" "https"://"localhost:7287""""/sneat-1.0.0/assets/css/demo.css""" - 304 null "text/css" 2.6306ms (74253ad3)
2025-09-18T06:01:44.0011992+03:00 0HNFMBUJEE3L7:0000005F [INF] Executed endpoint '"Microsoft.AspNetCore.Routing.RouteEndpoint"' (99874f2b)
2025-09-18T06:01:44.0013320+03:00 0HNFMBUJEE3L7:0000005F [INF] Request finished "HTTP/2" "GET" "https"://"localhost:7287""""/sneat-1.0.0/assets/vendor/libs/perfect-scrollbar/perfect-scrollbar.css""" - 304 null "text/css" 1.4227ms (74253ad3)
2025-09-18T06:01:44.0017638+03:00 0HNFMBUJEE3L7:00000063 [INF] Request starting "HTTP/2" "GET" "https"://"localhost:7287""""/sneat-1.0.0/assets/vendor/js/helpers.js""" - null null (d509f86a)
2025-09-18T06:01:44.0019102+03:00 0HNFMBUJEE3L7:00000061 [INF] Request starting "HTTP/2" "GET" "https"://"localhost:7287""""/sneat-1.0.0/assets/vendor/libs/apex-charts/apex-charts.css""" - null null (d509f86a)
2025-09-18T06:01:44.0023973+03:00 0HNFMBUJEE3L7:00000063 [INF] Executing endpoint '"Microsoft.AspNetCore.Routing.RouteEndpoint"' (500cc934)
2025-09-18T06:01:44.0026744+03:00 0HNFMBUJEE3L7:00000063 [INF] The file "sneat-1.0.0/assets/vendor/js/helpers.js" was not modified (f1f8d725)
2025-09-18T06:01:44.0027437+03:00 0HNFMBUJEE3L7:00000063 [INF] Executed endpoint '"Microsoft.AspNetCore.Routing.RouteEndpoint"' (99874f2b)
2025-09-18T06:01:44.0028774+03:00 0HNFMBUJEE3L7:00000063 [INF] Request finished "HTTP/2" "GET" "https"://"localhost:7287""""/sneat-1.0.0/assets/vendor/js/helpers.js""" - 304 null "text/javascript" 1.0825ms (74253ad3)
2025-09-18T06:01:44.0036405+03:00 0HNFMBUJEE3L7:00000065 [INF] Request starting "HTTP/2" "GET" "https"://"localhost:7287""""/sneat-1.0.0/assets/js/config.js""" - null null (d509f86a)
2025-09-18T06:01:44.0038658+03:00 0HNFMBUJEE3L7:00000061 [INF] Executing endpoint '"Microsoft.AspNetCore.Routing.RouteEndpoint"' (500cc934)
2025-09-18T06:01:44.0042179+03:00 0HNFMBUJEE3L7:00000061 [INF] The file "sneat-1.0.0/assets/vendor/libs/apex-charts/apex-charts.css" was not modified (f1f8d725)
2025-09-18T06:01:44.0042995+03:00 0HNFMBUJEE3L7:00000061 [INF] Executed endpoint '"Microsoft.AspNetCore.Routing.RouteEndpoint"' (99874f2b)
2025-09-18T06:01:44.0044196+03:00 0HNFMBUJEE3L7:00000061 [INF] Request finished "HTTP/2" "GET" "https"://"localhost:7287""""/sneat-1.0.0/assets/vendor/libs/apex-charts/apex-charts.css""" - 304 null "text/css" 2.5197ms (74253ad3)
2025-09-18T06:01:44.0046308+03:00 0HNFMBUJEE3L7:00000067 [INF] Request starting "HTTP/2" "GET" "https"://"localhost:7287""""/sneat-1.0.0/assets/img/avatars/1.png""" - null null (d509f86a)
2025-09-18T06:01:44.0049768+03:00 0HNFMBUJEE3L7:00000065 [INF] Executing endpoint '"Microsoft.AspNetCore.Routing.RouteEndpoint"' (500cc934)
2025-09-18T06:01:44.0054844+03:00 0HNFMBUJEE3L7:00000065 [INF] The file "sneat-1.0.0/assets/js/config.js" was not modified (f1f8d725)
2025-09-18T06:01:44.0055825+03:00 0HNFMBUJEE3L7:00000065 [INF] Executed endpoint '"Microsoft.AspNetCore.Routing.RouteEndpoint"' (99874f2b)
2025-09-18T06:01:44.0072111+03:00 0HNFMBUJEE3L7:00000065 [INF] Request finished "HTTP/2" "GET" "https"://"localhost:7287""""/sneat-1.0.0/assets/js/config.js""" - 304 null "text/javascript" 2.1996ms (74253ad3)
2025-09-18T06:01:44.0268423+03:00 0HNFMBUJEE3L7:00000067 [INF] Executing endpoint '"Microsoft.AspNetCore.Routing.RouteEndpoint"' (500cc934)
2025-09-18T06:01:44.0269017+03:00 0HNFMBUJEE3L7:00000069 [INF] Request starting "HTTP/2" "GET" "https"://"localhost:7287""""/sneat-1.0.0/assets/vendor/libs/jquery/jquery.js""" - null null (d509f86a)
2025-09-18T06:01:44.0275825+03:00 0HNFMBUJEE3L7:00000067 [INF] The file "sneat-1.0.0/assets/img/avatars/1.png" was not modified (f1f8d725)
2025-09-18T06:01:44.0277058+03:00 0HNFMBUJEE3L7:00000067 [INF] Executed endpoint '"Microsoft.AspNetCore.Routing.RouteEndpoint"' (99874f2b)
2025-09-18T06:01:44.0279375+03:00 0HNFMBUJEE3L7:00000067 [INF] Request finished "HTTP/2" "GET" "https"://"localhost:7287""""/sneat-1.0.0/assets/img/avatars/1.png""" - 304 null "image/png" 23.2927ms (74253ad3)
2025-09-18T06:01:44.0286682+03:00 0HNFMBUJEE3L7:00000069 [INF] Executing endpoint '"Microsoft.AspNetCore.Routing.RouteEndpoint"' (500cc934)
2025-09-18T06:01:44.0295161+03:00 0HNFMBUJEE3L7:00000069 [INF] The file "sneat-1.0.0/assets/vendor/libs/jquery/jquery.js" was not modified (f1f8d725)
2025-09-18T06:01:44.0296664+03:00 0HNFMBUJEE3L7:00000069 [INF] Executed endpoint '"Microsoft.AspNetCore.Routing.RouteEndpoint"' (99874f2b)
2025-09-18T06:01:44.0298802+03:00 0HNFMBUJEE3L7:00000069 [INF] Request finished "HTTP/2" "GET" "https"://"localhost:7287""""/sneat-1.0.0/assets/vendor/libs/jquery/jquery.js""" - 304 null "text/javascript" 2.9929ms (74253ad3)
2025-09-18T06:01:44.0632025+03:00 0HNFMBUJEE3L7:0000006B [INF] Request starting "HTTP/2" "GET" "https"://"localhost:7287""""/sneat-1.0.0/assets/vendor/libs/popper/popper.js""" - null null (d509f86a)
2025-09-18T06:01:44.0639324+03:00 0HNFMBUJEE3L7:0000006B [INF] Executing endpoint '"Microsoft.AspNetCore.Routing.RouteEndpoint"' (500cc934)
2025-09-18T06:01:44.0642464+03:00 0HNFMBUJEE3L7:0000006B [INF] The file "sneat-1.0.0/assets/vendor/libs/popper/popper.js" was not modified (f1f8d725)
2025-09-18T06:01:44.0643398+03:00 0HNFMBUJEE3L7:0000006B [INF] Executed endpoint '"Microsoft.AspNetCore.Routing.RouteEndpoint"' (99874f2b)
2025-09-18T06:01:44.0644778+03:00 0HNFMBUJEE3L7:0000006B [INF] Request finished "HTTP/2" "GET" "https"://"localhost:7287""""/sneat-1.0.0/assets/vendor/libs/popper/popper.js""" - 304 null "text/javascript" 1.2807ms (74253ad3)
2025-09-18T06:01:44.0669030+03:00 0HNFMBUJEE3L7:0000006D [INF] Request starting "HTTP/2" "GET" "https"://"localhost:7287""""/sneat-1.0.0/assets/vendor/js/bootstrap.js""" - null null (d509f86a)
2025-09-18T06:01:44.0679950+03:00 0HNFMBUJEE3L7:0000006D [INF] Executing endpoint '"Microsoft.AspNetCore.Routing.RouteEndpoint"' (500cc934)
2025-09-18T06:01:44.0687900+03:00 0HNFMBUJEE3L7:0000006D [INF] The file "sneat-1.0.0/assets/vendor/js/bootstrap.js" was not modified (f1f8d725)
2025-09-18T06:01:44.0689384+03:00 0HNFMBUJEE3L7:0000006D [INF] Executed endpoint '"Microsoft.AspNetCore.Routing.RouteEndpoint"' (99874f2b)
2025-09-18T06:01:44.0690991+03:00 0HNFMBUJEE3L7:0000006D [INF] Request finished "HTTP/2" "GET" "https"://"localhost:7287""""/sneat-1.0.0/assets/vendor/js/bootstrap.js""" - 304 null "text/javascript" 2.1962ms (74253ad3)
2025-09-18T06:01:44.0699881+03:00 0HNFMBUJEE3L7:00000071 [INF] Request starting "HTTP/2" "GET" "https"://"localhost:7287""""/sneat-1.0.0/assets/vendor/js/menu.js""" - null null (d509f86a)
2025-09-18T06:01:44.0699624+03:00 0HNFMBUJEE3L7:0000006F [INF] Request starting "HTTP/2" "GET" "https"://"localhost:7287""""/sneat-1.0.0/assets/vendor/libs/perfect-scrollbar/perfect-scrollbar.js""" - null null (d509f86a)
2025-09-18T06:01:44.0713502+03:00 0HNFMBUJEE3L7:00000073 [INF] Request starting "HTTP/2" "GET" "https"://"localhost:7287""""/_framework/aspnetcore-browser-refresh.js""" - null null (d509f86a)
2025-09-18T06:01:44.0720105+03:00 0HNFMBUJEE3L7:0000006F [INF] Executing endpoint '"Microsoft.AspNetCore.Routing.RouteEndpoint"' (500cc934)
2025-09-18T06:01:44.0721335+03:00 0HNFMBUJEE3L7:00000073 [INF] Request finished "HTTP/2" "GET" "https"://"localhost:7287""""/_framework/aspnetcore-browser-refresh.js""" - 200 16527 "application/javascript; charset=utf-8" 0.7964ms (74253ad3)
2025-09-18T06:01:44.0723804+03:00 0HNFMBUJEE3L7:0000006F [INF] The file "sneat-1.0.0/assets/vendor/libs/perfect-scrollbar/perfect-scrollbar.js" was not modified (f1f8d725)
2025-09-18T06:01:44.0725484+03:00 0HNFMBUJEE3L7:0000006F [INF] Executed endpoint '"Microsoft.AspNetCore.Routing.RouteEndpoint"' (99874f2b)
2025-09-18T06:01:44.0725982+03:00 0HNFMBUJEE3L7:00000071 [INF] Executing endpoint '"Microsoft.AspNetCore.Routing.RouteEndpoint"' (500cc934)
2025-09-18T06:01:44.0726773+03:00 0HNFMBUJEE3L7:0000006F [INF] Request finished "HTTP/2" "GET" "https"://"localhost:7287""""/sneat-1.0.0/assets/vendor/libs/perfect-scrollbar/perfect-scrollbar.js""" - 304 null "text/javascript" 2.7431ms (74253ad3)
2025-09-18T06:01:44.0728409+03:00 0HNFMBUJEE3L7:00000075 [INF] Request starting "HTTP/2" "GET" "https"://"localhost:7287""""/sneat-1.0.0/assets/vendor/libs/apex-charts/apexcharts.js""" - null null (d509f86a)
2025-09-18T06:01:44.0729198+03:00 0HNFMBUJEE3L7:00000077 [INF] Request starting "HTTP/2" "GET" "https"://"localhost:7287""""/sneat-1.0.0/assets/js/main.js""" - null null (d509f86a)
2025-09-18T06:01:44.0734280+03:00 0HNFMBUJEE3L7:00000071 [INF] The file "sneat-1.0.0/assets/vendor/js/menu.js" was not modified (f1f8d725)
2025-09-18T06:01:44.0735090+03:00 0HNFMBUJEE3L7:00000071 [INF] Executed endpoint '"Microsoft.AspNetCore.Routing.RouteEndpoint"' (99874f2b)
2025-09-18T06:01:44.0737343+03:00 0HNFMBUJEE3L7:00000071 [INF] Request finished "HTTP/2" "GET" "https"://"localhost:7287""""/sneat-1.0.0/assets/vendor/js/menu.js""" - 304 null "text/javascript" 3.6469ms (74253ad3)
2025-09-18T06:01:44.0739450+03:00 0HNFMBUJEE3L7:00000075 [INF] Executing endpoint '"Microsoft.AspNetCore.Routing.RouteEndpoint"' (500cc934)
2025-09-18T06:01:44.0739783+03:00 0HNFMBUJEE3L7:00000079 [INF] Request starting "HTTP/2" "GET" "https"://"localhost:7287""""/sneat-1.0.0/assets/js/dashboards-analytics.js""" - null null (d509f86a)
2025-09-18T06:01:44.0741310+03:00 0HNFMBUJEE3L7:00000077 [INF] Executing endpoint '"Microsoft.AspNetCore.Routing.RouteEndpoint"' (500cc934)
2025-09-18T06:01:44.0744090+03:00 0HNFMBUJEE3L7:00000077 [INF] The file "sneat-1.0.0/assets/js/main.js" was not modified (f1f8d725)
2025-09-18T06:01:44.0744125+03:00 0HNFMBUJEE3L7:00000075 [INF] The file "sneat-1.0.0/assets/vendor/libs/apex-charts/apexcharts.js" was not modified (f1f8d725)
2025-09-18T06:01:44.0745036+03:00 0HNFMBUJEE3L7:00000075 [INF] Executed endpoint '"Microsoft.AspNetCore.Routing.RouteEndpoint"' (99874f2b)
2025-09-18T06:01:44.0746379+03:00 0HNFMBUJEE3L7:00000075 [INF] Request finished "HTTP/2" "GET" "https"://"localhost:7287""""/sneat-1.0.0/assets/vendor/libs/apex-charts/apexcharts.js""" - 304 null "text/javascript" 1.9183ms (74253ad3)
2025-09-18T06:01:44.0746820+03:00 0HNFMBUJEE3L7:00000077 [INF] Executed endpoint '"Microsoft.AspNetCore.Routing.RouteEndpoint"' (99874f2b)
2025-09-18T06:01:44.0747856+03:00 0HNFMBUJEE3L7:00000077 [INF] Request finished "HTTP/2" "GET" "https"://"localhost:7287""""/sneat-1.0.0/assets/js/main.js""" - 304 null "text/javascript" 1.9553ms (74253ad3)
2025-09-18T06:01:44.0748279+03:00 0HNFMBUJEE3L7:00000079 [INF] Executing endpoint '"Microsoft.AspNetCore.Routing.RouteEndpoint"' (500cc934)
2025-09-18T06:01:44.0754506+03:00 0HNFMBUJEE3L7:00000079 [INF] The file "sneat-1.0.0/assets/js/dashboards-analytics.js" was not modified (f1f8d725)
2025-09-18T06:01:44.0754900+03:00 0HNFMBUJEE3L7:0000007B [INF] Request starting "HTTP/2" "GET" "https"://"localhost:7287""""/_vs/browserLink""" - null null (d509f86a)
2025-09-18T06:01:44.0755571+03:00 0HNFMBUJEE3L7:00000079 [INF] Executed endpoint '"Microsoft.AspNetCore.Routing.RouteEndpoint"' (99874f2b)
2025-09-18T06:01:44.0757312+03:00 0HNFMBUJEE3L7:00000079 [INF] Request finished "HTTP/2" "GET" "https"://"localhost:7287""""/sneat-1.0.0/assets/js/dashboards-analytics.js""" - 304 null "text/javascript" 1.7159ms (74253ad3)
2025-09-18T06:01:44.0873971+03:00 0HNFMBUJEE3L7:0000007B [INF] Request finished "HTTP/2" "GET" "https"://"localhost:7287""""/_vs/browserLink""" - 200 null "text/javascript; charset=UTF-8" 11.9963ms (74253ad3)
2025-09-18T06:30:51.8361497+03:00  [INF] User profile is available. Using '"C:\Users\Lenovo\AppData\Local\ASP.NET\DataProtection-Keys"' as key repository and Windows DPAPI to encrypt keys at rest. (7ac5e29c)
2025-09-18T06:30:53.9857968+03:00  [INF] Now listening on: "https://localhost:7287" (d826f4b8)
2025-09-18T06:30:53.9860710+03:00  [INF] Now listening on: "http://localhost:5151" (d826f4b8)
2025-09-18T06:30:54.0415062+03:00  [INF] Application started. Press Ctrl+C to shut down. (dcaefe54)
2025-09-18T06:30:54.0421920+03:00  [INF] Hosting environment: "Development" (bc5a1a4e)
2025-09-18T06:30:54.0423038+03:00  [INF] Content root path: "C:\Users\Lenovo\OneDrive\Masaüstü\Yazılım\C# Programlama\Traversal Rezervasyon\Traversal Rezervasyon" (cc26f24e)
2025-09-18T06:30:54.8136731+03:00 0HNFMCF2VEECV:00000001 [INF] Request starting "HTTP/2" "GET" "https"://"localhost:7287""""/Admin/Destination/Index""" - null null (d509f86a)
2025-09-18T06:30:58.2377668+03:00 0HNFMCF2VEECV:00000001 [INF] Executing endpoint '"Traversal_Rezervasyon.Areas.Admin.Controllers.DestinationController.Index (Traversal Rezervasyon)"' (500cc934)
2025-09-18T06:30:58.2490727+03:00 0HNFMCF2VEECV:00000001 [INF] Route matched with "{area = \"Admin\", action = \"Index\", controller = \"Destination\"}". Executing controller action with signature "Microsoft.AspNetCore.Mvc.IActionResult Index()" on controller "Traversal_Rezervasyon.Areas.Admin.Controllers.DestinationController" ("Traversal Rezervasyon"). (122b2fdf)
2025-09-18T06:30:58.4729591+03:00 0HNFMCF2VEECV:00000001 [INF] Executing ViewResult, running view "Index". (c83d0e25)
2025-09-18T06:30:58.6249191+03:00 0HNFMCF2VEECV:00000001 [INF] Executed ViewResult - view "Index" executed in 149.8606ms. (f66409e9)
2025-09-18T06:30:58.6324473+03:00 0HNFMCF2VEECV:00000001 [INF] Executed action "Traversal_Rezervasyon.Areas.Admin.Controllers.DestinationController.Index (Traversal Rezervasyon)" in 382.4322ms (afa2e885)
2025-09-18T06:30:58.6332205+03:00 0HNFMCF2VEECV:00000001 [INF] Executed endpoint '"Traversal_Rezervasyon.Areas.Admin.Controllers.DestinationController.Index (Traversal Rezervasyon)"' (99874f2b)
2025-09-18T06:30:58.6478127+03:00 0HNFMCF2VEECV:00000001 [INF] Request finished "HTTP/2" "GET" "https"://"localhost:7287""""/Admin/Destination/Index""" - 200 null "text/html; charset=utf-8" 3838.7717ms (74253ad3)
2025-09-18T06:30:58.8581446+03:00 0HNFMCF2VEECV:00000005 [INF] Request starting "HTTP/2" "GET" "https"://"localhost:7287""""/sneat-1.0.0/assets/css/demo.css""" - null null (d509f86a)
2025-09-18T06:30:58.8581704+03:00 0HNFMCF2VEECV:00000007 [INF] Request starting "HTTP/2" "GET" "https"://"localhost:7287""""/sneat-1.0.0/assets/vendor/libs/apex-charts/apex-charts.css""" - null null (d509f86a)
2025-09-18T06:30:58.8581872+03:00 0HNFMCF2VEECV:00000009 [INF] Request starting "HTTP/2" "GET" "https"://"localhost:7287""""/sneat-1.0.0/assets/vendor/css/core.css""" - null null (d509f86a)
2025-09-18T06:30:58.8584072+03:00 0HNFMCF2VEECV:0000000D [INF] Request starting "HTTP/2" "GET" "https"://"localhost:7287""""/sneat-1.0.0/assets/vendor/libs/perfect-scrollbar/perfect-scrollbar.css""" - null null (d509f86a)
2025-09-18T06:30:58.8583666+03:00 0HNFMCF2VEECV:00000003 [INF] Request starting "HTTP/2" "GET" "https"://"localhost:7287""""/sneat-1.0.0/assets/vendor/fonts/boxicons.css""" - null null (d509f86a)
2025-09-18T06:30:58.8589516+03:00 0HNFMCF2VEECV:0000000B [INF] Request starting "HTTP/2" "GET" "https"://"localhost:7287""""/sneat-1.0.0/assets/vendor/css/theme-default.css""" - null null (d509f86a)
2025-09-18T06:30:58.8594478+03:00 0HNFMCF2VEECV:0000000F [INF] Request starting "HTTP/2" "GET" "https"://"localhost:7287""""/sneat-1.0.0/assets/vendor/js/helpers.js""" - null null (d509f86a)
2025-09-18T06:30:58.8598621+03:00 0HNFMCF2VEECV:00000011 [INF] Request starting "HTTP/2" "GET" "https"://"localhost:7287""""/sneat-1.0.0/assets/js/config.js""" - null null (d509f86a)
2025-09-18T06:30:58.8602631+03:00 0HNFMCF2VEECV:00000013 [INF] Request starting "HTTP/2" "GET" "https"://"localhost:7287""""/sneat-1.0.0/assets/img/avatars/1.png""" - null null (d509f86a)
2025-09-18T06:30:58.8602781+03:00 0HNFMCF2VEECV:00000015 [INF] Request starting "HTTP/2" "GET" "https"://"localhost:7287""""/sneat-1.0.0/assets/vendor/libs/jquery/jquery.js""" - null null (d509f86a)
2025-09-18T06:30:58.8869690+03:00 0HNFMCF2VEECV:00000011 [INF] Executing endpoint '"Microsoft.AspNetCore.Routing.RouteEndpoint"' (500cc934)
2025-09-18T06:30:58.8869672+03:00 0HNFMCF2VEECV:0000000D [INF] Executing endpoint '"Microsoft.AspNetCore.Routing.RouteEndpoint"' (500cc934)
2025-09-18T06:30:58.8870490+03:00 0HNFMCF2VEECV:00000003 [INF] Executing endpoint '"Microsoft.AspNetCore.Routing.RouteEndpoint"' (500cc934)
2025-09-18T06:30:58.8869664+03:00 0HNFMCF2VEECV:0000000F [INF] Executing endpoint '"Microsoft.AspNetCore.Routing.RouteEndpoint"' (500cc934)
2025-09-18T06:30:58.8869690+03:00 0HNFMCF2VEECV:00000005 [INF] Executing endpoint '"Microsoft.AspNetCore.Routing.RouteEndpoint"' (500cc934)
2025-09-18T06:30:58.8871065+03:00 0HNFMCF2VEECV:00000015 [INF] Executing endpoint '"Microsoft.AspNetCore.Routing.RouteEndpoint"' (500cc934)
2025-09-18T06:30:58.8869670+03:00 0HNFMCF2VEECV:00000009 [INF] Executing endpoint '"Microsoft.AspNetCore.Routing.RouteEndpoint"' (500cc934)
2025-09-18T06:30:58.8871348+03:00 0HNFMCF2VEECV:00000013 [INF] Executing endpoint '"Microsoft.AspNetCore.Routing.RouteEndpoint"' (500cc934)
2025-09-18T06:30:58.8871669+03:00 0HNFMCF2VEECV:00000007 [INF] Executing endpoint '"Microsoft.AspNetCore.Routing.RouteEndpoint"' (500cc934)
2025-09-18T06:30:58.8871752+03:00 0HNFMCF2VEECV:0000000B [INF] Executing endpoint '"Microsoft.AspNetCore.Routing.RouteEndpoint"' (500cc934)
2025-09-18T06:30:58.8946411+03:00 0HNFMCF2VEECV:00000003 [INF] The file "sneat-1.0.0/assets/vendor/fonts/boxicons.css" was not modified (f1f8d725)
2025-09-18T06:30:58.8946727+03:00 0HNFMCF2VEECV:00000009 [INF] The file "sneat-1.0.0/assets/vendor/css/core.css" was not modified (f1f8d725)
2025-09-18T06:30:58.8947145+03:00 0HNFMCF2VEECV:0000000B [INF] The file "sneat-1.0.0/assets/vendor/css/theme-default.css" was not modified (f1f8d725)
2025-09-18T06:30:58.8946470+03:00 0HNFMCF2VEECV:00000013 [INF] The file "sneat-1.0.0/assets/img/avatars/1.png" was not modified (f1f8d725)
2025-09-18T06:30:58.8947623+03:00 0HNFMCF2VEECV:00000005 [INF] The file "sneat-1.0.0/assets/css/demo.css" was not modified (f1f8d725)
2025-09-18T06:30:58.8948021+03:00 0HNFMCF2VEECV:0000000D [INF] The file "sneat-1.0.0/assets/vendor/libs/perfect-scrollbar/perfect-scrollbar.css" was not modified (f1f8d725)
2025-09-18T06:30:58.8948024+03:00 0HNFMCF2VEECV:00000007 [INF] The file "sneat-1.0.0/assets/vendor/libs/apex-charts/apex-charts.css" was not modified (f1f8d725)
2025-09-18T06:30:58.8948078+03:00 0HNFMCF2VEECV:00000015 [INF] The file "sneat-1.0.0/assets/vendor/libs/jquery/jquery.js" was not modified (f1f8d725)
2025-09-18T06:30:58.8950201+03:00 0HNFMCF2VEECV:00000011 [INF] The file "sneat-1.0.0/assets/js/config.js" was not modified (f1f8d725)
2025-09-18T06:30:58.8950825+03:00 0HNFMCF2VEECV:0000000F [INF] The file "sneat-1.0.0/assets/vendor/js/helpers.js" was not modified (f1f8d725)
2025-09-18T06:30:58.8961738+03:00 0HNFMCF2VEECV:00000007 [INF] Executed endpoint '"Microsoft.AspNetCore.Routing.RouteEndpoint"' (99874f2b)
2025-09-18T06:30:58.8962344+03:00 0HNFMCF2VEECV:00000003 [INF] Executed endpoint '"Microsoft.AspNetCore.Routing.RouteEndpoint"' (99874f2b)
2025-09-18T06:30:58.8962246+03:00 0HNFMCF2VEECV:0000000B [INF] Executed endpoint '"Microsoft.AspNetCore.Routing.RouteEndpoint"' (99874f2b)
2025-09-18T06:30:58.8962526+03:00 0HNFMCF2VEECV:0000000D [INF] Executed endpoint '"Microsoft.AspNetCore.Routing.RouteEndpoint"' (99874f2b)
2025-09-18T06:30:58.8962526+03:00 0HNFMCF2VEECV:00000013 [INF] Executed endpoint '"Microsoft.AspNetCore.Routing.RouteEndpoint"' (99874f2b)
2025-09-18T06:30:58.8962527+03:00 0HNFMCF2VEECV:0000000F [INF] Executed endpoint '"Microsoft.AspNetCore.Routing.RouteEndpoint"' (99874f2b)
2025-09-18T06:30:58.8961817+03:00 0HNFMCF2VEECV:00000011 [INF] Executed endpoint '"Microsoft.AspNetCore.Routing.RouteEndpoint"' (99874f2b)
2025-09-18T06:30:58.8962800+03:00 0HNFMCF2VEECV:00000009 [INF] Executed endpoint '"Microsoft.AspNetCore.Routing.RouteEndpoint"' (99874f2b)
2025-09-18T06:30:58.8962868+03:00 0HNFMCF2VEECV:00000015 [INF] Executed endpoint '"Microsoft.AspNetCore.Routing.RouteEndpoint"' (99874f2b)
2025-09-18T06:30:58.8962875+03:00 0HNFMCF2VEECV:00000005 [INF] Executed endpoint '"Microsoft.AspNetCore.Routing.RouteEndpoint"' (99874f2b)
2025-09-18T06:30:58.8968193+03:00 0HNFMCF2VEECV:00000009 [INF] Request finished "HTTP/2" "GET" "https"://"localhost:7287""""/sneat-1.0.0/assets/vendor/css/core.css""" - 304 null "text/css" 38.5787ms (74253ad3)
2025-09-18T06:30:58.8968226+03:00 0HNFMCF2VEECV:00000011 [INF] Request finished "HTTP/2" "GET" "https"://"localhost:7287""""/sneat-1.0.0/assets/js/config.js""" - 304 null "text/javascript" 36.9163ms (74253ad3)
2025-09-18T06:30:58.8968434+03:00 0HNFMCF2VEECV:00000003 [INF] Request finished "HTTP/2" "GET" "https"://"localhost:7287""""/sneat-1.0.0/assets/vendor/fonts/boxicons.css""" - 304 null "text/css" 38.7467ms (74253ad3)
2025-09-18T06:30:58.8968434+03:00 0HNFMCF2VEECV:00000007 [INF] Request finished "HTTP/2" "GET" "https"://"localhost:7287""""/sneat-1.0.0/assets/vendor/libs/apex-charts/apex-charts.css""" - 304 null "text/css" 38.6427ms (74253ad3)
2025-09-18T06:30:58.8970888+03:00 0HNFMCF2VEECV:0000000F [INF] Request finished "HTTP/2" "GET" "https"://"localhost:7287""""/sneat-1.0.0/assets/vendor/js/helpers.js""" - 304 null "text/javascript" 37.6339ms (74253ad3)
2025-09-18T06:30:58.8971458+03:00 0HNFMCF2VEECV:00000015 [INF] Request finished "HTTP/2" "GET" "https"://"localhost:7287""""/sneat-1.0.0/assets/vendor/libs/jquery/jquery.js""" - 304 null "text/javascript" 36.8226ms (74253ad3)
2025-09-18T06:30:58.8971816+03:00 0HNFMCF2VEECV:00000013 [INF] Request finished "HTTP/2" "GET" "https"://"localhost:7287""""/sneat-1.0.0/assets/img/avatars/1.png""" - 304 null "image/png" 36.8749ms (74253ad3)
2025-09-18T06:30:58.8972443+03:00 0HNFMCF2VEECV:0000000B [INF] Request finished "HTTP/2" "GET" "https"://"localhost:7287""""/sneat-1.0.0/assets/vendor/css/theme-default.css""" - 304 null "text/css" 38.279ms (74253ad3)
2025-09-18T06:30:58.8972708+03:00 0HNFMCF2VEECV:00000005 [INF] Request finished "HTTP/2" "GET" "https"://"localhost:7287""""/sneat-1.0.0/assets/css/demo.css""" - 304 null "text/css" 39.21ms (74253ad3)
2025-09-18T06:30:58.8973146+03:00 0HNFMCF2VEECV:0000000D [INF] Request finished "HTTP/2" "GET" "https"://"localhost:7287""""/sneat-1.0.0/assets/vendor/libs/perfect-scrollbar/perfect-scrollbar.css""" - 304 null "text/css" 38.8945ms (74253ad3)
2025-09-18T06:30:58.9232224+03:00 0HNFMCF2VEECV:00000017 [INF] Request starting "HTTP/2" "GET" "https"://"localhost:7287""""/sneat-1.0.0/assets/vendor/libs/popper/popper.js""" - null null (d509f86a)
2025-09-18T06:30:58.9616038+03:00 0HNFMCF2VEECV:00000019 [INF] Request starting "HTTP/2" "GET" "https"://"localhost:7287""""/sneat-1.0.0/assets/vendor/js/bootstrap.js""" - null null (d509f86a)
2025-09-18T06:30:58.9635846+03:00 0HNFMCF2VEECV:0000001B [INF] Request starting "HTTP/2" "GET" "https"://"localhost:7287""""/sneat-1.0.0/assets/vendor/libs/perfect-scrollbar/perfect-scrollbar.js""" - null null (d509f86a)
2025-09-18T06:30:58.9635898+03:00 0HNFMCF2VEECV:0000001D [INF] Request starting "HTTP/2" "GET" "https"://"localhost:7287""""/sneat-1.0.0/assets/vendor/js/menu.js""" - null null (d509f86a)
2025-09-18T06:30:58.9652711+03:00 0HNFMCF2VEECV:0000001F [INF] Request starting "HTTP/2" "GET" "https"://"localhost:7287""""/_framework/aspnetcore-browser-refresh.js""" - null null (d509f86a)
2025-09-18T06:30:58.9652714+03:00 0HNFMCF2VEECV:00000021 [INF] Request starting "HTTP/2" "GET" "https"://"localhost:7287""""/sneat-1.0.0/assets/vendor/libs/apex-charts/apexcharts.js""" - null null (d509f86a)
2025-09-18T06:30:58.9667392+03:00 0HNFMCF2VEECV:00000025 [INF] Request starting "HTTP/2" "GET" "https"://"localhost:7287""""/sneat-1.0.0/assets/js/dashboards-analytics.js""" - null null (d509f86a)
2025-09-18T06:30:58.9667670+03:00 0HNFMCF2VEECV:00000023 [INF] Request starting "HTTP/2" "GET" "https"://"localhost:7287""""/sneat-1.0.0/assets/js/main.js""" - null null (d509f86a)
2025-09-18T06:30:58.9677884+03:00 0HNFMCF2VEECV:00000027 [INF] Request starting "HTTP/2" "GET" "https"://"localhost:7287""""/_vs/browserLink""" - null null (d509f86a)
2025-09-18T06:30:58.9709077+03:00 0HNFMCF2VEECV:0000001F [INF] Request finished "HTTP/2" "GET" "https"://"localhost:7287""""/_framework/aspnetcore-browser-refresh.js""" - 200 16527 "application/javascript; charset=utf-8" 5.5675ms (74253ad3)
2025-09-18T06:30:59.0116670+03:00 0HNFMCF2VEECV:00000027 [INF] Request finished "HTTP/2" "GET" "https"://"localhost:7287""""/_vs/browserLink""" - 200 null "text/javascript; charset=UTF-8" 43.7937ms (74253ad3)
2025-09-18T06:30:59.1070627+03:00 0HNFMCF2VEECV:00000019 [INF] Executing endpoint '"Microsoft.AspNetCore.Routing.RouteEndpoint"' (500cc934)
2025-09-18T06:30:59.1070628+03:00 0HNFMCF2VEECV:0000001D [INF] Executing endpoint '"Microsoft.AspNetCore.Routing.RouteEndpoint"' (500cc934)
2025-09-18T06:30:59.1070629+03:00 0HNFMCF2VEECV:00000017 [INF] Executing endpoint '"Microsoft.AspNetCore.Routing.RouteEndpoint"' (500cc934)
2025-09-18T06:30:59.1070900+03:00 0HNFMCF2VEECV:0000001B [INF] Executing endpoint '"Microsoft.AspNetCore.Routing.RouteEndpoint"' (500cc934)
2025-09-18T06:30:59.1071514+03:00 0HNFMCF2VEECV:00000021 [INF] Executing endpoint '"Microsoft.AspNetCore.Routing.RouteEndpoint"' (500cc934)
2025-09-18T06:30:59.1077868+03:00 0HNFMCF2VEECV:0000001B [INF] The file "sneat-1.0.0/assets/vendor/libs/perfect-scrollbar/perfect-scrollbar.js" was not modified (f1f8d725)
2025-09-18T06:30:59.1077882+03:00 0HNFMCF2VEECV:0000001D [INF] The file "sneat-1.0.0/assets/vendor/js/menu.js" was not modified (f1f8d725)
2025-09-18T06:30:59.1077882+03:00 0HNFMCF2VEECV:00000017 [INF] The file "sneat-1.0.0/assets/vendor/libs/popper/popper.js" was not modified (f1f8d725)
2025-09-18T06:30:59.1078051+03:00 0HNFMCF2VEECV:00000019 [INF] The file "sneat-1.0.0/assets/vendor/js/bootstrap.js" was not modified (f1f8d725)
2025-09-18T06:30:59.1079322+03:00 0HNFMCF2VEECV:00000019 [INF] Executed endpoint '"Microsoft.AspNetCore.Routing.RouteEndpoint"' (99874f2b)
2025-09-18T06:30:59.1079310+03:00 0HNFMCF2VEECV:00000017 [INF] Executed endpoint '"Microsoft.AspNetCore.Routing.RouteEndpoint"' (99874f2b)
2025-09-18T06:30:59.1079311+03:00 0HNFMCF2VEECV:0000001D [INF] Executed endpoint '"Microsoft.AspNetCore.Routing.RouteEndpoint"' (99874f2b)
2025-09-18T06:30:59.1078823+03:00 0HNFMCF2VEECV:00000021 [INF] The file "sneat-1.0.0/assets/vendor/libs/apex-charts/apexcharts.js" was not modified (f1f8d725)
2025-09-18T06:30:59.1079927+03:00 0HNFMCF2VEECV:0000001B [INF] Executed endpoint '"Microsoft.AspNetCore.Routing.RouteEndpoint"' (99874f2b)
2025-09-18T06:30:59.1081068+03:00 0HNFMCF2VEECV:00000021 [INF] Executed endpoint '"Microsoft.AspNetCore.Routing.RouteEndpoint"' (99874f2b)
2025-09-18T06:30:59.1081725+03:00 0HNFMCF2VEECV:00000019 [INF] Request finished "HTTP/2" "GET" "https"://"localhost:7287""""/sneat-1.0.0/assets/vendor/js/bootstrap.js""" - 304 null "text/javascript" 146.57ms (74253ad3)
2025-09-18T06:30:59.1081722+03:00 0HNFMCF2VEECV:0000001D [INF] Request finished "HTTP/2" "GET" "https"://"localhost:7287""""/sneat-1.0.0/assets/vendor/js/menu.js""" - 304 null "text/javascript" 144.5867ms (74253ad3)
2025-09-18T06:30:59.1081721+03:00 0HNFMCF2VEECV:00000017 [INF] Request finished "HTTP/2" "GET" "https"://"localhost:7287""""/sneat-1.0.0/assets/vendor/libs/popper/popper.js""" - 304 null "text/javascript" 184.9456ms (74253ad3)
2025-09-18T06:30:59.1081860+03:00 0HNFMCF2VEECV:0000001B [INF] Request finished "HTTP/2" "GET" "https"://"localhost:7287""""/sneat-1.0.0/assets/vendor/libs/perfect-scrollbar/perfect-scrollbar.js""" - 304 null "text/javascript" 144.5895ms (74253ad3)
2025-09-18T06:30:59.1083988+03:00 0HNFMCF2VEECV:00000021 [INF] Request finished "HTTP/2" "GET" "https"://"localhost:7287""""/sneat-1.0.0/assets/vendor/libs/apex-charts/apexcharts.js""" - 304 null "text/javascript" 143.0362ms (74253ad3)
2025-09-18T06:30:59.1539932+03:00 0HNFMCF2VEECV:00000023 [INF] Executing endpoint '"Microsoft.AspNetCore.Routing.RouteEndpoint"' (500cc934)
2025-09-18T06:30:59.1539926+03:00 0HNFMCF2VEECV:00000025 [INF] Executing endpoint '"Microsoft.AspNetCore.Routing.RouteEndpoint"' (500cc934)
2025-09-18T06:30:59.1546118+03:00 0HNFMCF2VEECV:00000025 [INF] The file "sneat-1.0.0/assets/js/dashboards-analytics.js" was not modified (f1f8d725)
2025-09-18T06:30:59.1546342+03:00 0HNFMCF2VEECV:00000023 [INF] The file "sneat-1.0.0/assets/js/main.js" was not modified (f1f8d725)
2025-09-18T06:30:59.1547530+03:00 0HNFMCF2VEECV:00000023 [INF] Executed endpoint '"Microsoft.AspNetCore.Routing.RouteEndpoint"' (99874f2b)
2025-09-18T06:30:59.1547642+03:00 0HNFMCF2VEECV:00000025 [INF] Executed endpoint '"Microsoft.AspNetCore.Routing.RouteEndpoint"' (99874f2b)
2025-09-18T06:30:59.1549898+03:00 0HNFMCF2VEECV:00000025 [INF] Request finished "HTTP/2" "GET" "https"://"localhost:7287""""/sneat-1.0.0/assets/js/dashboards-analytics.js""" - 304 null "text/javascript" 188.2492ms (74253ad3)
2025-09-18T06:30:59.1549754+03:00 0HNFMCF2VEECV:00000023 [INF] Request finished "HTTP/2" "GET" "https"://"localhost:7287""""/sneat-1.0.0/assets/js/main.js""" - 304 null "text/javascript" 188.2026ms (74253ad3)
2025-09-18T06:31:00.0605251+03:00 0HNFMCF2VEECV:00000029 [INF] Request starting "HTTP/2" "GET" "https"://"localhost:7287""""/sneat-1.0.0/assets/vendor/fonts/boxicons/boxicons.woff2""" - null null (d509f86a)
2025-09-18T06:31:00.0704933+03:00 0HNFMCF2VEECV:00000029 [INF] Executing endpoint '"Microsoft.AspNetCore.Routing.RouteEndpoint"' (500cc934)
2025-09-18T06:31:00.0715132+03:00 0HNFMCF2VEECV:00000029 [INF] The file "sneat-1.0.0/assets/vendor/fonts/boxicons/boxicons.woff2" was not modified (f1f8d725)
2025-09-18T06:31:00.0716554+03:00 0HNFMCF2VEECV:00000029 [INF] Executed endpoint '"Microsoft.AspNetCore.Routing.RouteEndpoint"' (99874f2b)
2025-09-18T06:31:00.0723805+03:00 0HNFMCF2VEECV:00000029 [INF] Request finished "HTTP/2" "GET" "https"://"localhost:7287""""/sneat-1.0.0/assets/vendor/fonts/boxicons/boxicons.woff2""" - 304 null "font/woff2" 11.8191ms (74253ad3)
2025-09-18T06:31:03.5464541+03:00 0HNFMCF2VEECV:0000002B [INF] Request starting "HTTP/2" "GET" "https"://"localhost:7287""""/Excel/ExcelDestination""" - null null (d509f86a)
2025-09-18T06:31:03.5577481+03:00 0HNFMCF2VEECV:0000002B [INF] Executing endpoint '"Traversal_Rezervasyon.Controllers.ExcelController.ExcelDestination (Traversal Rezervasyon)"' (500cc934)
2025-09-18T06:31:03.5618800+03:00 0HNFMCF2VEECV:0000002B [INF] Route matched with "{action = \"ExcelDestination\", controller = \"Excel\", area = \"\"}". Executing controller action with signature "Microsoft.AspNetCore.Mvc.IActionResult ExcelDestination()" on controller "Traversal_Rezervasyon.Controllers.ExcelController" ("Traversal Rezervasyon"). (122b2fdf)
2025-09-18T06:31:06.7132325+03:00 0HNFMCF2VEECV:0000002B [INF] Executing "FileContentResult", sending file with download name '"31a4ef88-f06e-42ac-a43a-94d3ba7d6e17.xlsx"' ... (3ade02d2)
2025-09-18T06:31:06.7242856+03:00 0HNFMCF2VEECV:0000002B [INF] Executed action "Traversal_Rezervasyon.Controllers.ExcelController.ExcelDestination (Traversal Rezervasyon)" in 3162.24ms (afa2e885)
2025-09-18T06:31:06.7244255+03:00 0HNFMCF2VEECV:0000002B [INF] Executed endpoint '"Traversal_Rezervasyon.Controllers.ExcelController.ExcelDestination (Traversal Rezervasyon)"' (99874f2b)
2025-09-18T06:31:06.7248058+03:00 0HNFMCF2VEECV:0000002B [INF] Request finished "HTTP/2" "GET" "https"://"localhost:7287""""/Excel/ExcelDestination""" - 200 6906 "application/vnd.openxmlformats-officedocument.spreadsheethml.sheet" 3178.3749ms (74253ad3)
