2025-09-16T01:59:33.4420799+03:00  [INF] User profile is available. Using '"C:\Users\Lenovo\AppData\Local\ASP.NET\DataProtection-Keys"' as key repository and Windows DPAPI to encrypt keys at rest. (7ac5e29c)
2025-09-16T01:59:34.7786737+03:00  [INF] Now listening on: "https://localhost:7287" (d826f4b8)
2025-09-16T01:59:34.7808905+03:00  [INF] Now listening on: "http://localhost:5151" (d826f4b8)
2025-09-16T01:59:34.8247768+03:00  [INF] Application started. Press Ctrl+C to shut down. (dcaefe54)
2025-09-16T01:59:34.8273807+03:00  [INF] Hosting environment: "Development" (bc5a1a4e)
2025-09-16T01:59:34.8297792+03:00  [INF] Content root path: "C:\Users\Lenovo\OneDrive\Masaüstü\Yazılım\C# Programlama\Traversal Rezervasyon\Traversal Rezervasyon" (cc26f24e)
2025-09-16T01:59:35.8421353+03:00 0HNFKLE52C0UP:00000001 [INF] Request starting "HTTP/2" "GET" "https"://"localhost:7287""""/""" - null null (d509f86a)
2025-09-16T01:59:36.9219590+03:00 0HNFKLE52C0UP:00000001 [INF] Executing endpoint '"Traversal_Rezervasyon.Controllers.HomeController.Index (Traversal Rezervasyon)"' (500cc934)
2025-09-16T01:59:36.9456433+03:00 0HNFKLE52C0UP:00000001 [INF] Route matched with "{action = \"Index\", controller = \"Home\", area = \"\"}". Executing controller action with signature "Microsoft.AspNetCore.Mvc.IActionResult Index()" on controller "Traversal_Rezervasyon.Controllers.HomeController" ("Traversal Rezervasyon"). (122b2fdf)
2025-09-16T01:59:36.9678610+03:00 0HNFKLE52C0UP:00000001 [INF] Executing ViewResult, running view "Index". (c83d0e25)
2025-09-16T01:59:37.0732094+03:00 0HNFKLE52C0UP:00000001 [INF] Executed ViewResult - view "Index" executed in 105.7212ms. (f66409e9)
2025-09-16T01:59:37.0749585+03:00 0HNFKLE52C0UP:00000001 [INF] Executed action "Traversal_Rezervasyon.Controllers.HomeController.Index (Traversal Rezervasyon)" in 127.4613ms (afa2e885)
2025-09-16T01:59:37.0751530+03:00 0HNFKLE52C0UP:00000001 [INF] Executed endpoint '"Traversal_Rezervasyon.Controllers.HomeController.Index (Traversal Rezervasyon)"' (99874f2b)
2025-09-16T01:59:37.0825181+03:00 0HNFKLE52C0UP:00000001 [INF] Request finished "HTTP/2" "GET" "https"://"localhost:7287""""/""" - 200 null "text/html; charset=utf-8" 1254.0954ms (74253ad3)
2025-09-16T01:59:37.1842563+03:00 0HNFKLE52C0UP:00000007 [INF] Request starting "HTTP/2" "GET" "https"://"localhost:7287""""/Traversal_Rezervasyon.styles.css""" - null null (d509f86a)
2025-09-16T01:59:37.1842562+03:00 0HNFKLE52C0UP:00000005 [INF] Request starting "HTTP/2" "GET" "https"://"localhost:7287""""/css/site.css""?v=j6fhJSuuyLpOSLuPJU0TsDV0iNjor5S3rDnvxJrt4bg" - null null (d509f86a)
2025-09-16T01:59:37.1842774+03:00 0HNFKLE52C0UP:00000003 [INF] Request starting "HTTP/2" "GET" "https"://"localhost:7287""""/lib/bootstrap/dist/css/bootstrap.min.css""" - null null (d509f86a)
2025-09-16T01:59:37.1842965+03:00 0HNFKLE52C0UP:00000009 [INF] Request starting "HTTP/2" "GET" "https"://"localhost:7287""""/lib/jquery/dist/jquery.min.js""" - null null (d509f86a)
2025-09-16T01:59:37.1842965+03:00 0HNFKLE52C0UP:0000000B [INF] Request starting "HTTP/2" "GET" "https"://"localhost:7287""""/lib/bootstrap/dist/js/bootstrap.bundle.min.js""" - null null (d509f86a)
2025-09-16T01:59:37.1933006+03:00 0HNFKLE52C0UP:0000000D [INF] Request starting "HTTP/2" "GET" "https"://"localhost:7287""""/js/site.js""?v=hRQyftXiu1lLX2P9Ly9xa4gHJgLeR1uGN5qegUobtGo" - null null (d509f86a)
2025-09-16T01:59:37.1952665+03:00 0HNFKLE52C0UP:0000000F [INF] Request starting "HTTP/2" "GET" "https"://"localhost:7287""""/_framework/aspnetcore-browser-refresh.js""" - null null (d509f86a)
2025-09-16T01:59:37.2602944+03:00 0HNFKLE52C0UP:00000011 [INF] Request starting "HTTP/2" "GET" "https"://"localhost:7287""""/_vs/browserLink""" - null null (d509f86a)
2025-09-16T01:59:37.3901639+03:00 0HNFKLE52C0UP:0000000B [INF] Executing endpoint '"Microsoft.AspNetCore.Routing.RouteEndpoint"' (500cc934)
2025-09-16T01:59:37.3901496+03:00 0HNFKLE52C0UP:00000003 [INF] Executing endpoint '"Microsoft.AspNetCore.Routing.RouteEndpoint"' (500cc934)
2025-09-16T01:59:37.3901506+03:00 0HNFKLE52C0UP:00000005 [INF] Executing endpoint '"Microsoft.AspNetCore.Routing.RouteEndpoint"' (500cc934)
2025-09-16T01:59:37.3901496+03:00 0HNFKLE52C0UP:00000009 [INF] Executing endpoint '"Microsoft.AspNetCore.Routing.RouteEndpoint"' (500cc934)
2025-09-16T01:59:37.3902668+03:00 0HNFKLE52C0UP:0000000D [INF] Executing endpoint '"Microsoft.AspNetCore.Routing.RouteEndpoint"' (500cc934)
2025-09-16T01:59:37.4452922+03:00 0HNFKLE52C0UP:0000000F [INF] Request finished "HTTP/2" "GET" "https"://"localhost:7287""""/_framework/aspnetcore-browser-refresh.js""" - 200 16527 "application/javascript; charset=utf-8" 251.2578ms (74253ad3)
2025-09-16T01:59:37.4622112+03:00 0HNFKLE52C0UP:0000000D [INF] Sending file. Request path: '"js/site.js"'. Physical path: '"C:\Users\Lenovo\OneDrive\Masaüstü\Yazılım\C# Programlama\Traversal Rezervasyon\Traversal Rezervasyon\obj\Debug\net9.0\compressed\ikhaimwcuc-xtxxf3hu2r.gz"' (27b0a520)
2025-09-16T01:59:37.4622493+03:00 0HNFKLE52C0UP:00000005 [INF] Sending file. Request path: '"css/site.css"'. Physical path: '"C:\Users\Lenovo\OneDrive\Masaüstü\Yazılım\C# Programlama\Traversal Rezervasyon\Traversal Rezervasyon\obj\Debug\net9.0\compressed\1j2tkuaaid-b9sayid5wm.gz"' (27b0a520)
2025-09-16T01:59:37.4623536+03:00 0HNFKLE52C0UP:0000000D [INF] Executed endpoint '"Microsoft.AspNetCore.Routing.RouteEndpoint"' (99874f2b)
2025-09-16T01:59:37.4623531+03:00 0HNFKLE52C0UP:00000005 [INF] Executed endpoint '"Microsoft.AspNetCore.Routing.RouteEndpoint"' (99874f2b)
2025-09-16T01:59:37.4627245+03:00 0HNFKLE52C0UP:00000005 [INF] Request finished "HTTP/2" "GET" "https"://"localhost:7287""""/css/site.css""?v=j6fhJSuuyLpOSLuPJU0TsDV0iNjor5S3rDnvxJrt4bg" - 200 700 "text/css" 278.4683ms (74253ad3)
2025-09-16T01:59:37.4627246+03:00 0HNFKLE52C0UP:0000000D [INF] Request finished "HTTP/2" "GET" "https"://"localhost:7287""""/js/site.js""?v=hRQyftXiu1lLX2P9Ly9xa4gHJgLeR1uGN5qegUobtGo" - 200 264 "text/javascript" 269.4974ms (74253ad3)
2025-09-16T01:59:37.4636860+03:00 0HNFKLE52C0UP:0000000B [INF] Sending file. Request path: '"lib/bootstrap/dist/js/bootstrap.bundle.min.js"'. Physical path: '"C:\Users\Lenovo\OneDrive\Masaüstü\Yazılım\C# Programlama\Traversal Rezervasyon\Traversal Rezervasyon\obj\Debug\net9.0\compressed\38c8aoxedi-493y06b0oq.gz"' (27b0a520)
2025-09-16T01:59:37.4636860+03:00 0HNFKLE52C0UP:00000009 [INF] Sending file. Request path: '"lib/jquery/dist/jquery.min.js"'. Physical path: '"C:\Users\Lenovo\OneDrive\Masaüstü\Yazılım\C# Programlama\Traversal Rezervasyon\Traversal Rezervasyon\obj\Debug\net9.0\compressed\t8l659zpka-o1o13a6vjx.gz"' (27b0a520)
2025-09-16T01:59:37.4667839+03:00 0HNFKLE52C0UP:0000000B [INF] Executed endpoint '"Microsoft.AspNetCore.Routing.RouteEndpoint"' (99874f2b)
2025-09-16T01:59:37.4667835+03:00 0HNFKLE52C0UP:00000009 [INF] Executed endpoint '"Microsoft.AspNetCore.Routing.RouteEndpoint"' (99874f2b)
2025-09-16T01:59:37.4741750+03:00 0HNFKLE52C0UP:00000003 [INF] Sending file. Request path: '"lib/bootstrap/dist/css/bootstrap.min.css"'. Physical path: '"C:\Users\Lenovo\OneDrive\Masaüstü\Yazılım\C# Programlama\Traversal Rezervasyon\Traversal Rezervasyon\obj\Debug\net9.0\compressed\ea6plabail-46ein0sx1k.gz"' (27b0a520)
2025-09-16T01:59:37.4745965+03:00 0HNFKLE52C0UP:00000003 [INF] Executed endpoint '"Microsoft.AspNetCore.Routing.RouteEndpoint"' (99874f2b)
2025-09-16T01:59:37.4761106+03:00 0HNFKLE52C0UP:00000003 [INF] Request finished "HTTP/2" "GET" "https"://"localhost:7287""""/lib/bootstrap/dist/css/bootstrap.min.css""" - 200 232871 "text/css" 291.9751ms (74253ad3)
2025-09-16T01:59:37.4761099+03:00 0HNFKLE52C0UP:00000009 [INF] Request finished "HTTP/2" "GET" "https"://"localhost:7287""""/lib/jquery/dist/jquery.min.js""" - 200 87576 "text/javascript" 291.8469ms (74253ad3)
2025-09-16T01:59:37.4761180+03:00 0HNFKLE52C0UP:0000000B [INF] Request finished "HTTP/2" "GET" "https"://"localhost:7287""""/lib/bootstrap/dist/js/bootstrap.bundle.min.js""" - 200 80764 "text/javascript" 291.7922ms (74253ad3)
2025-09-16T01:59:37.4878413+03:00 0HNFKLE52C0UP:00000011 [INF] Request finished "HTTP/2" "GET" "https"://"localhost:7287""""/_vs/browserLink""" - 200 null "text/javascript; charset=UTF-8" 227.8041ms (74253ad3)
2025-09-16T01:59:37.6726946+03:00 0HNFKLE52C0UP:00000007 [INF] Executing endpoint '"Traversal_Rezervasyon.Areas.Admin.Controllers._404PagesController.Index (Traversal Rezervasyon)"' (500cc934)
2025-09-16T01:59:37.6753744+03:00 0HNFKLE52C0UP:00000007 [INF] Route matched with "{area = \"Admin\", action = \"Index\", controller = \"_404Pages\"}". Executing controller action with signature "Microsoft.AspNetCore.Mvc.IActionResult Index()" on controller "Traversal_Rezervasyon.Areas.Admin.Controllers._404PagesController" ("Traversal Rezervasyon"). (122b2fdf)
2025-09-16T01:59:37.7090016+03:00 0HNFKLE52C0UP:00000007 [INF] Executing ViewResult, running view "Index". (c83d0e25)
2025-09-16T01:59:37.7226021+03:00 0HNFKLE52C0UP:00000007 [INF] Executed ViewResult - view "Index" executed in 40.1551ms. (f66409e9)
2025-09-16T01:59:37.7229709+03:00 0HNFKLE52C0UP:00000007 [INF] Executed action "Traversal_Rezervasyon.Areas.Admin.Controllers._404PagesController.Index (Traversal Rezervasyon)" in 47.4358ms (afa2e885)
2025-09-16T01:59:37.7230317+03:00 0HNFKLE52C0UP:00000007 [INF] Executed endpoint '"Traversal_Rezervasyon.Areas.Admin.Controllers._404PagesController.Index (Traversal Rezervasyon)"' (99874f2b)
2025-09-16T01:59:37.7239072+03:00 0HNFKLE52C0UP:00000007 [INF] Request finished "HTTP/2" "GET" "https"://"localhost:7287""""/Traversal_Rezervasyon.styles.css""" - 404 null "text/html; charset=utf-8" 539.6618ms (74253ad3)
2025-09-16T01:59:37.7247254+03:00 0HNFKLE52C0UP:00000007 [INF] Request reached the end of the middleware pipeline without being handled by application code. Request path: "GET" "https"://"localhost:7287""""/Traversal_Rezervasyon.styles.css", Response status code: 404 (e353595a)
2025-09-16T02:00:02.1464977+03:00 0HNFKLE52C0UP:00000013 [INF] Request starting "HTTP/2" "GET" "https"://"localhost:7287""""/Admin/Guide/Index""" - null null (d509f86a)
2025-09-16T02:00:02.2071532+03:00 0HNFKLE52C0UP:00000013 [INF] Executing endpoint '"Traversal_Rezervasyon.Areas.Admin.Controllers.GuideController.Index (Traversal Rezervasyon)"' (500cc934)
2025-09-16T02:00:02.2094416+03:00 0HNFKLE52C0UP:00000013 [INF] Route matched with "{area = \"Admin\", action = \"Index\", controller = \"Guide\"}". Executing controller action with signature "Microsoft.AspNetCore.Mvc.IActionResult Index()" on controller "Traversal_Rezervasyon.Areas.Admin.Controllers.GuideController" ("Traversal Rezervasyon"). (122b2fdf)
2025-09-16T02:00:02.2155253+03:00 0HNFKLE52C0UP:00000013 [INF] Index Sayfasına Yönlendirildi (ee529489)
2025-09-16T02:00:04.2679822+03:00 0HNFKLE52C0UP:00000013 [INF] Executing ViewResult, running view "Index". (c83d0e25)
2025-09-16T02:00:04.3806875+03:00 0HNFKLE52C0UP:00000013 [INF] Executed ViewResult - view "Index" executed in 113.4024ms. (f66409e9)
2025-09-16T02:00:04.3824858+03:00 0HNFKLE52C0UP:00000013 [INF] Executed action "Traversal_Rezervasyon.Areas.Admin.Controllers.GuideController.Index (Traversal Rezervasyon)" in 2172.8961ms (afa2e885)
2025-09-16T02:00:04.3825576+03:00 0HNFKLE52C0UP:00000013 [INF] Executed endpoint '"Traversal_Rezervasyon.Areas.Admin.Controllers.GuideController.Index (Traversal Rezervasyon)"' (99874f2b)
2025-09-16T02:00:04.3828160+03:00 0HNFKLE52C0UP:00000013 [INF] Request finished "HTTP/2" "GET" "https"://"localhost:7287""""/Admin/Guide/Index""" - 200 null "text/html; charset=utf-8" 2236.6531ms (74253ad3)
2025-09-16T02:00:04.4274506+03:00 0HNFKLE52C0UP:00000015 [INF] Request starting "HTTP/2" "GET" "https"://"localhost:7287""""/sneat-1.0.0/assets/vendor/fonts/boxicons.css""" - null null (d509f86a)
2025-09-16T02:00:04.4297133+03:00 0HNFKLE52C0UP:00000015 [INF] Executing endpoint '"Microsoft.AspNetCore.Routing.RouteEndpoint"' (500cc934)
2025-09-16T02:00:04.4299625+03:00 0HNFKLE52C0UP:00000017 [INF] Request starting "HTTP/2" "GET" "https"://"localhost:7287""""/sneat-1.0.0/assets/vendor/css/core.css""" - null null (d509f86a)
2025-09-16T02:00:04.4307881+03:00 0HNFKLE52C0UP:00000015 [INF] The file "sneat-1.0.0/assets/vendor/fonts/boxicons.css" was not modified (f1f8d725)
2025-09-16T02:00:04.4310360+03:00 0HNFKLE52C0UP:00000015 [INF] Executed endpoint '"Microsoft.AspNetCore.Routing.RouteEndpoint"' (99874f2b)
2025-09-16T02:00:04.4318964+03:00 0HNFKLE52C0UP:00000015 [INF] Request finished "HTTP/2" "GET" "https"://"localhost:7287""""/sneat-1.0.0/assets/vendor/fonts/boxicons.css""" - 304 null "text/css" 4.1681ms (74253ad3)
2025-09-16T02:00:04.4333180+03:00 0HNFKLE52C0UP:00000017 [INF] Executing endpoint '"Microsoft.AspNetCore.Routing.RouteEndpoint"' (500cc934)
2025-09-16T02:00:04.4350160+03:00 0HNFKLE52C0UP:00000017 [INF] The file "sneat-1.0.0/assets/vendor/css/core.css" was not modified (f1f8d725)
2025-09-16T02:00:04.4351609+03:00 0HNFKLE52C0UP:00000017 [INF] Executed endpoint '"Microsoft.AspNetCore.Routing.RouteEndpoint"' (99874f2b)
2025-09-16T02:00:04.4354528+03:00 0HNFKLE52C0UP:00000017 [INF] Request finished "HTTP/2" "GET" "https"://"localhost:7287""""/sneat-1.0.0/assets/vendor/css/core.css""" - 304 null "text/css" 5.5492ms (74253ad3)
2025-09-16T02:00:04.4971803+03:00 0HNFKLE52C0UP:0000001B [INF] Request starting "HTTP/2" "GET" "https"://"localhost:7287""""/sneat-1.0.0/assets/css/demo.css""" - null null (d509f86a)
2025-09-16T02:00:04.4971798+03:00 0HNFKLE52C0UP:00000019 [INF] Request starting "HTTP/2" "GET" "https"://"localhost:7287""""/sneat-1.0.0/assets/vendor/css/theme-default.css""" - null null (d509f86a)
2025-09-16T02:00:04.4973154+03:00 0HNFKLE52C0UP:0000001F [INF] Request starting "HTTP/2" "GET" "https"://"localhost:7287""""/sneat-1.0.0/assets/vendor/libs/apex-charts/apex-charts.css""" - null null (d509f86a)
2025-09-16T02:00:04.4973419+03:00 0HNFKLE52C0UP:0000001D [INF] Request starting "HTTP/2" "GET" "https"://"localhost:7287""""/sneat-1.0.0/assets/vendor/libs/perfect-scrollbar/perfect-scrollbar.css""" - null null (d509f86a)
2025-09-16T02:00:04.4978807+03:00 0HNFKLE52C0UP:00000021 [INF] Request starting "HTTP/2" "GET" "https"://"localhost:7287""""/sneat-1.0.0/assets/vendor/js/helpers.js""" - null null (d509f86a)
2025-09-16T02:00:04.5052035+03:00 0HNFKLE52C0UP:00000023 [INF] Request starting "HTTP/2" "GET" "https"://"localhost:7287""""/sneat-1.0.0/assets/js/config.js""" - null null (d509f86a)
2025-09-16T02:00:04.5059500+03:00 0HNFKLE52C0UP:00000025 [INF] Request starting "HTTP/2" "GET" "https"://"localhost:7287""""/sneat-1.0.0/assets/img/avatars/1.png""" - null null (d509f86a)
2025-09-16T02:00:04.5141324+03:00 0HNFKLE52C0UP:00000027 [INF] Request starting "HTTP/2" "GET" "https"://"localhost:7287""""/sneat-1.0.0/assets/vendor/libs/jquery/jquery.js""" - null null (d509f86a)
2025-09-16T02:00:04.6522637+03:00 0HNFKLE52C0UP:00000023 [INF] Executing endpoint '"Microsoft.AspNetCore.Routing.RouteEndpoint"' (500cc934)
2025-09-16T02:00:04.6522649+03:00 0HNFKLE52C0UP:00000025 [INF] Executing endpoint '"Microsoft.AspNetCore.Routing.RouteEndpoint"' (500cc934)
2025-09-16T02:00:04.6529597+03:00 0HNFKLE52C0UP:00000025 [INF] The file "sneat-1.0.0/assets/img/avatars/1.png" was not modified (f1f8d725)
2025-09-16T02:00:04.6529611+03:00 0HNFKLE52C0UP:00000023 [INF] The file "sneat-1.0.0/assets/js/config.js" was not modified (f1f8d725)
2025-09-16T02:00:04.6530046+03:00 0HNFKLE52C0UP:0000001B [INF] Executing endpoint '"Microsoft.AspNetCore.Routing.RouteEndpoint"' (500cc934)
2025-09-16T02:00:04.6530933+03:00 0HNFKLE52C0UP:00000023 [INF] Executed endpoint '"Microsoft.AspNetCore.Routing.RouteEndpoint"' (99874f2b)
2025-09-16T02:00:04.6530913+03:00 0HNFKLE52C0UP:00000025 [INF] Executed endpoint '"Microsoft.AspNetCore.Routing.RouteEndpoint"' (99874f2b)
2025-09-16T02:00:04.6533094+03:00 0HNFKLE52C0UP:0000001B [INF] The file "sneat-1.0.0/assets/css/demo.css" was not modified (f1f8d725)
2025-09-16T02:00:04.6533266+03:00 0HNFKLE52C0UP:00000023 [INF] Request finished "HTTP/2" "GET" "https"://"localhost:7287""""/sneat-1.0.0/assets/js/config.js""" - 304 null "text/javascript" 150.067ms (74253ad3)
2025-09-16T02:00:04.6533668+03:00 0HNFKLE52C0UP:00000025 [INF] Request finished "HTTP/2" "GET" "https"://"localhost:7287""""/sneat-1.0.0/assets/img/avatars/1.png""" - 304 null "image/png" 147.3782ms (74253ad3)
2025-09-16T02:00:04.6534038+03:00 0HNFKLE52C0UP:0000001B [INF] Executed endpoint '"Microsoft.AspNetCore.Routing.RouteEndpoint"' (99874f2b)
2025-09-16T02:00:04.6534098+03:00 0HNFKLE52C0UP:00000027 [INF] Executing endpoint '"Microsoft.AspNetCore.Routing.RouteEndpoint"' (500cc934)
2025-09-16T02:00:04.6534098+03:00 0HNFKLE52C0UP:0000001F [INF] Executing endpoint '"Microsoft.AspNetCore.Routing.RouteEndpoint"' (500cc934)
2025-09-16T02:00:04.6534444+03:00 0HNFKLE52C0UP:0000001D [INF] Executing endpoint '"Microsoft.AspNetCore.Routing.RouteEndpoint"' (500cc934)
2025-09-16T02:00:04.6537101+03:00 0HNFKLE52C0UP:00000021 [INF] Executing endpoint '"Microsoft.AspNetCore.Routing.RouteEndpoint"' (500cc934)
2025-09-16T02:00:04.6537665+03:00 0HNFKLE52C0UP:0000001B [INF] Request finished "HTTP/2" "GET" "https"://"localhost:7287""""/sneat-1.0.0/assets/css/demo.css""" - 304 null "text/css" 156.4622ms (74253ad3)
2025-09-16T02:00:04.6571103+03:00 0HNFKLE52C0UP:0000001F [INF] The file "sneat-1.0.0/assets/vendor/libs/apex-charts/apex-charts.css" was not modified (f1f8d725)
2025-09-16T02:00:04.6571103+03:00 0HNFKLE52C0UP:00000021 [INF] The file "sneat-1.0.0/assets/vendor/js/helpers.js" was not modified (f1f8d725)
2025-09-16T02:00:04.6571320+03:00 0HNFKLE52C0UP:00000027 [INF] The file "sneat-1.0.0/assets/vendor/libs/jquery/jquery.js" was not modified (f1f8d725)
2025-09-16T02:00:04.6571104+03:00 0HNFKLE52C0UP:0000001D [INF] The file "sneat-1.0.0/assets/vendor/libs/perfect-scrollbar/perfect-scrollbar.css" was not modified (f1f8d725)
2025-09-16T02:00:04.6572637+03:00 0HNFKLE52C0UP:00000021 [INF] Executed endpoint '"Microsoft.AspNetCore.Routing.RouteEndpoint"' (99874f2b)
2025-09-16T02:00:04.6572638+03:00 0HNFKLE52C0UP:0000001F [INF] Executed endpoint '"Microsoft.AspNetCore.Routing.RouteEndpoint"' (99874f2b)
2025-09-16T02:00:04.6573048+03:00 0HNFKLE52C0UP:00000027 [INF] Executed endpoint '"Microsoft.AspNetCore.Routing.RouteEndpoint"' (99874f2b)
2025-09-16T02:00:04.6573212+03:00 0HNFKLE52C0UP:0000001D [INF] Executed endpoint '"Microsoft.AspNetCore.Routing.RouteEndpoint"' (99874f2b)
2025-09-16T02:00:04.6606756+03:00 0HNFKLE52C0UP:0000001D [INF] Request finished "HTTP/2" "GET" "https"://"localhost:7287""""/sneat-1.0.0/assets/vendor/libs/perfect-scrollbar/perfect-scrollbar.css""" - 304 null "text/css" 163.3541ms (74253ad3)
2025-09-16T02:00:04.6606968+03:00 0HNFKLE52C0UP:00000027 [INF] Request finished "HTTP/2" "GET" "https"://"localhost:7287""""/sneat-1.0.0/assets/vendor/libs/jquery/jquery.js""" - 304 null "text/javascript" 146.53ms (74253ad3)
2025-09-16T02:00:04.6607230+03:00 0HNFKLE52C0UP:00000021 [INF] Request finished "HTTP/2" "GET" "https"://"localhost:7287""""/sneat-1.0.0/assets/vendor/js/helpers.js""" - 304 null "text/javascript" 163.0653ms (74253ad3)
2025-09-16T02:00:04.6606966+03:00 0HNFKLE52C0UP:0000001F [INF] Request finished "HTTP/2" "GET" "https"://"localhost:7287""""/sneat-1.0.0/assets/vendor/libs/apex-charts/apex-charts.css""" - 304 null "text/css" 163.2535ms (74253ad3)
2025-09-16T02:00:04.6618644+03:00 0HNFKLE52C0UP:00000019 [INF] Executing endpoint '"Microsoft.AspNetCore.Routing.RouteEndpoint"' (500cc934)
2025-09-16T02:00:04.6622575+03:00 0HNFKLE52C0UP:00000019 [INF] The file "sneat-1.0.0/assets/vendor/css/theme-default.css" was not modified (f1f8d725)
2025-09-16T02:00:04.6623594+03:00 0HNFKLE52C0UP:00000019 [INF] Executed endpoint '"Microsoft.AspNetCore.Routing.RouteEndpoint"' (99874f2b)
2025-09-16T02:00:04.6625589+03:00 0HNFKLE52C0UP:00000019 [INF] Request finished "HTTP/2" "GET" "https"://"localhost:7287""""/sneat-1.0.0/assets/vendor/css/theme-default.css""" - 304 null "text/css" 165.5607ms (74253ad3)
2025-09-16T02:00:04.6760906+03:00 0HNFKLE52C0UP:00000029 [INF] Request starting "HTTP/2" "GET" "https"://"localhost:7287""""/sneat-1.0.0/assets/vendor/libs/popper/popper.js""" - null null (d509f86a)
2025-09-16T02:00:04.6794400+03:00 0HNFKLE52C0UP:00000029 [INF] Executing endpoint '"Microsoft.AspNetCore.Routing.RouteEndpoint"' (500cc934)
2025-09-16T02:00:04.6799950+03:00 0HNFKLE52C0UP:00000029 [INF] The file "sneat-1.0.0/assets/vendor/libs/popper/popper.js" was not modified (f1f8d725)
2025-09-16T02:00:04.6802878+03:00 0HNFKLE52C0UP:00000029 [INF] Executed endpoint '"Microsoft.AspNetCore.Routing.RouteEndpoint"' (99874f2b)
2025-09-16T02:00:04.6807285+03:00 0HNFKLE52C0UP:00000029 [INF] Request finished "HTTP/2" "GET" "https"://"localhost:7287""""/sneat-1.0.0/assets/vendor/libs/popper/popper.js""" - 304 null "text/javascript" 4.6153ms (74253ad3)
2025-09-16T02:00:04.6998084+03:00 0HNFKLE52C0UP:0000002B [INF] Request starting "HTTP/2" "GET" "https"://"localhost:7287""""/sneat-1.0.0/assets/vendor/js/bootstrap.js""" - null null (d509f86a)
2025-09-16T02:00:04.7013330+03:00 0HNFKLE52C0UP:0000002D [INF] Request starting "HTTP/2" "GET" "https"://"localhost:7287""""/sneat-1.0.0/assets/vendor/libs/perfect-scrollbar/perfect-scrollbar.js""" - null null (d509f86a)
2025-09-16T02:00:04.7047028+03:00 0HNFKLE52C0UP:0000002B [INF] Executing endpoint '"Microsoft.AspNetCore.Routing.RouteEndpoint"' (500cc934)
2025-09-16T02:00:04.7051310+03:00 0HNFKLE52C0UP:0000002B [INF] The file "sneat-1.0.0/assets/vendor/js/bootstrap.js" was not modified (f1f8d725)
2025-09-16T02:00:04.7052327+03:00 0HNFKLE52C0UP:0000002B [INF] Executed endpoint '"Microsoft.AspNetCore.Routing.RouteEndpoint"' (99874f2b)
2025-09-16T02:00:04.7054537+03:00 0HNFKLE52C0UP:0000002B [INF] Request finished "HTTP/2" "GET" "https"://"localhost:7287""""/sneat-1.0.0/assets/vendor/js/bootstrap.js""" - 304 null "text/javascript" 5.685ms (74253ad3)
2025-09-16T02:00:04.7058224+03:00 0HNFKLE52C0UP:0000002D [INF] Executing endpoint '"Microsoft.AspNetCore.Routing.RouteEndpoint"' (500cc934)
2025-09-16T02:00:04.7062793+03:00 0HNFKLE52C0UP:0000002D [INF] The file "sneat-1.0.0/assets/vendor/libs/perfect-scrollbar/perfect-scrollbar.js" was not modified (f1f8d725)
2025-09-16T02:00:04.7063802+03:00 0HNFKLE52C0UP:0000002D [INF] Executed endpoint '"Microsoft.AspNetCore.Routing.RouteEndpoint"' (99874f2b)
2025-09-16T02:00:04.7064490+03:00 0HNFKLE52C0UP:00000031 [INF] Request starting "HTTP/2" "GET" "https"://"localhost:7287""""/_framework/aspnetcore-browser-refresh.js""" - null null (d509f86a)
2025-09-16T02:00:04.7064512+03:00 0HNFKLE52C0UP:0000002F [INF] Request starting "HTTP/2" "GET" "https"://"localhost:7287""""/sneat-1.0.0/assets/vendor/js/menu.js""" - null null (d509f86a)
2025-09-16T02:00:04.7065677+03:00 0HNFKLE52C0UP:0000002D [INF] Request finished "HTTP/2" "GET" "https"://"localhost:7287""""/sneat-1.0.0/assets/vendor/libs/perfect-scrollbar/perfect-scrollbar.js""" - 304 null "text/javascript" 5.3287ms (74253ad3)
2025-09-16T02:00:04.7070853+03:00 0HNFKLE52C0UP:00000031 [INF] Request finished "HTTP/2" "GET" "https"://"localhost:7287""""/_framework/aspnetcore-browser-refresh.js""" - 200 16527 "application/javascript; charset=utf-8" 0.6562ms (74253ad3)
2025-09-16T02:00:04.7074398+03:00 0HNFKLE52C0UP:0000002F [INF] Executing endpoint '"Microsoft.AspNetCore.Routing.RouteEndpoint"' (500cc934)
2025-09-16T02:00:04.7078652+03:00 0HNFKLE52C0UP:0000002F [INF] The file "sneat-1.0.0/assets/vendor/js/menu.js" was not modified (f1f8d725)
2025-09-16T02:00:04.7079909+03:00 0HNFKLE52C0UP:0000002F [INF] Executed endpoint '"Microsoft.AspNetCore.Routing.RouteEndpoint"' (99874f2b)
2025-09-16T02:00:04.7082335+03:00 0HNFKLE52C0UP:0000002F [INF] Request finished "HTTP/2" "GET" "https"://"localhost:7287""""/sneat-1.0.0/assets/vendor/js/menu.js""" - 304 null "text/javascript" 1.8483ms (74253ad3)
2025-09-16T02:00:04.7107743+03:00 0HNFKLE52C0UP:00000033 [INF] Request starting "HTTP/2" "GET" "https"://"localhost:7287""""/sneat-1.0.0/assets/vendor/libs/apex-charts/apexcharts.js""" - null null (d509f86a)
2025-09-16T02:00:04.7107820+03:00 0HNFKLE52C0UP:00000035 [INF] Request starting "HTTP/2" "GET" "https"://"localhost:7287""""/sneat-1.0.0/assets/js/main.js""" - null null (d509f86a)
2025-09-16T02:00:04.7108552+03:00 0HNFKLE52C0UP:00000037 [INF] Request starting "HTTP/2" "GET" "https"://"localhost:7287""""/sneat-1.0.0/assets/js/dashboards-analytics.js""" - null null (d509f86a)
2025-09-16T02:00:04.7110078+03:00 0HNFKLE52C0UP:00000039 [INF] Request starting "HTTP/2" "GET" "https"://"localhost:7287""""/soft-ui-dashboard/assets/img/kal-visuals-square.jpg""" - null null (d509f86a)
2025-09-16T02:00:04.7110770+03:00 0HNFKLE52C0UP:0000003B [INF] Request starting "HTTP/2" "GET" "https"://"localhost:7287""""/soft-ui-dashboard/assets/img/marie.jpg""" - null null (d509f86a)
2025-09-16T02:00:04.7126835+03:00 0HNFKLE52C0UP:0000003D [INF] Request starting "HTTP/2" "GET" "https"://"localhost:7287""""/soft-ui-dashboard/assets/img/team-3.jpg""" - null null (d509f86a)
2025-09-16T02:00:04.7127362+03:00 0HNFKLE52C0UP:00000039 [INF] Executing endpoint '"Microsoft.AspNetCore.Routing.RouteEndpoint"' (500cc934)
2025-09-16T02:00:04.7127363+03:00 0HNFKLE52C0UP:0000003B [INF] Executing endpoint '"Microsoft.AspNetCore.Routing.RouteEndpoint"' (500cc934)
2025-09-16T02:00:04.7127859+03:00 0HNFKLE52C0UP:0000003F [INF] Request starting "HTTP/2" "GET" "https"://"localhost:7287""""/soft-ui-dashboard/assets/img/ivana-square.jpg""" - null null (d509f86a)
2025-09-16T02:00:04.7128699+03:00 0HNFKLE52C0UP:00000041 [INF] Request starting "HTTP/2" "GET" "https"://"localhost:7287""""/_vs/browserLink""" - null null (d509f86a)
2025-09-16T02:00:04.7131973+03:00 0HNFKLE52C0UP:0000003B [INF] The file "soft-ui-dashboard/assets/img/marie.jpg" was not modified (f1f8d725)
2025-09-16T02:00:04.7131973+03:00 0HNFKLE52C0UP:00000039 [INF] The file "soft-ui-dashboard/assets/img/kal-visuals-square.jpg" was not modified (f1f8d725)
2025-09-16T02:00:04.7133348+03:00 0HNFKLE52C0UP:0000003B [INF] Executed endpoint '"Microsoft.AspNetCore.Routing.RouteEndpoint"' (99874f2b)
2025-09-16T02:00:04.7133348+03:00 0HNFKLE52C0UP:00000039 [INF] Executed endpoint '"Microsoft.AspNetCore.Routing.RouteEndpoint"' (99874f2b)
2025-09-16T02:00:04.7135359+03:00 0HNFKLE52C0UP:0000003B [INF] Request finished "HTTP/2" "GET" "https"://"localhost:7287""""/soft-ui-dashboard/assets/img/marie.jpg""" - 304 null "image/jpeg" 2.4766ms (74253ad3)
2025-09-16T02:00:04.7135360+03:00 0HNFKLE52C0UP:00000039 [INF] Request finished "HTTP/2" "GET" "https"://"localhost:7287""""/soft-ui-dashboard/assets/img/kal-visuals-square.jpg""" - 304 null "image/jpeg" 2.545ms (74253ad3)
2025-09-16T02:00:04.7171777+03:00 0HNFKLE52C0UP:00000033 [INF] Executing endpoint '"Microsoft.AspNetCore.Routing.RouteEndpoint"' (500cc934)
2025-09-16T02:00:04.7177581+03:00 0HNFKLE52C0UP:00000033 [INF] The file "sneat-1.0.0/assets/vendor/libs/apex-charts/apexcharts.js" was not modified (f1f8d725)
2025-09-16T02:00:04.7178869+03:00 0HNFKLE52C0UP:00000033 [INF] Executed endpoint '"Microsoft.AspNetCore.Routing.RouteEndpoint"' (99874f2b)
2025-09-16T02:00:04.7180991+03:00 0HNFKLE52C0UP:00000033 [INF] Request finished "HTTP/2" "GET" "https"://"localhost:7287""""/sneat-1.0.0/assets/vendor/libs/apex-charts/apexcharts.js""" - 304 null "text/javascript" 7.368ms (74253ad3)
2025-09-16T02:00:04.7352713+03:00 0HNFKLE52C0UP:00000041 [INF] Request finished "HTTP/2" "GET" "https"://"localhost:7287""""/_vs/browserLink""" - 200 null "text/javascript; charset=UTF-8" 22.4215ms (74253ad3)
2025-09-16T02:00:04.7503436+03:00 0HNFKLE52C0UP:00000043 [INF] Request starting "HTTP/2" "GET" "https"://"localhost:7287""""/sneat-1.0.0/assets/vendor/fonts/boxicons/boxicons.woff2""" - null null (d509f86a)
2025-09-16T02:00:04.7829690+03:00 0HNFKLE52C0UP:00000043 [INF] Executing endpoint '"Microsoft.AspNetCore.Routing.RouteEndpoint"' (500cc934)
2025-09-16T02:00:04.7829689+03:00 0HNFKLE52C0UP:0000003F [INF] Executing endpoint '"Microsoft.AspNetCore.Routing.RouteEndpoint"' (500cc934)
2025-09-16T02:00:04.7829695+03:00 0HNFKLE52C0UP:00000037 [INF] Executing endpoint '"Microsoft.AspNetCore.Routing.RouteEndpoint"' (500cc934)
2025-09-16T02:00:04.7830720+03:00 0HNFKLE52C0UP:0000003D [INF] Executing endpoint '"Microsoft.AspNetCore.Routing.RouteEndpoint"' (500cc934)
2025-09-16T02:00:04.7830721+03:00 0HNFKLE52C0UP:00000035 [INF] Executing endpoint '"Microsoft.AspNetCore.Routing.RouteEndpoint"' (500cc934)
2025-09-16T02:00:04.7833766+03:00 0HNFKLE52C0UP:0000003F [INF] The file "soft-ui-dashboard/assets/img/ivana-square.jpg" was not modified (f1f8d725)
2025-09-16T02:00:04.7833777+03:00 0HNFKLE52C0UP:00000037 [INF] The file "sneat-1.0.0/assets/js/dashboards-analytics.js" was not modified (f1f8d725)
2025-09-16T02:00:04.7834122+03:00 0HNFKLE52C0UP:00000035 [INF] The file "sneat-1.0.0/assets/js/main.js" was not modified (f1f8d725)
2025-09-16T02:00:04.7834238+03:00 0HNFKLE52C0UP:0000003D [INF] The file "soft-ui-dashboard/assets/img/team-3.jpg" was not modified (f1f8d725)
2025-09-16T02:00:04.7834263+03:00 0HNFKLE52C0UP:00000043 [INF] The file "sneat-1.0.0/assets/vendor/fonts/boxicons/boxicons.woff2" was not modified (f1f8d725)
2025-09-16T02:00:04.7834404+03:00 0HNFKLE52C0UP:0000003F [INF] Executed endpoint '"Microsoft.AspNetCore.Routing.RouteEndpoint"' (99874f2b)
2025-09-16T02:00:04.7834466+03:00 0HNFKLE52C0UP:00000037 [INF] Executed endpoint '"Microsoft.AspNetCore.Routing.RouteEndpoint"' (99874f2b)
2025-09-16T02:00:04.7834934+03:00 0HNFKLE52C0UP:00000043 [INF] Executed endpoint '"Microsoft.AspNetCore.Routing.RouteEndpoint"' (99874f2b)
2025-09-16T02:00:04.7834939+03:00 0HNFKLE52C0UP:0000003D [INF] Executed endpoint '"Microsoft.AspNetCore.Routing.RouteEndpoint"' (99874f2b)
2025-09-16T02:00:04.7834939+03:00 0HNFKLE52C0UP:00000035 [INF] Executed endpoint '"Microsoft.AspNetCore.Routing.RouteEndpoint"' (99874f2b)
2025-09-16T02:00:04.7836269+03:00 0HNFKLE52C0UP:0000003F [INF] Request finished "HTTP/2" "GET" "https"://"localhost:7287""""/soft-ui-dashboard/assets/img/ivana-square.jpg""" - 304 null "image/jpeg" 70.8434ms (74253ad3)
2025-09-16T02:00:04.7836269+03:00 0HNFKLE52C0UP:00000037 [INF] Request finished "HTTP/2" "GET" "https"://"localhost:7287""""/sneat-1.0.0/assets/js/dashboards-analytics.js""" - 304 null "text/javascript" 72.811ms (74253ad3)
2025-09-16T02:00:04.7836635+03:00 0HNFKLE52C0UP:00000043 [INF] Request finished "HTTP/2" "GET" "https"://"localhost:7287""""/sneat-1.0.0/assets/vendor/fonts/boxicons/boxicons.woff2""" - 304 null "font/woff2" 33.5203ms (74253ad3)
2025-09-16T02:00:04.7836636+03:00 0HNFKLE52C0UP:00000035 [INF] Request finished "HTTP/2" "GET" "https"://"localhost:7287""""/sneat-1.0.0/assets/js/main.js""" - 304 null "text/javascript" 72.8937ms (74253ad3)
2025-09-16T02:00:04.7836664+03:00 0HNFKLE52C0UP:0000003D [INF] Request finished "HTTP/2" "GET" "https"://"localhost:7287""""/soft-ui-dashboard/assets/img/team-3.jpg""" - 304 null "image/jpeg" 71.0871ms (74253ad3)
